running egg_info
creating ../../build/vision_pkg/vision_pkg.egg-info
writing ../../build/vision_pkg/vision_pkg.egg-info/PKG-INFO
writing dependency_links to ../../build/vision_pkg/vision_pkg.egg-info/dependency_links.txt
writing requirements to ../../build/vision_pkg/vision_pkg.egg-info/requires.txt
writing top-level names to ../../build/vision_pkg/vision_pkg.egg-info/top_level.txt
writing manifest file '../../build/vision_pkg/vision_pkg.egg-info/SOURCES.txt'
reading manifest file '../../build/vision_pkg/vision_pkg.egg-info/SOURCES.txt'
writing manifest file '../../build/vision_pkg/vision_pkg.egg-info/SOURCES.txt'
running build
running build_py
creating /media/apolline/B2C2CC8EC2CC586D/apolline/Ecole/ENSTA/M2/IS/benoit-pai-rob/ros2_ws/build/vision_pkg/build
creating /media/apolline/B2C2CC8EC2CC586D/apolline/Ecole/ENSTA/M2/IS/benoit-pai-rob/ros2_ws/build/vision_pkg/build/lib
creating /media/apolline/B2C2CC8EC2CC586D/apolline/Ecole/ENSTA/M2/IS/benoit-pai-rob/ros2_ws/build/vision_pkg/build/lib/vision_pkg
copying vision_pkg/__init__.py -> /media/apolline/B2C2CC8EC2CC586D/apolline/Ecole/ENSTA/M2/IS/benoit-pai-rob/ros2_ws/build/vision_pkg/build/lib/vision_pkg
running install
/home/apolline/.local/lib/python3.10/site-packages/setuptools/_distutils/cmd.py:66: SetuptoolsDeprecationWarning: setup.py install is deprecated.
!!

        ********************************************************************************
        Please avoid running ``setup.py`` directly.
        Instead, use pypa/build, pypa/installer or other
        standards-based tools.

        See https://blog.ganssle.io/articles/2021/10/setup-py-deprecated.html for details.
        ********************************************************************************

!!
  self.initialize_options()
running install_lib
creating /media/apolline/B2C2CC8EC2CC586D/apolline/Ecole/ENSTA/M2/IS/benoit-pai-rob/ros2_ws/install/vision_pkg/lib/python3.10/site-packages/vision_pkg
copying /media/apolline/B2C2CC8EC2CC586D/apolline/Ecole/ENSTA/M2/IS/benoit-pai-rob/ros2_ws/build/vision_pkg/build/lib/vision_pkg/__init__.py -> /media/apolline/B2C2CC8EC2CC586D/apolline/Ecole/ENSTA/M2/IS/benoit-pai-rob/ros2_ws/install/vision_pkg/lib/python3.10/site-packages/vision_pkg
byte-compiling /media/apolline/B2C2CC8EC2CC586D/apolline/Ecole/ENSTA/M2/IS/benoit-pai-rob/ros2_ws/install/vision_pkg/lib/python3.10/site-packages/vision_pkg/__init__.py to __init__.cpython-310.pyc
running install_data
creating /media/apolline/B2C2CC8EC2CC586D/apolline/Ecole/ENSTA/M2/IS/benoit-pai-rob/ros2_ws/install/vision_pkg/share/ament_index
creating /media/apolline/B2C2CC8EC2CC586D/apolline/Ecole/ENSTA/M2/IS/benoit-pai-rob/ros2_ws/install/vision_pkg/share/ament_index/resource_index
creating /media/apolline/B2C2CC8EC2CC586D/apolline/Ecole/ENSTA/M2/IS/benoit-pai-rob/ros2_ws/install/vision_pkg/share/ament_index/resource_index/packages
copying resource/vision_pkg -> /media/apolline/B2C2CC8EC2CC586D/apolline/Ecole/ENSTA/M2/IS/benoit-pai-rob/ros2_ws/install/vision_pkg/share/ament_index/resource_index/packages
copying package.xml -> /media/apolline/B2C2CC8EC2CC586D/apolline/Ecole/ENSTA/M2/IS/benoit-pai-rob/ros2_ws/install/vision_pkg/share/vision_pkg
warning: install_data: setup script did not provide a directory for 'share/vision_pkg/models' -- installing right in '/media/apolline/B2C2CC8EC2CC586D/apolline/Ecole/ENSTA/M2/IS/benoit-pai-rob/ros2_ws/install/vision_pkg'

error: can't copy 'share/vision_pkg/models': doesn't exist or not a regular file
