[0.802s] Invoking command in '/media/apolline/B2C2CC8EC2CC586D/apolline/Ecole/ENSTA/M2/IS/benoit-pai-rob/ros2_ws/src/vision_pkg': PYTHONPATH=/media/apolline/B2C2CC8EC2CC586D/apolline/Ecole/ENSTA/M2/IS/benoit-pai-rob/ros2_ws/build/vision_pkg/prefix_override:/media/apolline/B2C2CC8EC2CC586D/apolline/Ecole/ENSTA/M2/IS/benoit-pai-rob/ros2_ws/install/vision_pkg/lib/python3.10/site-packages:${PYTHONPATH} /usr/bin/python3 setup.py egg_info --egg-base ../../build/vision_pkg build --build-base /media/apolline/B2C2CC8EC2CC586D/apolline/Ecole/ENSTA/M2/IS/benoit-pai-rob/ros2_ws/build/vision_pkg/build install --record /media/apolline/B2C2CC8EC2CC586D/apolline/Ecole/ENSTA/M2/IS/benoit-pai-rob/ros2_ws/build/vision_pkg/install.log --single-version-externally-managed
[0.972s] running egg_info
[0.972s] creating ../../build/vision_pkg/vision_pkg.egg-info
[0.984s] writing ../../build/vision_pkg/vision_pkg.egg-info/PKG-INFO
[0.985s] writing dependency_links to ../../build/vision_pkg/vision_pkg.egg-info/dependency_links.txt
[0.986s] writing requirements to ../../build/vision_pkg/vision_pkg.egg-info/requires.txt
[0.986s] writing top-level names to ../../build/vision_pkg/vision_pkg.egg-info/top_level.txt
[1.061s] writing manifest file '../../build/vision_pkg/vision_pkg.egg-info/SOURCES.txt'
[1.082s] reading manifest file '../../build/vision_pkg/vision_pkg.egg-info/SOURCES.txt'
[1.084s] writing manifest file '../../build/vision_pkg/vision_pkg.egg-info/SOURCES.txt'
[1.084s] running build
[1.084s] running build_py
[1.085s] creating /media/apolline/B2C2CC8EC2CC586D/apolline/Ecole/ENSTA/M2/IS/benoit-pai-rob/ros2_ws/build/vision_pkg/build
[1.085s] creating /media/apolline/B2C2CC8EC2CC586D/apolline/Ecole/ENSTA/M2/IS/benoit-pai-rob/ros2_ws/build/vision_pkg/build/lib
[1.085s] creating /media/apolline/B2C2CC8EC2CC586D/apolline/Ecole/ENSTA/M2/IS/benoit-pai-rob/ros2_ws/build/vision_pkg/build/lib/vision_pkg
[1.086s] copying vision_pkg/__init__.py -> /media/apolline/B2C2CC8EC2CC586D/apolline/Ecole/ENSTA/M2/IS/benoit-pai-rob/ros2_ws/build/vision_pkg/build/lib/vision_pkg
[1.086s] running install
[1.087s] /home/apolline/.local/lib/python3.10/site-packages/setuptools/_distutils/cmd.py:66: SetuptoolsDeprecationWarning: setup.py install is deprecated.
[1.087s] !!
[1.087s] 
[1.088s]         ********************************************************************************
[1.088s]         Please avoid running ``setup.py`` directly.
[1.088s]         Instead, use pypa/build, pypa/installer or other
[1.088s]         standards-based tools.
[1.089s] 
[1.089s]         See https://blog.ganssle.io/articles/2021/10/setup-py-deprecated.html for details.
[1.089s]         ********************************************************************************
[1.089s] 
[1.090s] !!
[1.090s]   self.initialize_options()
[1.090s] running install_lib
[1.101s] creating /media/apolline/B2C2CC8EC2CC586D/apolline/Ecole/ENSTA/M2/IS/benoit-pai-rob/ros2_ws/install/vision_pkg/lib/python3.10/site-packages/vision_pkg
[1.102s] copying /media/apolline/B2C2CC8EC2CC586D/apolline/Ecole/ENSTA/M2/IS/benoit-pai-rob/ros2_ws/build/vision_pkg/build/lib/vision_pkg/__init__.py -> /media/apolline/B2C2CC8EC2CC586D/apolline/Ecole/ENSTA/M2/IS/benoit-pai-rob/ros2_ws/install/vision_pkg/lib/python3.10/site-packages/vision_pkg
[1.104s] byte-compiling /media/apolline/B2C2CC8EC2CC586D/apolline/Ecole/ENSTA/M2/IS/benoit-pai-rob/ros2_ws/install/vision_pkg/lib/python3.10/site-packages/vision_pkg/__init__.py to __init__.cpython-310.pyc
[1.106s] running install_data
[1.116s] creating /media/apolline/B2C2CC8EC2CC586D/apolline/Ecole/ENSTA/M2/IS/benoit-pai-rob/ros2_ws/install/vision_pkg/share/ament_index
[1.117s] creating /media/apolline/B2C2CC8EC2CC586D/apolline/Ecole/ENSTA/M2/IS/benoit-pai-rob/ros2_ws/install/vision_pkg/share/ament_index/resource_index
[1.117s] creating /media/apolline/B2C2CC8EC2CC586D/apolline/Ecole/ENSTA/M2/IS/benoit-pai-rob/ros2_ws/install/vision_pkg/share/ament_index/resource_index/packages
[1.118s] copying resource/vision_pkg -> /media/apolline/B2C2CC8EC2CC586D/apolline/Ecole/ENSTA/M2/IS/benoit-pai-rob/ros2_ws/install/vision_pkg/share/ament_index/resource_index/packages
[1.118s] copying package.xml -> /media/apolline/B2C2CC8EC2CC586D/apolline/Ecole/ENSTA/M2/IS/benoit-pai-rob/ros2_ws/install/vision_pkg/share/vision_pkg
[1.119s] warning: install_data: setup script did not provide a directory for 'share/vision_pkg/models' -- installing right in '/media/apolline/B2C2CC8EC2CC586D/apolline/Ecole/ENSTA/M2/IS/benoit-pai-rob/ros2_ws/install/vision_pkg'
[1.119s] 
[1.120s] error: can't copy 'share/vision_pkg/models': doesn't exist or not a regular file
[1.142s] Invoked command in '/media/apolline/B2C2CC8EC2CC586D/apolline/Ecole/ENSTA/M2/IS/benoit-pai-rob/ros2_ws/src/vision_pkg' returned '1': PYTHONPATH=/media/apolline/B2C2CC8EC2CC586D/apolline/Ecole/ENSTA/M2/IS/benoit-pai-rob/ros2_ws/build/vision_pkg/prefix_override:/media/apolline/B2C2CC8EC2CC586D/apolline/Ecole/ENSTA/M2/IS/benoit-pai-rob/ros2_ws/install/vision_pkg/lib/python3.10/site-packages:${PYTHONPATH} /usr/bin/python3 setup.py egg_info --egg-base ../../build/vision_pkg build --build-base /media/apolline/B2C2CC8EC2CC586D/apolline/Ecole/ENSTA/M2/IS/benoit-pai-rob/ros2_ws/build/vision_pkg/build install --record /media/apolline/B2C2CC8EC2CC586D/apolline/Ecole/ENSTA/M2/IS/benoit-pai-rob/ros2_ws/build/vision_pkg/install.log --single-version-externally-managed
