[0.185s] Invoking command in '/media/apolline/B2C2CC8EC2CC586D/apolline/Ecole/ENSTA/M2/IS/benoit-pai-rob/ros2_ws/build/benoit_pairob': CMAKE_PREFIX_PATH=/opt/ros/humble /usr/bin/cmake /media/apolline/B2C2CC8EC2CC586D/apolline/Ecole/ENSTA/M2/IS/benoit-pai-rob/ros2_ws/src/benoit_pairob -DCMAKE_INSTALL_PREFIX=/media/apolline/B2C2CC8EC2CC586D/apolline/Ecole/ENSTA/M2/IS/benoit-pai-rob/ros2_ws/install/benoit_pairob
[0.352s] -- The C compiler identification is GNU 11.4.0
[0.352s] -- The CXX compiler identification is GNU 11.4.0
[0.352s] -- Detecting C compiler ABI info
[0.352s] -- Detecting C compiler ABI info - done
[0.352s] -- Check for working C compiler: /usr/bin/cc - skipped
[0.353s] -- Detecting C compile features
[0.353s] -- Detecting C compile features - done
[0.353s] -- Detecting CXX compiler ABI info
[0.361s] -- Detecting CXX compiler ABI info - done
[0.369s] -- Check for working CXX compiler: /usr/bin/c++ - skipped
[0.370s] -- Detecting CXX compile features
[0.370s] -- Detecting CXX compile features - done
[0.372s] -- Found ament_cmake: 1.3.5 (/opt/ros/humble/share/ament_cmake/cmake)
[0.671s] -- Found Python3: /usr/bin/python3.10 (found version "3.10.12") found components: Interpreter 
[0.738s] -- Found ament_lint_auto: 0.12.8 (/opt/ros/humble/share/ament_lint_auto/cmake)
[0.798s] -- Added test 'flake8' to check Python code syntax and style conventions
[0.798s] -- Added test 'lint_cmake' to check CMake code style
[0.798s] -- Added test 'pep257' to check Python code against some of the docstring style conventions in PEP 257
[0.799s] -- Added test 'xmllint' to check XML markup files
[0.800s] -- Configuring done
[0.803s] -- Generating done
[0.804s] -- Build files have been written to: /media/apolline/B2C2CC8EC2CC586D/apolline/Ecole/ENSTA/M2/IS/benoit-pai-rob/ros2_ws/build/benoit_pairob
[0.891s] Invoked command in '/media/apolline/B2C2CC8EC2CC586D/apolline/Ecole/ENSTA/M2/IS/benoit-pai-rob/ros2_ws/build/benoit_pairob' returned '0': CMAKE_PREFIX_PATH=/opt/ros/humble /usr/bin/cmake /media/apolline/B2C2CC8EC2CC586D/apolline/Ecole/ENSTA/M2/IS/benoit-pai-rob/ros2_ws/src/benoit_pairob -DCMAKE_INSTALL_PREFIX=/media/apolline/B2C2CC8EC2CC586D/apolline/Ecole/ENSTA/M2/IS/benoit-pai-rob/ros2_ws/install/benoit_pairob
[0.892s] Invoking command in '/media/apolline/B2C2CC8EC2CC586D/apolline/Ecole/ENSTA/M2/IS/benoit-pai-rob/ros2_ws/build/benoit_pairob': CMAKE_PREFIX_PATH=/opt/ros/humble /usr/bin/cmake --build /media/apolline/B2C2CC8EC2CC586D/apolline/Ecole/ENSTA/M2/IS/benoit-pai-rob/ros2_ws/build/benoit_pairob -- -j16 -l16
[1.011s] Invoked command in '/media/apolline/B2C2CC8EC2CC586D/apolline/Ecole/ENSTA/M2/IS/benoit-pai-rob/ros2_ws/build/benoit_pairob' returned '0': CMAKE_PREFIX_PATH=/opt/ros/humble /usr/bin/cmake --build /media/apolline/B2C2CC8EC2CC586D/apolline/Ecole/ENSTA/M2/IS/benoit-pai-rob/ros2_ws/build/benoit_pairob -- -j16 -l16
[1.024s] Invoking command in '/media/apolline/B2C2CC8EC2CC586D/apolline/Ecole/ENSTA/M2/IS/benoit-pai-rob/ros2_ws/build/benoit_pairob': CMAKE_PREFIX_PATH=/opt/ros/humble /usr/bin/cmake --install /media/apolline/B2C2CC8EC2CC586D/apolline/Ecole/ENSTA/M2/IS/benoit-pai-rob/ros2_ws/build/benoit_pairob
[1.028s] -- Install configuration: ""
[1.029s] -- Installing: /media/apolline/B2C2CC8EC2CC586D/apolline/Ecole/ENSTA/M2/IS/benoit-pai-rob/ros2_ws/install/benoit_pairob/share/benoit_pairob/src
[1.029s] -- Installing: /media/apolline/B2C2CC8EC2CC586D/apolline/Ecole/ENSTA/M2/IS/benoit-pai-rob/ros2_ws/install/benoit_pairob/share/benoit_pairob/src/description
[1.029s] -- Installing: /media/apolline/B2C2CC8EC2CC586D/apolline/Ecole/ENSTA/M2/IS/benoit-pai-rob/ros2_ws/install/benoit_pairob/share/benoit_pairob/src/description/benoit_pairob_description.urdf
[1.029s] -- Installing: /media/apolline/B2C2CC8EC2CC586D/apolline/Ecole/ENSTA/M2/IS/benoit-pai-rob/ros2_ws/install/benoit_pairob/share/benoit_pairob/launch
[1.029s] -- Installing: /media/apolline/B2C2CC8EC2CC586D/apolline/Ecole/ENSTA/M2/IS/benoit-pai-rob/ros2_ws/install/benoit_pairob/share/benoit_pairob/launch/display.launch.py
[1.029s] -- Installing: /media/apolline/B2C2CC8EC2CC586D/apolline/Ecole/ENSTA/M2/IS/benoit-pai-rob/ros2_ws/install/benoit_pairob/share/benoit_pairob/rviz
[1.029s] -- Installing: /media/apolline/B2C2CC8EC2CC586D/apolline/Ecole/ENSTA/M2/IS/benoit-pai-rob/ros2_ws/install/benoit_pairob/share/benoit_pairob/rviz/urdf_config.rviz
[1.029s] -- Installing: /media/apolline/B2C2CC8EC2CC586D/apolline/Ecole/ENSTA/M2/IS/benoit-pai-rob/ros2_ws/install/benoit_pairob/share/ament_index/resource_index/package_run_dependencies/benoit_pairob
[1.029s] -- Installing: /media/apolline/B2C2CC8EC2CC586D/apolline/Ecole/ENSTA/M2/IS/benoit-pai-rob/ros2_ws/install/benoit_pairob/share/ament_index/resource_index/parent_prefix_path/benoit_pairob
[1.030s] -- Installing: /media/apolline/B2C2CC8EC2CC586D/apolline/Ecole/ENSTA/M2/IS/benoit-pai-rob/ros2_ws/install/benoit_pairob/share/benoit_pairob/environment/ament_prefix_path.sh
[1.030s] -- Installing: /media/apolline/B2C2CC8EC2CC586D/apolline/Ecole/ENSTA/M2/IS/benoit-pai-rob/ros2_ws/install/benoit_pairob/share/benoit_pairob/environment/ament_prefix_path.dsv
[1.030s] -- Installing: /media/apolline/B2C2CC8EC2CC586D/apolline/Ecole/ENSTA/M2/IS/benoit-pai-rob/ros2_ws/install/benoit_pairob/share/benoit_pairob/environment/path.sh
[1.030s] -- Installing: /media/apolline/B2C2CC8EC2CC586D/apolline/Ecole/ENSTA/M2/IS/benoit-pai-rob/ros2_ws/install/benoit_pairob/share/benoit_pairob/environment/path.dsv
[1.030s] -- Installing: /media/apolline/B2C2CC8EC2CC586D/apolline/Ecole/ENSTA/M2/IS/benoit-pai-rob/ros2_ws/install/benoit_pairob/share/benoit_pairob/local_setup.bash
[1.030s] -- Installing: /media/apolline/B2C2CC8EC2CC586D/apolline/Ecole/ENSTA/M2/IS/benoit-pai-rob/ros2_ws/install/benoit_pairob/share/benoit_pairob/local_setup.sh
[1.030s] -- Installing: /media/apolline/B2C2CC8EC2CC586D/apolline/Ecole/ENSTA/M2/IS/benoit-pai-rob/ros2_ws/install/benoit_pairob/share/benoit_pairob/local_setup.zsh
[1.030s] -- Installing: /media/apolline/B2C2CC8EC2CC586D/apolline/Ecole/ENSTA/M2/IS/benoit-pai-rob/ros2_ws/install/benoit_pairob/share/benoit_pairob/local_setup.dsv
[1.030s] -- Installing: /media/apolline/B2C2CC8EC2CC586D/apolline/Ecole/ENSTA/M2/IS/benoit-pai-rob/ros2_ws/install/benoit_pairob/share/benoit_pairob/package.dsv
[1.030s] -- Installing: /media/apolline/B2C2CC8EC2CC586D/apolline/Ecole/ENSTA/M2/IS/benoit-pai-rob/ros2_ws/install/benoit_pairob/share/ament_index/resource_index/packages/benoit_pairob
[1.030s] -- Installing: /media/apolline/B2C2CC8EC2CC586D/apolline/Ecole/ENSTA/M2/IS/benoit-pai-rob/ros2_ws/install/benoit_pairob/share/benoit_pairob/cmake/benoit_pairobConfig.cmake
[1.030s] -- Installing: /media/apolline/B2C2CC8EC2CC586D/apolline/Ecole/ENSTA/M2/IS/benoit-pai-rob/ros2_ws/install/benoit_pairob/share/benoit_pairob/cmake/benoit_pairobConfig-version.cmake
[1.031s] -- Installing: /media/apolline/B2C2CC8EC2CC586D/apolline/Ecole/ENSTA/M2/IS/benoit-pai-rob/ros2_ws/install/benoit_pairob/share/benoit_pairob/package.xml
[1.031s] Invoked command in '/media/apolline/B2C2CC8EC2CC586D/apolline/Ecole/ENSTA/M2/IS/benoit-pai-rob/ros2_ws/build/benoit_pairob' returned '0': CMAKE_PREFIX_PATH=/opt/ros/humble /usr/bin/cmake --install /media/apolline/B2C2CC8EC2CC586D/apolline/Ecole/ENSTA/M2/IS/benoit-pai-rob/ros2_ws/build/benoit_pairob
