[35m[1mConsolidate compiler generated dependencies of target tennis_court__rosidl_generator_c[0m
[  2%] Built target tennis_court__cpp
[ 11%] Built target tennis_court__rosidl_generator_c
[35m[1mConsolidate compiler generated dependencies of target tennis_court__rosidl_typesupport_cpp[0m
[35m[1mConsolidate compiler generated dependencies of target tennis_court__rosidl_typesupport_introspection_cpp[0m
[ 11%] Built target ament_cmake_python_copy_scripts
[35m[1mConsolidate compiler generated dependencies of target tennis_court__rosidl_typesupport_fastrtps_cpp[0m
[35m[1mConsolidate compiler generated dependencies of target tennis_court__rosidl_typesupport_c[0m
[35m[1mConsolidate compiler generated dependencies of target tennis_court__rosidl_typesupport_introspection_c[0m
[35m[1mConsolidate compiler generated dependencies of target tennis_court__rosidl_typesupport_fastrtps_c[0m
[ 20%] Built target tennis_court__rosidl_typesupport_c
[ 28%] Built target tennis_court__rosidl_typesupport_introspection_c
[ 28%] Built target ament_cmake_python_copy_tennis_court
[ 37%] Built target tennis_court__rosidl_typesupport_cpp
[ 45%] Built target tennis_court__rosidl_typesupport_introspection_cpp
[ 54%] Built target tennis_court__rosidl_typesupport_fastrtps_cpp
[ 62%] Built target tennis_court__rosidl_typesupport_fastrtps_c
[ 65%] [34m[1mAutomatic MOC for target gui_tennis_court_overlay[0m
[ 65%] Built target tennis_court
[ 65%] Built target gui_tennis_court_overlay_autogen
[ 68%] Built target tennis_court__py
[35m[1mConsolidate compiler generated dependencies of target gui_tennis_court_overlay[0m
[35m[1mConsolidate compiler generated dependencies of target tennis_court__rosidl_generator_py[0m
[ 74%] Built target tennis_court__rosidl_generator_py
[35m[1mConsolidate compiler generated dependencies of target tennis_court__rosidl_typesupport_introspection_c__pyext[0m
[35m[1mConsolidate compiler generated dependencies of target tennis_court__rosidl_typesupport_fastrtps_c__pyext[0m
[35m[1mConsolidate compiler generated dependencies of target tennis_court__rosidl_typesupport_c__pyext[0m
running egg_info
writing scripts.egg-info/PKG-INFO
[ 85%] Built target tennis_court__rosidl_typesupport_introspection_c__pyext
[ 85%] Built target tennis_court__rosidl_typesupport_fastrtps_c__pyext
writing dependency_links to scripts.egg-info/dependency_links.txt
writing top-level names to scripts.egg-info/top_level.txt
[ 91%] Built target tennis_court__rosidl_typesupport_c__pyext
running egg_info
writing tennis_court.egg-info/PKG-INFO
writing dependency_links to tennis_court.egg-info/dependency_links.txt
writing top-level names to tennis_court.egg-info/top_level.txt
reading manifest file 'scripts.egg-info/SOURCES.txt'
writing manifest file 'scripts.egg-info/SOURCES.txt'
[ 91%] Built target ament_cmake_python_build_scripts_egg
reading manifest file 'tennis_court.egg-info/SOURCES.txt'
writing manifest file 'tennis_court.egg-info/SOURCES.txt'
[ 91%] Built target ament_cmake_python_build_tennis_court_egg
[100%] Built target gui_tennis_court_overlay
