[0.085s] Invoking command in '/media/apolline/B2C2CC8EC2CC586D/apolline/Ecole/ENSTA/M2/IS/benoit-pai-rob/ros2_ws/build/tennis_court': CMAKE_PREFIX_PATH=/opt/ros/humble /usr/bin/cmake --build /media/apolline/B2C2CC8EC2CC586D/apolline/Ecole/ENSTA/M2/IS/benoit-pai-rob/ros2_ws/build/tennis_court -- -j16 -l16
[0.121s] [35m[1mConsolidate compiler generated dependencies of target tennis_court__rosidl_generator_c[0m
[0.140s] [  2%] Built target tennis_court__cpp
[0.149s] [ 11%] Built target tennis_court__rosidl_generator_c
[0.152s] [35m[1mConsolidate compiler generated dependencies of target tennis_court__rosidl_typesupport_cpp[0m
[0.154s] [35m[1mConsolidate compiler generated dependencies of target tennis_court__rosidl_typesupport_introspection_cpp[0m
[0.155s] [ 11%] Built target ament_cmake_python_copy_scripts
[0.157s] [35m[1mConsolidate compiler generated dependencies of target tennis_court__rosidl_typesupport_fastrtps_cpp[0m
[0.164s] [35m[1mConsolidate compiler generated dependencies of target tennis_court__rosidl_typesupport_c[0m
[0.165s] [35m[1mConsolidate compiler generated dependencies of target tennis_court__rosidl_typesupport_introspection_c[0m
[0.166s] [35m[1mConsolidate compiler generated dependencies of target tennis_court__rosidl_typesupport_fastrtps_c[0m
[0.188s] [ 20%] Built target tennis_court__rosidl_typesupport_c
[0.191s] [ 28%] Built target tennis_court__rosidl_typesupport_introspection_c
[0.192s] [ 28%] Built target ament_cmake_python_copy_tennis_court
[0.196s] [ 37%] Built target tennis_court__rosidl_typesupport_cpp
[0.201s] [ 45%] Built target tennis_court__rosidl_typesupport_introspection_cpp
[0.205s] [ 54%] Built target tennis_court__rosidl_typesupport_fastrtps_cpp
[0.209s] [ 62%] Built target tennis_court__rosidl_typesupport_fastrtps_c
[0.212s] [ 65%] [34m[1mAutomatic MOC for target gui_tennis_court_overlay[0m
[0.226s] [ 65%] Built target tennis_court
[0.236s] [ 65%] Built target gui_tennis_court_overlay_autogen
[0.245s] [ 68%] Built target tennis_court__py
[0.247s] [35m[1mConsolidate compiler generated dependencies of target gui_tennis_court_overlay[0m
[0.253s] [35m[1mConsolidate compiler generated dependencies of target tennis_court__rosidl_generator_py[0m
[0.283s] [ 74%] Built target tennis_court__rosidl_generator_py
[0.293s] [35m[1mConsolidate compiler generated dependencies of target tennis_court__rosidl_typesupport_introspection_c__pyext[0m
[0.293s] [35m[1mConsolidate compiler generated dependencies of target tennis_court__rosidl_typesupport_fastrtps_c__pyext[0m
[0.297s] [35m[1mConsolidate compiler generated dependencies of target tennis_court__rosidl_typesupport_c__pyext[0m
[0.323s] running egg_info
[0.334s] writing scripts.egg-info/PKG-INFO
[0.335s] [ 85%] Built target tennis_court__rosidl_typesupport_introspection_c__pyext
[0.335s] [ 85%] Built target tennis_court__rosidl_typesupport_fastrtps_c__pyext
[0.336s] writing dependency_links to scripts.egg-info/dependency_links.txt
[0.336s] writing top-level names to scripts.egg-info/top_level.txt
[0.338s] [ 91%] Built target tennis_court__rosidl_typesupport_c__pyext
[0.352s] running egg_info
[0.374s] writing tennis_court.egg-info/PKG-INFO
[0.376s] writing dependency_links to tennis_court.egg-info/dependency_links.txt
[0.376s] writing top-level names to tennis_court.egg-info/top_level.txt
[0.437s] reading manifest file 'scripts.egg-info/SOURCES.txt'
[0.438s] writing manifest file 'scripts.egg-info/SOURCES.txt'
[0.459s] [ 91%] Built target ament_cmake_python_build_scripts_egg
[0.485s] reading manifest file 'tennis_court.egg-info/SOURCES.txt'
[0.486s] writing manifest file 'tennis_court.egg-info/SOURCES.txt'
[0.508s] [ 91%] Built target ament_cmake_python_build_tennis_court_egg
[0.520s] [100%] Built target gui_tennis_court_overlay
