[0.073s] Invoking command in '/media/apolline/B2C2CC8EC2CC586D/apolline/Ecole/ENSTA/M2/IS/benoit-pai-rob/ros2_ws/build/tennis_court': CMAKE_PREFIX_PATH=/opt/ros/humble /usr/bin/cmake --build /media/apolline/B2C2CC8EC2CC586D/apolline/Ecole/ENSTA/M2/IS/benoit-pai-rob/ros2_ws/build/tennis_court -- -j16 -l16
[0.104s] [ 11%] Built target tennis_court__cpp
[0.104s] [ 11%] Built target tennis_court__rosidl_generator_c
[0.115s] [ 11%] Built target ament_cmake_python_copy_scripts
[0.117s] [ 11%] Built target ament_cmake_python_copy_tennis_court
[0.121s] [ 20%] Built target tennis_court__rosidl_typesupport_introspection_c
[0.123s] [ 28%] Built target tennis_court__rosidl_typesupport_fastrtps_cpp
[0.124s] [ 42%] Built target tennis_court__rosidl_typesupport_c
[0.124s] [ 45%] Built target tennis_court__rosidl_typesupport_introspection_cpp
[0.126s] [ 54%] Built target tennis_court__rosidl_typesupport_cpp
[0.132s] [ 62%] Built target tennis_court__rosidl_typesupport_fastrtps_c
[0.143s] [ 65%] [34m[1mAutomatic MOC for target gui_tennis_court_overlay[0m
[0.151s] [ 65%] Built target tennis_court
[0.163s] [ 65%] Built target gui_tennis_court_overlay_autogen
[0.166s] [ 68%] Built target tennis_court__py
[0.181s] [ 74%] Built target tennis_court__rosidl_generator_py
[0.203s] [ 91%] Built target tennis_court__rosidl_typesupport_introspection_c__pyext
[0.203s] [ 91%] Built target tennis_court__rosidl_typesupport_c__pyext
[0.203s] [ 91%] Built target tennis_court__rosidl_typesupport_fastrtps_c__pyext
[0.207s] [100%] Built target gui_tennis_court_overlay
[0.257s] running egg_info
[0.258s] running egg_info
[0.267s] writing scripts.egg-info/PKG-INFO
[0.267s] writing dependency_links to scripts.egg-info/dependency_links.txt
[0.268s] writing top-level names to scripts.egg-info/top_level.txt
[0.270s] writing tennis_court.egg-info/PKG-INFO
[0.270s] writing dependency_links to tennis_court.egg-info/dependency_links.txt
[0.270s] writing top-level names to tennis_court.egg-info/top_level.txt
[0.370s] reading manifest file 'scripts.egg-info/SOURCES.txt'
[0.370s] writing manifest file 'scripts.egg-info/SOURCES.txt'
[0.378s] reading manifest file 'tennis_court.egg-info/SOURCES.txt'
[0.378s] writing manifest file 'tennis_court.egg-info/SOURCES.txt'
[0.396s] [100%] Built target ament_cmake_python_build_scripts_egg
[0.402s] [100%] Built target ament_cmake_python_build_tennis_court_egg
[0.435s] Invoked command in '/media/apolline/B2C2CC8EC2CC586D/apolline/Ecole/ENSTA/M2/IS/benoit-pai-rob/ros2_ws/build/tennis_court' returned '0': CMAKE_PREFIX_PATH=/opt/ros/humble /usr/bin/cmake --build /media/apolline/B2C2CC8EC2CC586D/apolline/Ecole/ENSTA/M2/IS/benoit-pai-rob/ros2_ws/build/tennis_court -- -j16 -l16
[0.469s] Invoking command in '/media/apolline/B2C2CC8EC2CC586D/apolline/Ecole/ENSTA/M2/IS/benoit-pai-rob/ros2_ws/build/tennis_court': CMAKE_PREFIX_PATH=/opt/ros/humble /usr/bin/cmake --install /media/apolline/B2C2CC8EC2CC586D/apolline/Ecole/ENSTA/M2/IS/benoit-pai-rob/ros2_ws/build/tennis_court
[0.476s] -- Install configuration: ""
[0.476s] -- Up-to-date: /media/apolline/B2C2CC8EC2CC586D/apolline/Ecole/ENSTA/M2/IS/benoit-pai-rob/ros2_ws/install/tennis_court/share/ament_index/resource_index/rosidl_interfaces/tennis_court
[0.476s] -- Up-to-date: /media/apolline/B2C2CC8EC2CC586D/apolline/Ecole/ENSTA/M2/IS/benoit-pai-rob/ros2_ws/install/tennis_court/include/tennis_court/tennis_court
[0.476s] -- Up-to-date: /media/apolline/B2C2CC8EC2CC586D/apolline/Ecole/ENSTA/M2/IS/benoit-pai-rob/ros2_ws/install/tennis_court/include/tennis_court/tennis_court/msg
[0.476s] -- Up-to-date: /media/apolline/B2C2CC8EC2CC586D/apolline/Ecole/ENSTA/M2/IS/benoit-pai-rob/ros2_ws/install/tennis_court/include/tennis_court/tennis_court/msg/ball_manager_stats.h
[0.476s] -- Up-to-date: /media/apolline/B2C2CC8EC2CC586D/apolline/Ecole/ENSTA/M2/IS/benoit-pai-rob/ros2_ws/install/tennis_court/include/tennis_court/tennis_court/msg/detail
[0.476s] -- Up-to-date: /media/apolline/B2C2CC8EC2CC586D/apolline/Ecole/ENSTA/M2/IS/benoit-pai-rob/ros2_ws/install/tennis_court/include/tennis_court/tennis_court/msg/detail/ball_manager_stats__functions.c
[0.476s] -- Up-to-date: /media/apolline/B2C2CC8EC2CC586D/apolline/Ecole/ENSTA/M2/IS/benoit-pai-rob/ros2_ws/install/tennis_court/include/tennis_court/tennis_court/msg/detail/ball_manager_stats__functions.h
[0.476s] -- Up-to-date: /media/apolline/B2C2CC8EC2CC586D/apolline/Ecole/ENSTA/M2/IS/benoit-pai-rob/ros2_ws/install/tennis_court/include/tennis_court/tennis_court/msg/detail/ball_manager_stats__struct.h
[0.476s] -- Up-to-date: /media/apolline/B2C2CC8EC2CC586D/apolline/Ecole/ENSTA/M2/IS/benoit-pai-rob/ros2_ws/install/tennis_court/include/tennis_court/tennis_court/msg/detail/ball_manager_stats__type_support.h
[0.476s] -- Up-to-date: /media/apolline/B2C2CC8EC2CC586D/apolline/Ecole/ENSTA/M2/IS/benoit-pai-rob/ros2_ws/install/tennis_court/include/tennis_court/tennis_court/msg/rosidl_generator_c__visibility_control.h
[0.476s] -- Up-to-date: /media/apolline/B2C2CC8EC2CC586D/apolline/Ecole/ENSTA/M2/IS/benoit-pai-rob/ros2_ws/install/tennis_court/share/tennis_court/environment/library_path.sh
[0.476s] -- Up-to-date: /media/apolline/B2C2CC8EC2CC586D/apolline/Ecole/ENSTA/M2/IS/benoit-pai-rob/ros2_ws/install/tennis_court/share/tennis_court/environment/library_path.dsv
[0.476s] -- Up-to-date: /media/apolline/B2C2CC8EC2CC586D/apolline/Ecole/ENSTA/M2/IS/benoit-pai-rob/ros2_ws/install/tennis_court/lib/libtennis_court__rosidl_generator_c.so
[0.476s] -- Up-to-date: /media/apolline/B2C2CC8EC2CC586D/apolline/Ecole/ENSTA/M2/IS/benoit-pai-rob/ros2_ws/install/tennis_court/include/tennis_court/tennis_court
[0.476s] -- Up-to-date: /media/apolline/B2C2CC8EC2CC586D/apolline/Ecole/ENSTA/M2/IS/benoit-pai-rob/ros2_ws/install/tennis_court/include/tennis_court/tennis_court/msg
[0.476s] -- Up-to-date: /media/apolline/B2C2CC8EC2CC586D/apolline/Ecole/ENSTA/M2/IS/benoit-pai-rob/ros2_ws/install/tennis_court/include/tennis_court/tennis_court/msg/detail
[0.476s] -- Up-to-date: /media/apolline/B2C2CC8EC2CC586D/apolline/Ecole/ENSTA/M2/IS/benoit-pai-rob/ros2_ws/install/tennis_court/include/tennis_court/tennis_court/msg/detail/ball_manager_stats__rosidl_typesupport_fastrtps_c.h
[0.476s] -- Up-to-date: /media/apolline/B2C2CC8EC2CC586D/apolline/Ecole/ENSTA/M2/IS/benoit-pai-rob/ros2_ws/install/tennis_court/include/tennis_court/tennis_court/msg/rosidl_typesupport_fastrtps_c__visibility_control.h
[0.476s] -- Up-to-date: /media/apolline/B2C2CC8EC2CC586D/apolline/Ecole/ENSTA/M2/IS/benoit-pai-rob/ros2_ws/install/tennis_court/lib/libtennis_court__rosidl_typesupport_fastrtps_c.so
[0.476s] -- Up-to-date: /media/apolline/B2C2CC8EC2CC586D/apolline/Ecole/ENSTA/M2/IS/benoit-pai-rob/ros2_ws/install/tennis_court/include/tennis_court/tennis_court
[0.476s] -- Up-to-date: /media/apolline/B2C2CC8EC2CC586D/apolline/Ecole/ENSTA/M2/IS/benoit-pai-rob/ros2_ws/install/tennis_court/include/tennis_court/tennis_court/msg
[0.476s] -- Up-to-date: /media/apolline/B2C2CC8EC2CC586D/apolline/Ecole/ENSTA/M2/IS/benoit-pai-rob/ros2_ws/install/tennis_court/include/tennis_court/tennis_court/msg/ball_manager_stats.hpp
[0.476s] -- Up-to-date: /media/apolline/B2C2CC8EC2CC586D/apolline/Ecole/ENSTA/M2/IS/benoit-pai-rob/ros2_ws/install/tennis_court/include/tennis_court/tennis_court/msg/detail
[0.476s] -- Up-to-date: /media/apolline/B2C2CC8EC2CC586D/apolline/Ecole/ENSTA/M2/IS/benoit-pai-rob/ros2_ws/install/tennis_court/include/tennis_court/tennis_court/msg/detail/ball_manager_stats__builder.hpp
[0.476s] -- Up-to-date: /media/apolline/B2C2CC8EC2CC586D/apolline/Ecole/ENSTA/M2/IS/benoit-pai-rob/ros2_ws/install/tennis_court/include/tennis_court/tennis_court/msg/detail/ball_manager_stats__struct.hpp
[0.476s] -- Up-to-date: /media/apolline/B2C2CC8EC2CC586D/apolline/Ecole/ENSTA/M2/IS/benoit-pai-rob/ros2_ws/install/tennis_court/include/tennis_court/tennis_court/msg/detail/ball_manager_stats__traits.hpp
[0.476s] -- Up-to-date: /media/apolline/B2C2CC8EC2CC586D/apolline/Ecole/ENSTA/M2/IS/benoit-pai-rob/ros2_ws/install/tennis_court/include/tennis_court/tennis_court
[0.476s] -- Up-to-date: /media/apolline/B2C2CC8EC2CC586D/apolline/Ecole/ENSTA/M2/IS/benoit-pai-rob/ros2_ws/install/tennis_court/include/tennis_court/tennis_court/msg
[0.477s] -- Up-to-date: /media/apolline/B2C2CC8EC2CC586D/apolline/Ecole/ENSTA/M2/IS/benoit-pai-rob/ros2_ws/install/tennis_court/include/tennis_court/tennis_court/msg/detail
[0.477s] -- Up-to-date: /media/apolline/B2C2CC8EC2CC586D/apolline/Ecole/ENSTA/M2/IS/benoit-pai-rob/ros2_ws/install/tennis_court/include/tennis_court/tennis_court/msg/detail/ball_manager_stats__rosidl_typesupport_fastrtps_cpp.hpp
[0.477s] -- Up-to-date: /media/apolline/B2C2CC8EC2CC586D/apolline/Ecole/ENSTA/M2/IS/benoit-pai-rob/ros2_ws/install/tennis_court/include/tennis_court/tennis_court/msg/detail/dds_fastrtps
[0.477s] -- Up-to-date: /media/apolline/B2C2CC8EC2CC586D/apolline/Ecole/ENSTA/M2/IS/benoit-pai-rob/ros2_ws/install/tennis_court/include/tennis_court/tennis_court/msg/rosidl_typesupport_fastrtps_cpp__visibility_control.h
[0.477s] -- Up-to-date: /media/apolline/B2C2CC8EC2CC586D/apolline/Ecole/ENSTA/M2/IS/benoit-pai-rob/ros2_ws/install/tennis_court/lib/libtennis_court__rosidl_typesupport_fastrtps_cpp.so
[0.477s] -- Up-to-date: /media/apolline/B2C2CC8EC2CC586D/apolline/Ecole/ENSTA/M2/IS/benoit-pai-rob/ros2_ws/install/tennis_court/include/tennis_court/tennis_court
[0.477s] -- Up-to-date: /media/apolline/B2C2CC8EC2CC586D/apolline/Ecole/ENSTA/M2/IS/benoit-pai-rob/ros2_ws/install/tennis_court/include/tennis_court/tennis_court/msg
[0.477s] -- Up-to-date: /media/apolline/B2C2CC8EC2CC586D/apolline/Ecole/ENSTA/M2/IS/benoit-pai-rob/ros2_ws/install/tennis_court/include/tennis_court/tennis_court/msg/detail
[0.477s] -- Up-to-date: /media/apolline/B2C2CC8EC2CC586D/apolline/Ecole/ENSTA/M2/IS/benoit-pai-rob/ros2_ws/install/tennis_court/include/tennis_court/tennis_court/msg/detail/ball_manager_stats__rosidl_typesupport_introspection_c.h
[0.477s] -- Up-to-date: /media/apolline/B2C2CC8EC2CC586D/apolline/Ecole/ENSTA/M2/IS/benoit-pai-rob/ros2_ws/install/tennis_court/include/tennis_court/tennis_court/msg/detail/ball_manager_stats__type_support.c
[0.477s] -- Up-to-date: /media/apolline/B2C2CC8EC2CC586D/apolline/Ecole/ENSTA/M2/IS/benoit-pai-rob/ros2_ws/install/tennis_court/include/tennis_court/tennis_court/msg/rosidl_typesupport_introspection_c__visibility_control.h
[0.477s] -- Up-to-date: /media/apolline/B2C2CC8EC2CC586D/apolline/Ecole/ENSTA/M2/IS/benoit-pai-rob/ros2_ws/install/tennis_court/lib/libtennis_court__rosidl_typesupport_introspection_c.so
[0.477s] -- Up-to-date: /media/apolline/B2C2CC8EC2CC586D/apolline/Ecole/ENSTA/M2/IS/benoit-pai-rob/ros2_ws/install/tennis_court/lib/libtennis_court__rosidl_typesupport_c.so
[0.477s] -- Up-to-date: /media/apolline/B2C2CC8EC2CC586D/apolline/Ecole/ENSTA/M2/IS/benoit-pai-rob/ros2_ws/install/tennis_court/include/tennis_court/tennis_court
[0.477s] -- Up-to-date: /media/apolline/B2C2CC8EC2CC586D/apolline/Ecole/ENSTA/M2/IS/benoit-pai-rob/ros2_ws/install/tennis_court/include/tennis_court/tennis_court/msg
[0.477s] -- Up-to-date: /media/apolline/B2C2CC8EC2CC586D/apolline/Ecole/ENSTA/M2/IS/benoit-pai-rob/ros2_ws/install/tennis_court/include/tennis_court/tennis_court/msg/detail
[0.477s] -- Up-to-date: /media/apolline/B2C2CC8EC2CC586D/apolline/Ecole/ENSTA/M2/IS/benoit-pai-rob/ros2_ws/install/tennis_court/include/tennis_court/tennis_court/msg/detail/ball_manager_stats__rosidl_typesupport_introspection_cpp.hpp
[0.477s] -- Up-to-date: /media/apolline/B2C2CC8EC2CC586D/apolline/Ecole/ENSTA/M2/IS/benoit-pai-rob/ros2_ws/install/tennis_court/include/tennis_court/tennis_court/msg/detail/ball_manager_stats__type_support.cpp
[0.477s] -- Up-to-date: /media/apolline/B2C2CC8EC2CC586D/apolline/Ecole/ENSTA/M2/IS/benoit-pai-rob/ros2_ws/install/tennis_court/lib/libtennis_court__rosidl_typesupport_introspection_cpp.so
[0.477s] -- Up-to-date: /media/apolline/B2C2CC8EC2CC586D/apolline/Ecole/ENSTA/M2/IS/benoit-pai-rob/ros2_ws/install/tennis_court/lib/libtennis_court__rosidl_typesupport_cpp.so
[0.477s] -- Up-to-date: /media/apolline/B2C2CC8EC2CC586D/apolline/Ecole/ENSTA/M2/IS/benoit-pai-rob/ros2_ws/install/tennis_court/share/tennis_court/environment/pythonpath.sh
[0.477s] -- Up-to-date: /media/apolline/B2C2CC8EC2CC586D/apolline/Ecole/ENSTA/M2/IS/benoit-pai-rob/ros2_ws/install/tennis_court/share/tennis_court/environment/pythonpath.dsv
[0.477s] -- Up-to-date: /media/apolline/B2C2CC8EC2CC586D/apolline/Ecole/ENSTA/M2/IS/benoit-pai-rob/ros2_ws/install/tennis_court/local/lib/python3.10/dist-packages/tennis_court-0.0.0-py3.10.egg-info
[0.477s] -- Installing: /media/apolline/B2C2CC8EC2CC586D/apolline/Ecole/ENSTA/M2/IS/benoit-pai-rob/ros2_ws/install/tennis_court/local/lib/python3.10/dist-packages/tennis_court-0.0.0-py3.10.egg-info/dependency_links.txt
[0.477s] -- Installing: /media/apolline/B2C2CC8EC2CC586D/apolline/Ecole/ENSTA/M2/IS/benoit-pai-rob/ros2_ws/install/tennis_court/local/lib/python3.10/dist-packages/tennis_court-0.0.0-py3.10.egg-info/PKG-INFO
[0.477s] -- Installing: /media/apolline/B2C2CC8EC2CC586D/apolline/Ecole/ENSTA/M2/IS/benoit-pai-rob/ros2_ws/install/tennis_court/local/lib/python3.10/dist-packages/tennis_court-0.0.0-py3.10.egg-info/SOURCES.txt
[0.477s] -- Installing: /media/apolline/B2C2CC8EC2CC586D/apolline/Ecole/ENSTA/M2/IS/benoit-pai-rob/ros2_ws/install/tennis_court/local/lib/python3.10/dist-packages/tennis_court-0.0.0-py3.10.egg-info/top_level.txt
[0.477s] -- Up-to-date: /media/apolline/B2C2CC8EC2CC586D/apolline/Ecole/ENSTA/M2/IS/benoit-pai-rob/ros2_ws/install/tennis_court/local/lib/python3.10/dist-packages/tennis_court
[0.477s] -- Up-to-date: /media/apolline/B2C2CC8EC2CC586D/apolline/Ecole/ENSTA/M2/IS/benoit-pai-rob/ros2_ws/install/tennis_court/local/lib/python3.10/dist-packages/tennis_court/libtennis_court__rosidl_generator_py.so
[0.477s] -- Up-to-date: /media/apolline/B2C2CC8EC2CC586D/apolline/Ecole/ENSTA/M2/IS/benoit-pai-rob/ros2_ws/install/tennis_court/local/lib/python3.10/dist-packages/tennis_court/msg
[0.477s] -- Up-to-date: /media/apolline/B2C2CC8EC2CC586D/apolline/Ecole/ENSTA/M2/IS/benoit-pai-rob/ros2_ws/install/tennis_court/local/lib/python3.10/dist-packages/tennis_court/msg/_ball_manager_stats.py
[0.477s] -- Up-to-date: /media/apolline/B2C2CC8EC2CC586D/apolline/Ecole/ENSTA/M2/IS/benoit-pai-rob/ros2_ws/install/tennis_court/local/lib/python3.10/dist-packages/tennis_court/msg/_ball_manager_stats_s.c
[0.477s] -- Up-to-date: /media/apolline/B2C2CC8EC2CC586D/apolline/Ecole/ENSTA/M2/IS/benoit-pai-rob/ros2_ws/install/tennis_court/local/lib/python3.10/dist-packages/tennis_court/msg/__init__.py
[0.477s] -- Up-to-date: /media/apolline/B2C2CC8EC2CC586D/apolline/Ecole/ENSTA/M2/IS/benoit-pai-rob/ros2_ws/install/tennis_court/local/lib/python3.10/dist-packages/tennis_court/tennis_court_s__rosidl_typesupport_c.cpython-310-x86_64-linux-gnu.so
[0.477s] -- Up-to-date: /media/apolline/B2C2CC8EC2CC586D/apolline/Ecole/ENSTA/M2/IS/benoit-pai-rob/ros2_ws/install/tennis_court/local/lib/python3.10/dist-packages/tennis_court/tennis_court_s__rosidl_typesupport_fastrtps_c.cpython-310-x86_64-linux-gnu.so
[0.477s] -- Up-to-date: /media/apolline/B2C2CC8EC2CC586D/apolline/Ecole/ENSTA/M2/IS/benoit-pai-rob/ros2_ws/install/tennis_court/local/lib/python3.10/dist-packages/tennis_court/tennis_court_s__rosidl_typesupport_introspection_c.cpython-310-x86_64-linux-gnu.so
[0.477s] -- Up-to-date: /media/apolline/B2C2CC8EC2CC586D/apolline/Ecole/ENSTA/M2/IS/benoit-pai-rob/ros2_ws/install/tennis_court/local/lib/python3.10/dist-packages/tennis_court/_tennis_court_s.ep.rosidl_typesupport_c.c
[0.478s] -- Up-to-date: /media/apolline/B2C2CC8EC2CC586D/apolline/Ecole/ENSTA/M2/IS/benoit-pai-rob/ros2_ws/install/tennis_court/local/lib/python3.10/dist-packages/tennis_court/_tennis_court_s.ep.rosidl_typesupport_fastrtps_c.c
[0.478s] -- Up-to-date: /media/apolline/B2C2CC8EC2CC586D/apolline/Ecole/ENSTA/M2/IS/benoit-pai-rob/ros2_ws/install/tennis_court/local/lib/python3.10/dist-packages/tennis_court/_tennis_court_s.ep.rosidl_typesupport_introspection_c.c
[0.478s] -- Up-to-date: /media/apolline/B2C2CC8EC2CC586D/apolline/Ecole/ENSTA/M2/IS/benoit-pai-rob/ros2_ws/install/tennis_court/local/lib/python3.10/dist-packages/tennis_court/__init__.py
[0.497s] Listing '/media/apolline/B2C2CC8EC2CC586D/apolline/Ecole/ENSTA/M2/IS/benoit-pai-rob/ros2_ws/install/tennis_court/local/lib/python3.10/dist-packages/tennis_court'...
[0.498s] Listing '/media/apolline/B2C2CC8EC2CC586D/apolline/Ecole/ENSTA/M2/IS/benoit-pai-rob/ros2_ws/install/tennis_court/local/lib/python3.10/dist-packages/tennis_court/msg'...
[0.504s] -- Up-to-date: /media/apolline/B2C2CC8EC2CC586D/apolline/Ecole/ENSTA/M2/IS/benoit-pai-rob/ros2_ws/install/tennis_court/local/lib/python3.10/dist-packages/tennis_court/tennis_court_s__rosidl_typesupport_fastrtps_c.cpython-310-x86_64-linux-gnu.so
[0.504s] -- Up-to-date: /media/apolline/B2C2CC8EC2CC586D/apolline/Ecole/ENSTA/M2/IS/benoit-pai-rob/ros2_ws/install/tennis_court/local/lib/python3.10/dist-packages/tennis_court/tennis_court_s__rosidl_typesupport_introspection_c.cpython-310-x86_64-linux-gnu.so
[0.504s] -- Up-to-date: /media/apolline/B2C2CC8EC2CC586D/apolline/Ecole/ENSTA/M2/IS/benoit-pai-rob/ros2_ws/install/tennis_court/local/lib/python3.10/dist-packages/tennis_court/tennis_court_s__rosidl_typesupport_c.cpython-310-x86_64-linux-gnu.so
[0.504s] -- Up-to-date: /media/apolline/B2C2CC8EC2CC586D/apolline/Ecole/ENSTA/M2/IS/benoit-pai-rob/ros2_ws/install/tennis_court/lib/libtennis_court__rosidl_generator_py.so
[0.504s] -- Up-to-date: /media/apolline/B2C2CC8EC2CC586D/apolline/Ecole/ENSTA/M2/IS/benoit-pai-rob/ros2_ws/install/tennis_court/share/tennis_court/msg/BallManagerStats.idl
[0.504s] -- Up-to-date: /media/apolline/B2C2CC8EC2CC586D/apolline/Ecole/ENSTA/M2/IS/benoit-pai-rob/ros2_ws/install/tennis_court/share/tennis_court/msg/BallManagerStats.msg
[0.504s] -- Up-to-date: /media/apolline/B2C2CC8EC2CC586D/apolline/Ecole/ENSTA/M2/IS/benoit-pai-rob/ros2_ws/install/tennis_court/local/lib/python3.10/dist-packages/scripts-0.0.0-py3.10.egg-info
[0.504s] -- Installing: /media/apolline/B2C2CC8EC2CC586D/apolline/Ecole/ENSTA/M2/IS/benoit-pai-rob/ros2_ws/install/tennis_court/local/lib/python3.10/dist-packages/scripts-0.0.0-py3.10.egg-info/dependency_links.txt
[0.504s] -- Installing: /media/apolline/B2C2CC8EC2CC586D/apolline/Ecole/ENSTA/M2/IS/benoit-pai-rob/ros2_ws/install/tennis_court/local/lib/python3.10/dist-packages/scripts-0.0.0-py3.10.egg-info/PKG-INFO
[0.504s] -- Installing: /media/apolline/B2C2CC8EC2CC586D/apolline/Ecole/ENSTA/M2/IS/benoit-pai-rob/ros2_ws/install/tennis_court/local/lib/python3.10/dist-packages/scripts-0.0.0-py3.10.egg-info/SOURCES.txt
[0.505s] -- Installing: /media/apolline/B2C2CC8EC2CC586D/apolline/Ecole/ENSTA/M2/IS/benoit-pai-rob/ros2_ws/install/tennis_court/local/lib/python3.10/dist-packages/scripts-0.0.0-py3.10.egg-info/top_level.txt
[0.505s] -- Up-to-date: /media/apolline/B2C2CC8EC2CC586D/apolline/Ecole/ENSTA/M2/IS/benoit-pai-rob/ros2_ws/install/tennis_court/local/lib/python3.10/dist-packages/scripts
[0.505s] -- Up-to-date: /media/apolline/B2C2CC8EC2CC586D/apolline/Ecole/ENSTA/M2/IS/benoit-pai-rob/ros2_ws/install/tennis_court/local/lib/python3.10/dist-packages/scripts/ball_manager.py
[0.505s] -- Up-to-date: /media/apolline/B2C2CC8EC2CC586D/apolline/Ecole/ENSTA/M2/IS/benoit-pai-rob/ros2_ws/install/tennis_court/local/lib/python3.10/dist-packages/scripts/gazebo_ros_paths.py
[0.505s] -- Up-to-date: /media/apolline/B2C2CC8EC2CC586D/apolline/Ecole/ENSTA/M2/IS/benoit-pai-rob/ros2_ws/install/tennis_court/local/lib/python3.10/dist-packages/scripts/__init__.py
[0.524s] Listing '/media/apolline/B2C2CC8EC2CC586D/apolline/Ecole/ENSTA/M2/IS/benoit-pai-rob/ros2_ws/install/tennis_court/local/lib/python3.10/dist-packages/scripts'...
[0.527s] -- Up-to-date: /media/apolline/B2C2CC8EC2CC586D/apolline/Ecole/ENSTA/M2/IS/benoit-pai-rob/ros2_ws/install/tennis_court/share/ament_index/resource_index/package_run_dependencies/tennis_court
[0.527s] -- Up-to-date: /media/apolline/B2C2CC8EC2CC586D/apolline/Ecole/ENSTA/M2/IS/benoit-pai-rob/ros2_ws/install/tennis_court/share/ament_index/resource_index/parent_prefix_path/tennis_court
[0.527s] -- Up-to-date: /media/apolline/B2C2CC8EC2CC586D/apolline/Ecole/ENSTA/M2/IS/benoit-pai-rob/ros2_ws/install/tennis_court/share/tennis_court/environment/ament_prefix_path.sh
[0.527s] -- Up-to-date: /media/apolline/B2C2CC8EC2CC586D/apolline/Ecole/ENSTA/M2/IS/benoit-pai-rob/ros2_ws/install/tennis_court/share/tennis_court/environment/ament_prefix_path.dsv
[0.527s] -- Up-to-date: /media/apolline/B2C2CC8EC2CC586D/apolline/Ecole/ENSTA/M2/IS/benoit-pai-rob/ros2_ws/install/tennis_court/share/tennis_court/environment/path.sh
[0.527s] -- Up-to-date: /media/apolline/B2C2CC8EC2CC586D/apolline/Ecole/ENSTA/M2/IS/benoit-pai-rob/ros2_ws/install/tennis_court/share/tennis_court/environment/path.dsv
[0.527s] -- Up-to-date: /media/apolline/B2C2CC8EC2CC586D/apolline/Ecole/ENSTA/M2/IS/benoit-pai-rob/ros2_ws/install/tennis_court/share/tennis_court/local_setup.bash
[0.527s] -- Up-to-date: /media/apolline/B2C2CC8EC2CC586D/apolline/Ecole/ENSTA/M2/IS/benoit-pai-rob/ros2_ws/install/tennis_court/share/tennis_court/local_setup.sh
[0.527s] -- Up-to-date: /media/apolline/B2C2CC8EC2CC586D/apolline/Ecole/ENSTA/M2/IS/benoit-pai-rob/ros2_ws/install/tennis_court/share/tennis_court/local_setup.zsh
[0.527s] -- Up-to-date: /media/apolline/B2C2CC8EC2CC586D/apolline/Ecole/ENSTA/M2/IS/benoit-pai-rob/ros2_ws/install/tennis_court/share/tennis_court/local_setup.dsv
[0.527s] -- Installing: /media/apolline/B2C2CC8EC2CC586D/apolline/Ecole/ENSTA/M2/IS/benoit-pai-rob/ros2_ws/install/tennis_court/share/tennis_court/package.dsv
[0.527s] -- Up-to-date: /media/apolline/B2C2CC8EC2CC586D/apolline/Ecole/ENSTA/M2/IS/benoit-pai-rob/ros2_ws/install/tennis_court/share/ament_index/resource_index/packages/tennis_court
[0.527s] -- Up-to-date: /media/apolline/B2C2CC8EC2CC586D/apolline/Ecole/ENSTA/M2/IS/benoit-pai-rob/ros2_ws/install/tennis_court/share/tennis_court/cmake/export_tennis_court__rosidl_generator_cExport.cmake
[0.527s] -- Up-to-date: /media/apolline/B2C2CC8EC2CC586D/apolline/Ecole/ENSTA/M2/IS/benoit-pai-rob/ros2_ws/install/tennis_court/share/tennis_court/cmake/export_tennis_court__rosidl_generator_cExport-noconfig.cmake
[0.527s] -- Up-to-date: /media/apolline/B2C2CC8EC2CC586D/apolline/Ecole/ENSTA/M2/IS/benoit-pai-rob/ros2_ws/install/tennis_court/share/tennis_court/cmake/export_tennis_court__rosidl_typesupport_fastrtps_cExport.cmake
[0.528s] -- Up-to-date: /media/apolline/B2C2CC8EC2CC586D/apolline/Ecole/ENSTA/M2/IS/benoit-pai-rob/ros2_ws/install/tennis_court/share/tennis_court/cmake/export_tennis_court__rosidl_typesupport_fastrtps_cExport-noconfig.cmake
[0.528s] -- Up-to-date: /media/apolline/B2C2CC8EC2CC586D/apolline/Ecole/ENSTA/M2/IS/benoit-pai-rob/ros2_ws/install/tennis_court/share/tennis_court/cmake/export_tennis_court__rosidl_generator_cppExport.cmake
[0.528s] -- Up-to-date: /media/apolline/B2C2CC8EC2CC586D/apolline/Ecole/ENSTA/M2/IS/benoit-pai-rob/ros2_ws/install/tennis_court/share/tennis_court/cmake/export_tennis_court__rosidl_typesupport_fastrtps_cppExport.cmake
[0.528s] -- Up-to-date: /media/apolline/B2C2CC8EC2CC586D/apolline/Ecole/ENSTA/M2/IS/benoit-pai-rob/ros2_ws/install/tennis_court/share/tennis_court/cmake/export_tennis_court__rosidl_typesupport_fastrtps_cppExport-noconfig.cmake
[0.528s] -- Up-to-date: /media/apolline/B2C2CC8EC2CC586D/apolline/Ecole/ENSTA/M2/IS/benoit-pai-rob/ros2_ws/install/tennis_court/share/tennis_court/cmake/tennis_court__rosidl_typesupport_introspection_cExport.cmake
[0.528s] -- Up-to-date: /media/apolline/B2C2CC8EC2CC586D/apolline/Ecole/ENSTA/M2/IS/benoit-pai-rob/ros2_ws/install/tennis_court/share/tennis_court/cmake/tennis_court__rosidl_typesupport_introspection_cExport-noconfig.cmake
[0.528s] -- Up-to-date: /media/apolline/B2C2CC8EC2CC586D/apolline/Ecole/ENSTA/M2/IS/benoit-pai-rob/ros2_ws/install/tennis_court/share/tennis_court/cmake/tennis_court__rosidl_typesupport_cExport.cmake
[0.528s] -- Up-to-date: /media/apolline/B2C2CC8EC2CC586D/apolline/Ecole/ENSTA/M2/IS/benoit-pai-rob/ros2_ws/install/tennis_court/share/tennis_court/cmake/tennis_court__rosidl_typesupport_cExport-noconfig.cmake
[0.528s] -- Up-to-date: /media/apolline/B2C2CC8EC2CC586D/apolline/Ecole/ENSTA/M2/IS/benoit-pai-rob/ros2_ws/install/tennis_court/share/tennis_court/cmake/tennis_court__rosidl_typesupport_introspection_cppExport.cmake
[0.528s] -- Up-to-date: /media/apolline/B2C2CC8EC2CC586D/apolline/Ecole/ENSTA/M2/IS/benoit-pai-rob/ros2_ws/install/tennis_court/share/tennis_court/cmake/tennis_court__rosidl_typesupport_introspection_cppExport-noconfig.cmake
[0.528s] -- Up-to-date: /media/apolline/B2C2CC8EC2CC586D/apolline/Ecole/ENSTA/M2/IS/benoit-pai-rob/ros2_ws/install/tennis_court/share/tennis_court/cmake/tennis_court__rosidl_typesupport_cppExport.cmake
[0.528s] -- Up-to-date: /media/apolline/B2C2CC8EC2CC586D/apolline/Ecole/ENSTA/M2/IS/benoit-pai-rob/ros2_ws/install/tennis_court/share/tennis_court/cmake/tennis_court__rosidl_typesupport_cppExport-noconfig.cmake
[0.528s] -- Up-to-date: /media/apolline/B2C2CC8EC2CC586D/apolline/Ecole/ENSTA/M2/IS/benoit-pai-rob/ros2_ws/install/tennis_court/share/tennis_court/cmake/export_tennis_court__rosidl_generator_pyExport.cmake
[0.528s] -- Up-to-date: /media/apolline/B2C2CC8EC2CC586D/apolline/Ecole/ENSTA/M2/IS/benoit-pai-rob/ros2_ws/install/tennis_court/share/tennis_court/cmake/export_tennis_court__rosidl_generator_pyExport-noconfig.cmake
[0.528s] -- Up-to-date: /media/apolline/B2C2CC8EC2CC586D/apolline/Ecole/ENSTA/M2/IS/benoit-pai-rob/ros2_ws/install/tennis_court/share/tennis_court/cmake/rosidl_cmake-extras.cmake
[0.528s] -- Up-to-date: /media/apolline/B2C2CC8EC2CC586D/apolline/Ecole/ENSTA/M2/IS/benoit-pai-rob/ros2_ws/install/tennis_court/share/tennis_court/cmake/ament_cmake_export_include_directories-extras.cmake
[0.528s] -- Up-to-date: /media/apolline/B2C2CC8EC2CC586D/apolline/Ecole/ENSTA/M2/IS/benoit-pai-rob/ros2_ws/install/tennis_court/share/tennis_court/cmake/ament_cmake_export_libraries-extras.cmake
[0.528s] -- Up-to-date: /media/apolline/B2C2CC8EC2CC586D/apolline/Ecole/ENSTA/M2/IS/benoit-pai-rob/ros2_ws/install/tennis_court/share/tennis_court/cmake/ament_cmake_export_targets-extras.cmake
[0.528s] -- Up-to-date: /media/apolline/B2C2CC8EC2CC586D/apolline/Ecole/ENSTA/M2/IS/benoit-pai-rob/ros2_ws/install/tennis_court/share/tennis_court/cmake/rosidl_cmake_export_typesupport_targets-extras.cmake
[0.528s] -- Up-to-date: /media/apolline/B2C2CC8EC2CC586D/apolline/Ecole/ENSTA/M2/IS/benoit-pai-rob/ros2_ws/install/tennis_court/share/tennis_court/cmake/ament_cmake_export_dependencies-extras.cmake
[0.529s] -- Up-to-date: /media/apolline/B2C2CC8EC2CC586D/apolline/Ecole/ENSTA/M2/IS/benoit-pai-rob/ros2_ws/install/tennis_court/share/tennis_court/cmake/rosidl_cmake_export_typesupport_libraries-extras.cmake
[0.529s] -- Up-to-date: /media/apolline/B2C2CC8EC2CC586D/apolline/Ecole/ENSTA/M2/IS/benoit-pai-rob/ros2_ws/install/tennis_court/share/tennis_court/cmake/tennis_courtConfig.cmake
[0.529s] -- Up-to-date: /media/apolline/B2C2CC8EC2CC586D/apolline/Ecole/ENSTA/M2/IS/benoit-pai-rob/ros2_ws/install/tennis_court/share/tennis_court/cmake/tennis_courtConfig-version.cmake
[0.529s] -- Up-to-date: /media/apolline/B2C2CC8EC2CC586D/apolline/Ecole/ENSTA/M2/IS/benoit-pai-rob/ros2_ws/install/tennis_court/share/tennis_court/package.xml
[0.529s] -- Up-to-date: /media/apolline/B2C2CC8EC2CC586D/apolline/Ecole/ENSTA/M2/IS/benoit-pai-rob/ros2_ws/install/tennis_court/lib/libgui_tennis_court_overlay.so
[0.529s] -- Up-to-date: /media/apolline/B2C2CC8EC2CC586D/apolline/Ecole/ENSTA/M2/IS/benoit-pai-rob/ros2_ws/install/tennis_court/share/tennis_court//config
[0.529s] -- Up-to-date: /media/apolline/B2C2CC8EC2CC586D/apolline/Ecole/ENSTA/M2/IS/benoit-pai-rob/ros2_ws/install/tennis_court/share/tennis_court//config/config.rviz
[0.529s] -- Up-to-date: /media/apolline/B2C2CC8EC2CC586D/apolline/Ecole/ENSTA/M2/IS/benoit-pai-rob/ros2_ws/install/tennis_court/share/tennis_court//launch
[0.529s] -- Up-to-date: /media/apolline/B2C2CC8EC2CC586D/apolline/Ecole/ENSTA/M2/IS/benoit-pai-rob/ros2_ws/install/tennis_court/share/tennis_court//launch/tennis_court.launch.py
[0.529s] -- Up-to-date: /media/apolline/B2C2CC8EC2CC586D/apolline/Ecole/ENSTA/M2/IS/benoit-pai-rob/ros2_ws/install/tennis_court/share/tennis_court//models
[0.529s] -- Up-to-date: /media/apolline/B2C2CC8EC2CC586D/apolline/Ecole/ENSTA/M2/IS/benoit-pai-rob/ros2_ws/install/tennis_court/share/tennis_court//models/tennis_court
[0.529s] -- Up-to-date: /media/apolline/B2C2CC8EC2CC586D/apolline/Ecole/ENSTA/M2/IS/benoit-pai-rob/ros2_ws/install/tennis_court/share/tennis_court//models/tennis_court/materials
[0.529s] -- Up-to-date: /media/apolline/B2C2CC8EC2CC586D/apolline/Ecole/ENSTA/M2/IS/benoit-pai-rob/ros2_ws/install/tennis_court/share/tennis_court//models/tennis_court/materials/scripts
[0.529s] -- Up-to-date: /media/apolline/B2C2CC8EC2CC586D/apolline/Ecole/ENSTA/M2/IS/benoit-pai-rob/ros2_ws/install/tennis_court/share/tennis_court//models/tennis_court/materials/scripts/tennis_court_ground.material
[0.529s] -- Up-to-date: /media/apolline/B2C2CC8EC2CC586D/apolline/Ecole/ENSTA/M2/IS/benoit-pai-rob/ros2_ws/install/tennis_court/share/tennis_court//models/tennis_court/materials/textures
[0.529s] -- Up-to-date: /media/apolline/B2C2CC8EC2CC586D/apolline/Ecole/ENSTA/M2/IS/benoit-pai-rob/ros2_ws/install/tennis_court/share/tennis_court//models/tennis_court/materials/textures/ground_texture.png
[0.529s] -- Up-to-date: /media/apolline/B2C2CC8EC2CC586D/apolline/Ecole/ENSTA/M2/IS/benoit-pai-rob/ros2_ws/install/tennis_court/share/tennis_court//models/tennis_court/model.config
[0.529s] -- Up-to-date: /media/apolline/B2C2CC8EC2CC586D/apolline/Ecole/ENSTA/M2/IS/benoit-pai-rob/ros2_ws/install/tennis_court/share/tennis_court//models/tennis_court/model.sdf
[0.529s] -- Up-to-date: /media/apolline/B2C2CC8EC2CC586D/apolline/Ecole/ENSTA/M2/IS/benoit-pai-rob/ros2_ws/install/tennis_court/share/tennis_court//models/zenith_camera
[0.529s] -- Up-to-date: /media/apolline/B2C2CC8EC2CC586D/apolline/Ecole/ENSTA/M2/IS/benoit-pai-rob/ros2_ws/install/tennis_court/share/tennis_court//models/zenith_camera/model.config
[0.529s] -- Up-to-date: /media/apolline/B2C2CC8EC2CC586D/apolline/Ecole/ENSTA/M2/IS/benoit-pai-rob/ros2_ws/install/tennis_court/share/tennis_court//models/zenith_camera/model.sdf
[0.530s] -- Up-to-date: /media/apolline/B2C2CC8EC2CC586D/apolline/Ecole/ENSTA/M2/IS/benoit-pai-rob/ros2_ws/install/tennis_court/share/tennis_court//urdf
[0.530s] -- Up-to-date: /media/apolline/B2C2CC8EC2CC586D/apolline/Ecole/ENSTA/M2/IS/benoit-pai-rob/ros2_ws/install/tennis_court/share/tennis_court//urdf/ball.urdf.xacro
[0.530s] -- Up-to-date: /media/apolline/B2C2CC8EC2CC586D/apolline/Ecole/ENSTA/M2/IS/benoit-pai-rob/ros2_ws/install/tennis_court/share/tennis_court//worlds
[0.530s] -- Up-to-date: /media/apolline/B2C2CC8EC2CC586D/apolline/Ecole/ENSTA/M2/IS/benoit-pai-rob/ros2_ws/install/tennis_court/share/tennis_court//worlds/court.world
[0.530s] -- Up-to-date: /media/apolline/B2C2CC8EC2CC586D/apolline/Ecole/ENSTA/M2/IS/benoit-pai-rob/ros2_ws/install/tennis_court/lib/tennis_court/ball_manager.py
[0.566s] Invoked command in '/media/apolline/B2C2CC8EC2CC586D/apolline/Ecole/ENSTA/M2/IS/benoit-pai-rob/ros2_ws/build/tennis_court' returned '0': CMAKE_PREFIX_PATH=/opt/ros/humble /usr/bin/cmake --install /media/apolline/B2C2CC8EC2CC586D/apolline/Ecole/ENSTA/M2/IS/benoit-pai-rob/ros2_ws/build/tennis_court
