[0.714s] Invoking command in '/media/apolline/B2C2CC8EC2CC586D/apolline/Ecole/ENSTA/M2/IS/benoit-pai-rob/ros2_ws/src/vision_pkg': PYTHONPATH=/media/apolline/B2C2CC8EC2CC586D/apolline/Ecole/ENSTA/M2/IS/benoit-pai-rob/ros2_ws/build/vision_pkg/prefix_override:/media/apolline/B2C2CC8EC2CC586D/apolline/Ecole/ENSTA/M2/IS/benoit-pai-rob/ros2_ws/install/vision_pkg/lib/python3.10/site-packages:${PYTHONPATH} /usr/bin/python3 setup.py egg_info --egg-base ../../build/vision_pkg build --build-base /media/apolline/B2C2CC8EC2CC586D/apolline/Ecole/ENSTA/M2/IS/benoit-pai-rob/ros2_ws/build/vision_pkg/build install --record /media/apolline/B2C2CC8EC2CC586D/apolline/Ecole/ENSTA/M2/IS/benoit-pai-rob/ros2_ws/build/vision_pkg/install.log --single-version-externally-managed
[0.831s] running egg_info
[0.839s] writing ../../build/vision_pkg/vision_pkg.egg-info/PKG-INFO
[0.839s] writing dependency_links to ../../build/vision_pkg/vision_pkg.egg-info/dependency_links.txt
[0.839s] writing requirements to ../../build/vision_pkg/vision_pkg.egg-info/requires.txt
[0.839s] writing top-level names to ../../build/vision_pkg/vision_pkg.egg-info/top_level.txt
[0.909s] reading manifest file '../../build/vision_pkg/vision_pkg.egg-info/SOURCES.txt'
[0.909s] writing manifest file '../../build/vision_pkg/vision_pkg.egg-info/SOURCES.txt'
[0.909s] running build
[0.909s] running build_py
[0.909s] copying vision_pkg/detect_ball.py -> /media/apolline/B2C2CC8EC2CC586D/apolline/Ecole/ENSTA/M2/IS/benoit-pai-rob/ros2_ws/build/vision_pkg/build/lib/vision_pkg
[0.909s] running install
[0.918s] /home/apolline/.local/lib/python3.10/site-packages/setuptools/_distutils/cmd.py:66: SetuptoolsDeprecationWarning: setup.py install is deprecated.
[0.918s] !!
[0.918s] 
[0.918s]         ********************************************************************************
[0.918s]         Please avoid running ``setup.py`` directly.
[0.918s]         Instead, use pypa/build, pypa/installer or other
[0.918s]         standards-based tools.
[0.918s] 
[0.918s]         See https://blog.ganssle.io/articles/2021/10/setup-py-deprecated.html for details.
[0.918s]         ********************************************************************************
[0.918s] 
[0.919s] !!
[0.919s]   self.initialize_options()
[0.921s] running install_lib
[0.928s] copying /media/apolline/B2C2CC8EC2CC586D/apolline/Ecole/ENSTA/M2/IS/benoit-pai-rob/ros2_ws/build/vision_pkg/build/lib/vision_pkg/detect_ball.py -> /media/apolline/B2C2CC8EC2CC586D/apolline/Ecole/ENSTA/M2/IS/benoit-pai-rob/ros2_ws/install/vision_pkg/lib/python3.10/site-packages/vision_pkg
[0.929s] byte-compiling /media/apolline/B2C2CC8EC2CC586D/apolline/Ecole/ENSTA/M2/IS/benoit-pai-rob/ros2_ws/install/vision_pkg/lib/python3.10/site-packages/vision_pkg/detect_ball.py to detect_ball.cpython-310.pyc
[0.929s] running install_data
[0.937s] running install_egg_info
[0.946s] removing '/media/apolline/B2C2CC8EC2CC586D/apolline/Ecole/ENSTA/M2/IS/benoit-pai-rob/ros2_ws/install/vision_pkg/lib/python3.10/site-packages/vision_pkg-0.0.0-py3.10.egg-info' (and everything under it)
[0.946s] Copying ../../build/vision_pkg/vision_pkg.egg-info to /media/apolline/B2C2CC8EC2CC586D/apolline/Ecole/ENSTA/M2/IS/benoit-pai-rob/ros2_ws/install/vision_pkg/lib/python3.10/site-packages/vision_pkg-0.0.0-py3.10.egg-info
[0.946s] running install_scripts
[0.973s] writing list of installed files to '/media/apolline/B2C2CC8EC2CC586D/apolline/Ecole/ENSTA/M2/IS/benoit-pai-rob/ros2_ws/build/vision_pkg/install.log'
[0.988s] Invoked command in '/media/apolline/B2C2CC8EC2CC586D/apolline/Ecole/ENSTA/M2/IS/benoit-pai-rob/ros2_ws/src/vision_pkg' returned '0': PYTHONPATH=/media/apolline/B2C2CC8EC2CC586D/apolline/Ecole/ENSTA/M2/IS/benoit-pai-rob/ros2_ws/build/vision_pkg/prefix_override:/media/apolline/B2C2CC8EC2CC586D/apolline/Ecole/ENSTA/M2/IS/benoit-pai-rob/ros2_ws/install/vision_pkg/lib/python3.10/site-packages:${PYTHONPATH} /usr/bin/python3 setup.py egg_info --egg-base ../../build/vision_pkg build --build-base /media/apolline/B2C2CC8EC2CC586D/apolline/Ecole/ENSTA/M2/IS/benoit-pai-rob/ros2_ws/build/vision_pkg/build install --record /media/apolline/B2C2CC8EC2CC586D/apolline/Ecole/ENSTA/M2/IS/benoit-pai-rob/ros2_ws/build/vision_pkg/install.log --single-version-externally-managed
