[  2%] [34m[1mGenerating C code for ROS interfaces[0m
[  5%] [34m[1mGenerating C++ code for ROS interfaces[0m
[  5%] Built target ament_cmake_python_copy_tennis_court
[  5%] Built target ament_cmake_python_copy_scripts
running egg_info
creating tennis_court.egg-info
[  5%] Built target tennis_court__cpp
writing tennis_court.egg-info/PKG-INFO
writing dependency_links to tennis_court.egg-info/dependency_links.txt
[ 11%] [34m[1mGenerating C++ type support for eProsima Fast-RTPS[0m
[ 11%] [34m[1mGenerating C++ type support dispatch for ROS interfaces[0m
writing top-level names to tennis_court.egg-info/top_level.txt
[ 14%] [34m[1mGenerating C++ introspection for ROS interfaces[0m
running egg_info
creating scripts.egg-info
writing scripts.egg-info/PKG-INFO
writing dependency_links to scripts.egg-info/dependency_links.txt
writing top-level names to scripts.egg-info/top_level.txt
[ 17%] [32mBuilding C object CMakeFiles/tennis_court__rosidl_generator_c.dir/rosidl_generator_c/tennis_court/msg/detail/ball_manager_stats__functions.c.o[0m
writing manifest file 'tennis_court.egg-info/SOURCES.txt'
[ 20%] [32m[1mLinking C shared library libtennis_court__rosidl_generator_c.so[0m
reading manifest file 'tennis_court.egg-info/SOURCES.txt'
[ 22%] [32mBuilding CXX object CMakeFiles/tennis_court__rosidl_typesupport_cpp.dir/rosidl_typesupport_cpp/tennis_court/msg/ball_manager_stats__type_support.cpp.o[0m
writing manifest file 'tennis_court.egg-info/SOURCES.txt'
writing manifest file 'scripts.egg-info/SOURCES.txt'
[ 22%] Built target tennis_court__rosidl_generator_c
[ 28%] [34m[1mGenerating C type support for eProsima Fast-RTPS[0m
[ 28%] [34m[1mGenerating C introspection for ROS interfaces[0m
[ 31%] [34m[1mGenerating C type support dispatch for ROS interfaces[0m
[ 34%] [32mBuilding CXX object CMakeFiles/tennis_court__rosidl_typesupport_introspection_cpp.dir/rosidl_typesupport_introspection_cpp/tennis_court/msg/detail/ball_manager_stats__type_support.cpp.o[0m
[ 34%] Built target ament_cmake_python_build_tennis_court_egg
[ 37%] [32mBuilding CXX object CMakeFiles/tennis_court__rosidl_typesupport_fastrtps_cpp.dir/rosidl_typesupport_fastrtps_cpp/tennis_court/msg/detail/dds_fastrtps/ball_manager_stats__type_support.cpp.o[0m
reading manifest file 'scripts.egg-info/SOURCES.txt'
writing manifest file 'scripts.egg-info/SOURCES.txt'
[ 37%] Built target ament_cmake_python_build_scripts_egg
[ 40%] [32mBuilding CXX object CMakeFiles/tennis_court__rosidl_typesupport_c.dir/rosidl_typesupport_c/tennis_court/msg/ball_manager_stats__type_support.cpp.o[0m
[ 42%] [32mBuilding CXX object CMakeFiles/tennis_court__rosidl_typesupport_fastrtps_c.dir/rosidl_typesupport_fastrtps_c/tennis_court/msg/detail/ball_manager_stats__type_support_c.cpp.o[0m
[ 45%] [32m[1mLinking CXX shared library libtennis_court__rosidl_typesupport_c.so[0m
[ 48%] [32m[1mLinking CXX shared library libtennis_court__rosidl_typesupport_cpp.so[0m
[ 48%] Built target tennis_court__rosidl_typesupport_c
[ 51%] [32mBuilding C object CMakeFiles/tennis_court__rosidl_typesupport_introspection_c.dir/rosidl_typesupport_introspection_c/tennis_court/msg/detail/ball_manager_stats__type_support.c.o[0m
[ 51%] Built target tennis_court__rosidl_typesupport_cpp
[ 54%] [34m[1mAutomatic MOC for target gui_tennis_court_overlay[0m
[ 57%] [32m[1mLinking C shared library libtennis_court__rosidl_typesupport_introspection_c.so[0m
[ 57%] Built target tennis_court__rosidl_typesupport_introspection_c
[ 60%] [32m[1mLinking CXX shared library libtennis_court__rosidl_typesupport_introspection_cpp.so[0m
[ 62%] [32m[1mLinking CXX shared library libtennis_court__rosidl_typesupport_fastrtps_cpp.so[0m
[ 62%] Built target tennis_court__rosidl_typesupport_introspection_cpp
[ 62%] Built target tennis_court__rosidl_typesupport_fastrtps_cpp
[ 65%] [32m[1mLinking CXX shared library libtennis_court__rosidl_typesupport_fastrtps_c.so[0m
[ 65%] Built target tennis_court__rosidl_typesupport_fastrtps_c
[ 65%] Built target tennis_court
[ 68%] [34m[1mGenerating Python code for ROS interfaces[0m
[ 68%] Built target tennis_court__py
[ 71%] [32mBuilding C object CMakeFiles/tennis_court__rosidl_generator_py.dir/rosidl_generator_py/tennis_court/msg/_ball_manager_stats_s.c.o[0m
[ 74%] [32m[1mLinking C shared library rosidl_generator_py/tennis_court/libtennis_court__rosidl_generator_py.so[0m
[ 74%] Built target tennis_court__rosidl_generator_py
[ 80%] [32mBuilding C object CMakeFiles/tennis_court__rosidl_typesupport_introspection_c__pyext.dir/rosidl_generator_py/tennis_court/_tennis_court_s.ep.rosidl_typesupport_introspection_c.c.o[0m
[ 80%] [32mBuilding C object CMakeFiles/tennis_court__rosidl_typesupport_c__pyext.dir/rosidl_generator_py/tennis_court/_tennis_court_s.ep.rosidl_typesupport_c.c.o[0m
[ 82%] [32mBuilding C object CMakeFiles/tennis_court__rosidl_typesupport_fastrtps_c__pyext.dir/rosidl_generator_py/tennis_court/_tennis_court_s.ep.rosidl_typesupport_fastrtps_c.c.o[0m
[ 85%] [32m[1mLinking C shared library rosidl_generator_py/tennis_court/tennis_court_s__rosidl_typesupport_c.cpython-310-x86_64-linux-gnu.so[0m
[ 88%] [32m[1mLinking C shared library rosidl_generator_py/tennis_court/tennis_court_s__rosidl_typesupport_fastrtps_c.cpython-310-x86_64-linux-gnu.so[0m
[ 91%] [32m[1mLinking C shared library rosidl_generator_py/tennis_court/tennis_court_s__rosidl_typesupport_introspection_c.cpython-310-x86_64-linux-gnu.so[0m
[ 91%] Built target tennis_court__rosidl_typesupport_c__pyext
[ 91%] Built target tennis_court__rosidl_typesupport_fastrtps_c__pyext
[ 91%] Built target tennis_court__rosidl_typesupport_introspection_c__pyext
[ 91%] Built target gui_tennis_court_overlay_autogen
[ 97%] [32mBuilding CXX object CMakeFiles/gui_tennis_court_overlay.dir/gui_tennis_court_overlay_autogen/mocs_compilation.cpp.o[0m
[ 97%] [32mBuilding CXX object CMakeFiles/gui_tennis_court_overlay.dir/src/GUITennisCourtOverlay.cc.o[0m
[100%] [32m[1mLinking CXX shared library libgui_tennis_court_overlay.so[0m
[100%] Built target gui_tennis_court_overlay
