[0.085s] Invoking command in '/media/apolline/B2C2CC8EC2CC586D/apolline/Ecole/ENSTA/M2/IS/benoit-pai-rob/ros2_ws/build/tennis_court': CMAKE_PREFIX_PATH=/opt/ros/humble /usr/bin/cmake --build /media/apolline/B2C2CC8EC2CC586D/apolline/Ecole/ENSTA/M2/IS/benoit-pai-rob/ros2_ws/build/tennis_court -- -j16 -l16
[0.121s] [  2%] [34m[1mGenerating C code for ROS interfaces[0m
[0.131s] [  5%] [34m[1mGenerating C++ code for ROS interfaces[0m
[0.138s] [  5%] Built target ament_cmake_python_copy_tennis_court
[0.145s] [  5%] Built target ament_cmake_python_copy_scripts
[0.307s] running egg_info
[0.308s] creating tennis_court.egg-info
[0.312s] [  5%] Built target tennis_court__cpp
[0.320s] writing tennis_court.egg-info/PKG-INFO
[0.322s] writing dependency_links to tennis_court.egg-info/dependency_links.txt
[0.322s] [ 11%] [34m[1mGenerating C++ type support for eProsima Fast-RTPS[0m
[0.322s] [ 11%] [34m[1mGenerating C++ type support dispatch for ROS interfaces[0m
[0.323s] writing top-level names to tennis_court.egg-info/top_level.txt
[0.325s] [ 14%] [34m[1mGenerating C++ introspection for ROS interfaces[0m
[0.346s] running egg_info
[0.348s] creating scripts.egg-info
[0.371s] writing scripts.egg-info/PKG-INFO
[0.372s] writing dependency_links to scripts.egg-info/dependency_links.txt
[0.372s] writing top-level names to scripts.egg-info/top_level.txt
[0.381s] [ 17%] [32mBuilding C object CMakeFiles/tennis_court__rosidl_generator_c.dir/rosidl_generator_c/tennis_court/msg/detail/ball_manager_stats__functions.c.o[0m
[0.463s] writing manifest file 'tennis_court.egg-info/SOURCES.txt'
[0.472s] [ 20%] [32m[1mLinking C shared library libtennis_court__rosidl_generator_c.so[0m
[0.508s] reading manifest file 'tennis_court.egg-info/SOURCES.txt'
[0.508s] [ 22%] [32mBuilding CXX object CMakeFiles/tennis_court__rosidl_typesupport_cpp.dir/rosidl_typesupport_cpp/tennis_court/msg/ball_manager_stats__type_support.cpp.o[0m
[0.509s] writing manifest file 'tennis_court.egg-info/SOURCES.txt'
[0.516s] writing manifest file 'scripts.egg-info/SOURCES.txt'
[0.519s] [ 22%] Built target tennis_court__rosidl_generator_c
[0.529s] [ 28%] [34m[1mGenerating C type support for eProsima Fast-RTPS[0m
[0.529s] [ 28%] [34m[1mGenerating C introspection for ROS interfaces[0m
[0.532s] [ 31%] [34m[1mGenerating C type support dispatch for ROS interfaces[0m
[0.536s] [ 34%] [32mBuilding CXX object CMakeFiles/tennis_court__rosidl_typesupport_introspection_cpp.dir/rosidl_typesupport_introspection_cpp/tennis_court/msg/detail/ball_manager_stats__type_support.cpp.o[0m
[0.546s] [ 34%] Built target ament_cmake_python_build_tennis_court_egg
[0.550s] [ 37%] [32mBuilding CXX object CMakeFiles/tennis_court__rosidl_typesupport_fastrtps_cpp.dir/rosidl_typesupport_fastrtps_cpp/tennis_court/msg/detail/dds_fastrtps/ball_manager_stats__type_support.cpp.o[0m
[0.573s] reading manifest file 'scripts.egg-info/SOURCES.txt'
[0.575s] writing manifest file 'scripts.egg-info/SOURCES.txt'
[0.605s] [ 37%] Built target ament_cmake_python_build_scripts_egg
[0.708s] [ 40%] [32mBuilding CXX object CMakeFiles/tennis_court__rosidl_typesupport_c.dir/rosidl_typesupport_c/tennis_court/msg/ball_manager_stats__type_support.cpp.o[0m
[0.719s] [ 42%] [32mBuilding CXX object CMakeFiles/tennis_court__rosidl_typesupport_fastrtps_c.dir/rosidl_typesupport_fastrtps_c/tennis_court/msg/detail/ball_manager_stats__type_support_c.cpp.o[0m
[0.750s] [ 45%] [32m[1mLinking CXX shared library libtennis_court__rosidl_typesupport_c.so[0m
[0.781s] [ 48%] [32m[1mLinking CXX shared library libtennis_court__rosidl_typesupport_cpp.so[0m
[0.792s] [ 48%] Built target tennis_court__rosidl_typesupport_c
[0.805s] [ 51%] [32mBuilding C object CMakeFiles/tennis_court__rosidl_typesupport_introspection_c.dir/rosidl_typesupport_introspection_c/tennis_court/msg/detail/ball_manager_stats__type_support.c.o[0m
[0.818s] [ 51%] Built target tennis_court__rosidl_typesupport_cpp
[0.837s] [ 54%] [34m[1mAutomatic MOC for target gui_tennis_court_overlay[0m
[0.863s] [ 57%] [32m[1mLinking C shared library libtennis_court__rosidl_typesupport_introspection_c.so[0m
[0.895s] [ 57%] Built target tennis_court__rosidl_typesupport_introspection_c
[0.900s] [ 60%] [32m[1mLinking CXX shared library libtennis_court__rosidl_typesupport_introspection_cpp.so[0m
[0.933s] [ 62%] [32m[1mLinking CXX shared library libtennis_court__rosidl_typesupport_fastrtps_cpp.so[0m
[0.936s] [ 62%] Built target tennis_court__rosidl_typesupport_introspection_cpp
[0.999s] [ 62%] Built target tennis_court__rosidl_typesupport_fastrtps_cpp
[1.058s] [ 65%] [32m[1mLinking CXX shared library libtennis_court__rosidl_typesupport_fastrtps_c.so[0m
[1.117s] [ 65%] Built target tennis_court__rosidl_typesupport_fastrtps_c
[1.135s] [ 65%] Built target tennis_court
[1.152s] [ 68%] [34m[1mGenerating Python code for ROS interfaces[0m
[1.377s] [ 68%] Built target tennis_court__py
[1.393s] [ 71%] [32mBuilding C object CMakeFiles/tennis_court__rosidl_generator_py.dir/rosidl_generator_py/tennis_court/msg/_ball_manager_stats_s.c.o[0m
[1.507s] [ 74%] [32m[1mLinking C shared library rosidl_generator_py/tennis_court/libtennis_court__rosidl_generator_py.so[0m
[1.536s] [ 74%] Built target tennis_court__rosidl_generator_py
[1.553s] [ 80%] [32mBuilding C object CMakeFiles/tennis_court__rosidl_typesupport_introspection_c__pyext.dir/rosidl_generator_py/tennis_court/_tennis_court_s.ep.rosidl_typesupport_introspection_c.c.o[0m
[1.553s] [ 80%] [32mBuilding C object CMakeFiles/tennis_court__rosidl_typesupport_c__pyext.dir/rosidl_generator_py/tennis_court/_tennis_court_s.ep.rosidl_typesupport_c.c.o[0m
[1.553s] [ 82%] [32mBuilding C object CMakeFiles/tennis_court__rosidl_typesupport_fastrtps_c__pyext.dir/rosidl_generator_py/tennis_court/_tennis_court_s.ep.rosidl_typesupport_fastrtps_c.c.o[0m
[1.672s] [ 85%] [32m[1mLinking C shared library rosidl_generator_py/tennis_court/tennis_court_s__rosidl_typesupport_c.cpython-310-x86_64-linux-gnu.so[0m
[1.675s] [ 88%] [32m[1mLinking C shared library rosidl_generator_py/tennis_court/tennis_court_s__rosidl_typesupport_fastrtps_c.cpython-310-x86_64-linux-gnu.so[0m
[1.690s] [ 91%] [32m[1mLinking C shared library rosidl_generator_py/tennis_court/tennis_court_s__rosidl_typesupport_introspection_c.cpython-310-x86_64-linux-gnu.so[0m
[1.701s] [ 91%] Built target tennis_court__rosidl_typesupport_c__pyext
[1.707s] [ 91%] Built target tennis_court__rosidl_typesupport_fastrtps_c__pyext
[1.722s] [ 91%] Built target tennis_court__rosidl_typesupport_introspection_c__pyext
[1.731s] [ 91%] Built target gui_tennis_court_overlay_autogen
[1.747s] [ 97%] [32mBuilding CXX object CMakeFiles/gui_tennis_court_overlay.dir/gui_tennis_court_overlay_autogen/mocs_compilation.cpp.o[0m
[1.747s] [ 97%] [32mBuilding CXX object CMakeFiles/gui_tennis_court_overlay.dir/src/GUITennisCourtOverlay.cc.o[0m
[14.025s] [100%] [32m[1mLinking CXX shared library libgui_tennis_court_overlay.so[0m
[15.391s] [100%] Built target gui_tennis_court_overlay
