running egg_info
writing ../../build/vision_pkg/vision_pkg.egg-info/PKG-INFO
writing dependency_links to ../../build/vision_pkg/vision_pkg.egg-info/dependency_links.txt
writing requirements to ../../build/vision_pkg/vision_pkg.egg-info/requires.txt
writing top-level names to ../../build/vision_pkg/vision_pkg.egg-info/top_level.txt
reading manifest file '../../build/vision_pkg/vision_pkg.egg-info/SOURCES.txt'
writing manifest file '../../build/vision_pkg/vision_pkg.egg-info/SOURCES.txt'
running build
running build_py
copying vision_pkg/detect_ball.py -> /media/apolline/B2C2CC8EC2CC586D/apolline/Ecole/ENSTA/M2/IS/benoit-pai-rob/ros2_ws/build/vision_pkg/build/lib/vision_pkg
creating /media/apolline/B2C2CC8EC2CC586D/apolline/Ecole/ENSTA/M2/IS/benoit-pai-rob/ros2_ws/build/vision_pkg/build/lib/vision_pkg/models
copying vision_pkg/models/common.py -> /media/apolline/B2C2CC8EC2CC586D/apolline/Ecole/ENSTA/M2/IS/benoit-pai-rob/ros2_ws/build/vision_pkg/build/lib/vision_pkg/models
copying vision_pkg/models/experimental.py -> /media/apolline/B2C2CC8EC2CC586D/apolline/Ecole/ENSTA/M2/IS/benoit-pai-rob/ros2_ws/build/vision_pkg/build/lib/vision_pkg/models
copying vision_pkg/models/tf.py -> /media/apolline/B2C2CC8EC2CC586D/apolline/Ecole/ENSTA/M2/IS/benoit-pai-rob/ros2_ws/build/vision_pkg/build/lib/vision_pkg/models
copying vision_pkg/models/yolo.py -> /media/apolline/B2C2CC8EC2CC586D/apolline/Ecole/ENSTA/M2/IS/benoit-pai-rob/ros2_ws/build/vision_pkg/build/lib/vision_pkg/models
copying vision_pkg/models/__init__.py -> /media/apolline/B2C2CC8EC2CC586D/apolline/Ecole/ENSTA/M2/IS/benoit-pai-rob/ros2_ws/build/vision_pkg/build/lib/vision_pkg/models
creating /media/apolline/B2C2CC8EC2CC586D/apolline/Ecole/ENSTA/M2/IS/benoit-pai-rob/ros2_ws/build/vision_pkg/build/lib/vision_pkg/utils
copying vision_pkg/utils/activations.py -> /media/apolline/B2C2CC8EC2CC586D/apolline/Ecole/ENSTA/M2/IS/benoit-pai-rob/ros2_ws/build/vision_pkg/build/lib/vision_pkg/utils
copying vision_pkg/utils/augmentations.py -> /media/apolline/B2C2CC8EC2CC586D/apolline/Ecole/ENSTA/M2/IS/benoit-pai-rob/ros2_ws/build/vision_pkg/build/lib/vision_pkg/utils
copying vision_pkg/utils/autoanchor.py -> /media/apolline/B2C2CC8EC2CC586D/apolline/Ecole/ENSTA/M2/IS/benoit-pai-rob/ros2_ws/build/vision_pkg/build/lib/vision_pkg/utils
copying vision_pkg/utils/autobatch.py -> /media/apolline/B2C2CC8EC2CC586D/apolline/Ecole/ENSTA/M2/IS/benoit-pai-rob/ros2_ws/build/vision_pkg/build/lib/vision_pkg/utils
copying vision_pkg/utils/callbacks.py -> /media/apolline/B2C2CC8EC2CC586D/apolline/Ecole/ENSTA/M2/IS/benoit-pai-rob/ros2_ws/build/vision_pkg/build/lib/vision_pkg/utils
copying vision_pkg/utils/dataloaders.py -> /media/apolline/B2C2CC8EC2CC586D/apolline/Ecole/ENSTA/M2/IS/benoit-pai-rob/ros2_ws/build/vision_pkg/build/lib/vision_pkg/utils
copying vision_pkg/utils/downloads.py -> /media/apolline/B2C2CC8EC2CC586D/apolline/Ecole/ENSTA/M2/IS/benoit-pai-rob/ros2_ws/build/vision_pkg/build/lib/vision_pkg/utils
copying vision_pkg/utils/general.py -> /media/apolline/B2C2CC8EC2CC586D/apolline/Ecole/ENSTA/M2/IS/benoit-pai-rob/ros2_ws/build/vision_pkg/build/lib/vision_pkg/utils
copying vision_pkg/utils/loss.py -> /media/apolline/B2C2CC8EC2CC586D/apolline/Ecole/ENSTA/M2/IS/benoit-pai-rob/ros2_ws/build/vision_pkg/build/lib/vision_pkg/utils
copying vision_pkg/utils/metrics.py -> /media/apolline/B2C2CC8EC2CC586D/apolline/Ecole/ENSTA/M2/IS/benoit-pai-rob/ros2_ws/build/vision_pkg/build/lib/vision_pkg/utils
copying vision_pkg/utils/plots.py -> /media/apolline/B2C2CC8EC2CC586D/apolline/Ecole/ENSTA/M2/IS/benoit-pai-rob/ros2_ws/build/vision_pkg/build/lib/vision_pkg/utils
copying vision_pkg/utils/torch_utils.py -> /media/apolline/B2C2CC8EC2CC586D/apolline/Ecole/ENSTA/M2/IS/benoit-pai-rob/ros2_ws/build/vision_pkg/build/lib/vision_pkg/utils
copying vision_pkg/utils/triton.py -> /media/apolline/B2C2CC8EC2CC586D/apolline/Ecole/ENSTA/M2/IS/benoit-pai-rob/ros2_ws/build/vision_pkg/build/lib/vision_pkg/utils
copying vision_pkg/utils/__init__.py -> /media/apolline/B2C2CC8EC2CC586D/apolline/Ecole/ENSTA/M2/IS/benoit-pai-rob/ros2_ws/build/vision_pkg/build/lib/vision_pkg/utils
creating /media/apolline/B2C2CC8EC2CC586D/apolline/Ecole/ENSTA/M2/IS/benoit-pai-rob/ros2_ws/build/vision_pkg/build/lib/vision_pkg/utils/aws
copying vision_pkg/utils/aws/resume.py -> /media/apolline/B2C2CC8EC2CC586D/apolline/Ecole/ENSTA/M2/IS/benoit-pai-rob/ros2_ws/build/vision_pkg/build/lib/vision_pkg/utils/aws
copying vision_pkg/utils/aws/__init__.py -> /media/apolline/B2C2CC8EC2CC586D/apolline/Ecole/ENSTA/M2/IS/benoit-pai-rob/ros2_ws/build/vision_pkg/build/lib/vision_pkg/utils/aws
creating /media/apolline/B2C2CC8EC2CC586D/apolline/Ecole/ENSTA/M2/IS/benoit-pai-rob/ros2_ws/build/vision_pkg/build/lib/vision_pkg/utils/loggers
copying vision_pkg/utils/loggers/__init__.py -> /media/apolline/B2C2CC8EC2CC586D/apolline/Ecole/ENSTA/M2/IS/benoit-pai-rob/ros2_ws/build/vision_pkg/build/lib/vision_pkg/utils/loggers
creating /media/apolline/B2C2CC8EC2CC586D/apolline/Ecole/ENSTA/M2/IS/benoit-pai-rob/ros2_ws/build/vision_pkg/build/lib/vision_pkg/utils/segment
copying vision_pkg/utils/segment/augmentations.py -> /media/apolline/B2C2CC8EC2CC586D/apolline/Ecole/ENSTA/M2/IS/benoit-pai-rob/ros2_ws/build/vision_pkg/build/lib/vision_pkg/utils/segment
copying vision_pkg/utils/segment/dataloaders.py -> /media/apolline/B2C2CC8EC2CC586D/apolline/Ecole/ENSTA/M2/IS/benoit-pai-rob/ros2_ws/build/vision_pkg/build/lib/vision_pkg/utils/segment
copying vision_pkg/utils/segment/general.py -> /media/apolline/B2C2CC8EC2CC586D/apolline/Ecole/ENSTA/M2/IS/benoit-pai-rob/ros2_ws/build/vision_pkg/build/lib/vision_pkg/utils/segment
copying vision_pkg/utils/segment/loss.py -> /media/apolline/B2C2CC8EC2CC586D/apolline/Ecole/ENSTA/M2/IS/benoit-pai-rob/ros2_ws/build/vision_pkg/build/lib/vision_pkg/utils/segment
copying vision_pkg/utils/segment/metrics.py -> /media/apolline/B2C2CC8EC2CC586D/apolline/Ecole/ENSTA/M2/IS/benoit-pai-rob/ros2_ws/build/vision_pkg/build/lib/vision_pkg/utils/segment
copying vision_pkg/utils/segment/plots.py -> /media/apolline/B2C2CC8EC2CC586D/apolline/Ecole/ENSTA/M2/IS/benoit-pai-rob/ros2_ws/build/vision_pkg/build/lib/vision_pkg/utils/segment
copying vision_pkg/utils/segment/__init__.py -> /media/apolline/B2C2CC8EC2CC586D/apolline/Ecole/ENSTA/M2/IS/benoit-pai-rob/ros2_ws/build/vision_pkg/build/lib/vision_pkg/utils/segment
creating /media/apolline/B2C2CC8EC2CC586D/apolline/Ecole/ENSTA/M2/IS/benoit-pai-rob/ros2_ws/build/vision_pkg/build/lib/vision_pkg/utils/loggers/clearml
copying vision_pkg/utils/loggers/clearml/clearml_utils.py -> /media/apolline/B2C2CC8EC2CC586D/apolline/Ecole/ENSTA/M2/IS/benoit-pai-rob/ros2_ws/build/vision_pkg/build/lib/vision_pkg/utils/loggers/clearml
copying vision_pkg/utils/loggers/clearml/hpo.py -> /media/apolline/B2C2CC8EC2CC586D/apolline/Ecole/ENSTA/M2/IS/benoit-pai-rob/ros2_ws/build/vision_pkg/build/lib/vision_pkg/utils/loggers/clearml
copying vision_pkg/utils/loggers/clearml/__init__.py -> /media/apolline/B2C2CC8EC2CC586D/apolline/Ecole/ENSTA/M2/IS/benoit-pai-rob/ros2_ws/build/vision_pkg/build/lib/vision_pkg/utils/loggers/clearml
creating /media/apolline/B2C2CC8EC2CC586D/apolline/Ecole/ENSTA/M2/IS/benoit-pai-rob/ros2_ws/build/vision_pkg/build/lib/vision_pkg/utils/loggers/comet
copying vision_pkg/utils/loggers/comet/comet_utils.py -> /media/apolline/B2C2CC8EC2CC586D/apolline/Ecole/ENSTA/M2/IS/benoit-pai-rob/ros2_ws/build/vision_pkg/build/lib/vision_pkg/utils/loggers/comet
copying vision_pkg/utils/loggers/comet/hpo.py -> /media/apolline/B2C2CC8EC2CC586D/apolline/Ecole/ENSTA/M2/IS/benoit-pai-rob/ros2_ws/build/vision_pkg/build/lib/vision_pkg/utils/loggers/comet
copying vision_pkg/utils/loggers/comet/__init__.py -> /media/apolline/B2C2CC8EC2CC586D/apolline/Ecole/ENSTA/M2/IS/benoit-pai-rob/ros2_ws/build/vision_pkg/build/lib/vision_pkg/utils/loggers/comet
creating /media/apolline/B2C2CC8EC2CC586D/apolline/Ecole/ENSTA/M2/IS/benoit-pai-rob/ros2_ws/build/vision_pkg/build/lib/vision_pkg/utils/loggers/wandb
copying vision_pkg/utils/loggers/wandb/wandb_utils.py -> /media/apolline/B2C2CC8EC2CC586D/apolline/Ecole/ENSTA/M2/IS/benoit-pai-rob/ros2_ws/build/vision_pkg/build/lib/vision_pkg/utils/loggers/wandb
copying vision_pkg/utils/loggers/wandb/__init__.py -> /media/apolline/B2C2CC8EC2CC586D/apolline/Ecole/ENSTA/M2/IS/benoit-pai-rob/ros2_ws/build/vision_pkg/build/lib/vision_pkg/utils/loggers/wandb
running install
/home/apolline/.local/lib/python3.10/site-packages/setuptools/_distutils/cmd.py:66: SetuptoolsDeprecationWarning: setup.py install is deprecated.
!!

        ********************************************************************************
        Please avoid running ``setup.py`` directly.
        Instead, use pypa/build, pypa/installer or other
        standards-based tools.

        See https://blog.ganssle.io/articles/2021/10/setup-py-deprecated.html for details.
        ********************************************************************************

!!
  self.initialize_options()
running install_lib
copying /media/apolline/B2C2CC8EC2CC586D/apolline/Ecole/ENSTA/M2/IS/benoit-pai-rob/ros2_ws/build/vision_pkg/build/lib/vision_pkg/detect_ball.py -> /media/apolline/B2C2CC8EC2CC586D/apolline/Ecole/ENSTA/M2/IS/benoit-pai-rob/ros2_ws/install/vision_pkg/lib/python3.10/site-packages/vision_pkg
creating /media/apolline/B2C2CC8EC2CC586D/apolline/Ecole/ENSTA/M2/IS/benoit-pai-rob/ros2_ws/install/vision_pkg/lib/python3.10/site-packages/vision_pkg/models
copying /media/apolline/B2C2CC8EC2CC586D/apolline/Ecole/ENSTA/M2/IS/benoit-pai-rob/ros2_ws/build/vision_pkg/build/lib/vision_pkg/models/common.py -> /media/apolline/B2C2CC8EC2CC586D/apolline/Ecole/ENSTA/M2/IS/benoit-pai-rob/ros2_ws/install/vision_pkg/lib/python3.10/site-packages/vision_pkg/models
copying /media/apolline/B2C2CC8EC2CC586D/apolline/Ecole/ENSTA/M2/IS/benoit-pai-rob/ros2_ws/build/vision_pkg/build/lib/vision_pkg/models/experimental.py -> /media/apolline/B2C2CC8EC2CC586D/apolline/Ecole/ENSTA/M2/IS/benoit-pai-rob/ros2_ws/install/vision_pkg/lib/python3.10/site-packages/vision_pkg/models
copying /media/apolline/B2C2CC8EC2CC586D/apolline/Ecole/ENSTA/M2/IS/benoit-pai-rob/ros2_ws/build/vision_pkg/build/lib/vision_pkg/models/tf.py -> /media/apolline/B2C2CC8EC2CC586D/apolline/Ecole/ENSTA/M2/IS/benoit-pai-rob/ros2_ws/install/vision_pkg/lib/python3.10/site-packages/vision_pkg/models
copying /media/apolline/B2C2CC8EC2CC586D/apolline/Ecole/ENSTA/M2/IS/benoit-pai-rob/ros2_ws/build/vision_pkg/build/lib/vision_pkg/models/yolo.py -> /media/apolline/B2C2CC8EC2CC586D/apolline/Ecole/ENSTA/M2/IS/benoit-pai-rob/ros2_ws/install/vision_pkg/lib/python3.10/site-packages/vision_pkg/models
copying /media/apolline/B2C2CC8EC2CC586D/apolline/Ecole/ENSTA/M2/IS/benoit-pai-rob/ros2_ws/build/vision_pkg/build/lib/vision_pkg/models/__init__.py -> /media/apolline/B2C2CC8EC2CC586D/apolline/Ecole/ENSTA/M2/IS/benoit-pai-rob/ros2_ws/install/vision_pkg/lib/python3.10/site-packages/vision_pkg/models
creating /media/apolline/B2C2CC8EC2CC586D/apolline/Ecole/ENSTA/M2/IS/benoit-pai-rob/ros2_ws/install/vision_pkg/lib/python3.10/site-packages/vision_pkg/utils
copying /media/apolline/B2C2CC8EC2CC586D/apolline/Ecole/ENSTA/M2/IS/benoit-pai-rob/ros2_ws/build/vision_pkg/build/lib/vision_pkg/utils/activations.py -> /media/apolline/B2C2CC8EC2CC586D/apolline/Ecole/ENSTA/M2/IS/benoit-pai-rob/ros2_ws/install/vision_pkg/lib/python3.10/site-packages/vision_pkg/utils
copying /media/apolline/B2C2CC8EC2CC586D/apolline/Ecole/ENSTA/M2/IS/benoit-pai-rob/ros2_ws/build/vision_pkg/build/lib/vision_pkg/utils/augmentations.py -> /media/apolline/B2C2CC8EC2CC586D/apolline/Ecole/ENSTA/M2/IS/benoit-pai-rob/ros2_ws/install/vision_pkg/lib/python3.10/site-packages/vision_pkg/utils
copying /media/apolline/B2C2CC8EC2CC586D/apolline/Ecole/ENSTA/M2/IS/benoit-pai-rob/ros2_ws/build/vision_pkg/build/lib/vision_pkg/utils/autoanchor.py -> /media/apolline/B2C2CC8EC2CC586D/apolline/Ecole/ENSTA/M2/IS/benoit-pai-rob/ros2_ws/install/vision_pkg/lib/python3.10/site-packages/vision_pkg/utils
copying /media/apolline/B2C2CC8EC2CC586D/apolline/Ecole/ENSTA/M2/IS/benoit-pai-rob/ros2_ws/build/vision_pkg/build/lib/vision_pkg/utils/autobatch.py -> /media/apolline/B2C2CC8EC2CC586D/apolline/Ecole/ENSTA/M2/IS/benoit-pai-rob/ros2_ws/install/vision_pkg/lib/python3.10/site-packages/vision_pkg/utils
creating /media/apolline/B2C2CC8EC2CC586D/apolline/Ecole/ENSTA/M2/IS/benoit-pai-rob/ros2_ws/install/vision_pkg/lib/python3.10/site-packages/vision_pkg/utils/aws
copying /media/apolline/B2C2CC8EC2CC586D/apolline/Ecole/ENSTA/M2/IS/benoit-pai-rob/ros2_ws/build/vision_pkg/build/lib/vision_pkg/utils/aws/resume.py -> /media/apolline/B2C2CC8EC2CC586D/apolline/Ecole/ENSTA/M2/IS/benoit-pai-rob/ros2_ws/install/vision_pkg/lib/python3.10/site-packages/vision_pkg/utils/aws
copying /media/apolline/B2C2CC8EC2CC586D/apolline/Ecole/ENSTA/M2/IS/benoit-pai-rob/ros2_ws/build/vision_pkg/build/lib/vision_pkg/utils/aws/__init__.py -> /media/apolline/B2C2CC8EC2CC586D/apolline/Ecole/ENSTA/M2/IS/benoit-pai-rob/ros2_ws/install/vision_pkg/lib/python3.10/site-packages/vision_pkg/utils/aws
copying /media/apolline/B2C2CC8EC2CC586D/apolline/Ecole/ENSTA/M2/IS/benoit-pai-rob/ros2_ws/build/vision_pkg/build/lib/vision_pkg/utils/callbacks.py -> /media/apolline/B2C2CC8EC2CC586D/apolline/Ecole/ENSTA/M2/IS/benoit-pai-rob/ros2_ws/install/vision_pkg/lib/python3.10/site-packages/vision_pkg/utils
copying /media/apolline/B2C2CC8EC2CC586D/apolline/Ecole/ENSTA/M2/IS/benoit-pai-rob/ros2_ws/build/vision_pkg/build/lib/vision_pkg/utils/dataloaders.py -> /media/apolline/B2C2CC8EC2CC586D/apolline/Ecole/ENSTA/M2/IS/benoit-pai-rob/ros2_ws/install/vision_pkg/lib/python3.10/site-packages/vision_pkg/utils
copying /media/apolline/B2C2CC8EC2CC586D/apolline/Ecole/ENSTA/M2/IS/benoit-pai-rob/ros2_ws/build/vision_pkg/build/lib/vision_pkg/utils/downloads.py -> /media/apolline/B2C2CC8EC2CC586D/apolline/Ecole/ENSTA/M2/IS/benoit-pai-rob/ros2_ws/install/vision_pkg/lib/python3.10/site-packages/vision_pkg/utils
copying /media/apolline/B2C2CC8EC2CC586D/apolline/Ecole/ENSTA/M2/IS/benoit-pai-rob/ros2_ws/build/vision_pkg/build/lib/vision_pkg/utils/general.py -> /media/apolline/B2C2CC8EC2CC586D/apolline/Ecole/ENSTA/M2/IS/benoit-pai-rob/ros2_ws/install/vision_pkg/lib/python3.10/site-packages/vision_pkg/utils
creating /media/apolline/B2C2CC8EC2CC586D/apolline/Ecole/ENSTA/M2/IS/benoit-pai-rob/ros2_ws/install/vision_pkg/lib/python3.10/site-packages/vision_pkg/utils/loggers
creating /media/apolline/B2C2CC8EC2CC586D/apolline/Ecole/ENSTA/M2/IS/benoit-pai-rob/ros2_ws/install/vision_pkg/lib/python3.10/site-packages/vision_pkg/utils/loggers/clearml
copying /media/apolline/B2C2CC8EC2CC586D/apolline/Ecole/ENSTA/M2/IS/benoit-pai-rob/ros2_ws/build/vision_pkg/build/lib/vision_pkg/utils/loggers/clearml/clearml_utils.py -> /media/apolline/B2C2CC8EC2CC586D/apolline/Ecole/ENSTA/M2/IS/benoit-pai-rob/ros2_ws/install/vision_pkg/lib/python3.10/site-packages/vision_pkg/utils/loggers/clearml
copying /media/apolline/B2C2CC8EC2CC586D/apolline/Ecole/ENSTA/M2/IS/benoit-pai-rob/ros2_ws/build/vision_pkg/build/lib/vision_pkg/utils/loggers/clearml/hpo.py -> /media/apolline/B2C2CC8EC2CC586D/apolline/Ecole/ENSTA/M2/IS/benoit-pai-rob/ros2_ws/install/vision_pkg/lib/python3.10/site-packages/vision_pkg/utils/loggers/clearml
copying /media/apolline/B2C2CC8EC2CC586D/apolline/Ecole/ENSTA/M2/IS/benoit-pai-rob/ros2_ws/build/vision_pkg/build/lib/vision_pkg/utils/loggers/clearml/__init__.py -> /media/apolline/B2C2CC8EC2CC586D/apolline/Ecole/ENSTA/M2/IS/benoit-pai-rob/ros2_ws/install/vision_pkg/lib/python3.10/site-packages/vision_pkg/utils/loggers/clearml
creating /media/apolline/B2C2CC8EC2CC586D/apolline/Ecole/ENSTA/M2/IS/benoit-pai-rob/ros2_ws/install/vision_pkg/lib/python3.10/site-packages/vision_pkg/utils/loggers/comet
copying /media/apolline/B2C2CC8EC2CC586D/apolline/Ecole/ENSTA/M2/IS/benoit-pai-rob/ros2_ws/build/vision_pkg/build/lib/vision_pkg/utils/loggers/comet/comet_utils.py -> /media/apolline/B2C2CC8EC2CC586D/apolline/Ecole/ENSTA/M2/IS/benoit-pai-rob/ros2_ws/install/vision_pkg/lib/python3.10/site-packages/vision_pkg/utils/loggers/comet
copying /media/apolline/B2C2CC8EC2CC586D/apolline/Ecole/ENSTA/M2/IS/benoit-pai-rob/ros2_ws/build/vision_pkg/build/lib/vision_pkg/utils/loggers/comet/hpo.py -> /media/apolline/B2C2CC8EC2CC586D/apolline/Ecole/ENSTA/M2/IS/benoit-pai-rob/ros2_ws/install/vision_pkg/lib/python3.10/site-packages/vision_pkg/utils/loggers/comet
copying /media/apolline/B2C2CC8EC2CC586D/apolline/Ecole/ENSTA/M2/IS/benoit-pai-rob/ros2_ws/build/vision_pkg/build/lib/vision_pkg/utils/loggers/comet/__init__.py -> /media/apolline/B2C2CC8EC2CC586D/apolline/Ecole/ENSTA/M2/IS/benoit-pai-rob/ros2_ws/install/vision_pkg/lib/python3.10/site-packages/vision_pkg/utils/loggers/comet
creating /media/apolline/B2C2CC8EC2CC586D/apolline/Ecole/ENSTA/M2/IS/benoit-pai-rob/ros2_ws/install/vision_pkg/lib/python3.10/site-packages/vision_pkg/utils/loggers/wandb
copying /media/apolline/B2C2CC8EC2CC586D/apolline/Ecole/ENSTA/M2/IS/benoit-pai-rob/ros2_ws/build/vision_pkg/build/lib/vision_pkg/utils/loggers/wandb/wandb_utils.py -> /media/apolline/B2C2CC8EC2CC586D/apolline/Ecole/ENSTA/M2/IS/benoit-pai-rob/ros2_ws/install/vision_pkg/lib/python3.10/site-packages/vision_pkg/utils/loggers/wandb
copying /media/apolline/B2C2CC8EC2CC586D/apolline/Ecole/ENSTA/M2/IS/benoit-pai-rob/ros2_ws/build/vision_pkg/build/lib/vision_pkg/utils/loggers/wandb/__init__.py -> /media/apolline/B2C2CC8EC2CC586D/apolline/Ecole/ENSTA/M2/IS/benoit-pai-rob/ros2_ws/install/vision_pkg/lib/python3.10/site-packages/vision_pkg/utils/loggers/wandb
copying /media/apolline/B2C2CC8EC2CC586D/apolline/Ecole/ENSTA/M2/IS/benoit-pai-rob/ros2_ws/build/vision_pkg/build/lib/vision_pkg/utils/loggers/__init__.py -> /media/apolline/B2C2CC8EC2CC586D/apolline/Ecole/ENSTA/M2/IS/benoit-pai-rob/ros2_ws/install/vision_pkg/lib/python3.10/site-packages/vision_pkg/utils/loggers
copying /media/apolline/B2C2CC8EC2CC586D/apolline/Ecole/ENSTA/M2/IS/benoit-pai-rob/ros2_ws/build/vision_pkg/build/lib/vision_pkg/utils/loss.py -> /media/apolline/B2C2CC8EC2CC586D/apolline/Ecole/ENSTA/M2/IS/benoit-pai-rob/ros2_ws/install/vision_pkg/lib/python3.10/site-packages/vision_pkg/utils
copying /media/apolline/B2C2CC8EC2CC586D/apolline/Ecole/ENSTA/M2/IS/benoit-pai-rob/ros2_ws/build/vision_pkg/build/lib/vision_pkg/utils/metrics.py -> /media/apolline/B2C2CC8EC2CC586D/apolline/Ecole/ENSTA/M2/IS/benoit-pai-rob/ros2_ws/install/vision_pkg/lib/python3.10/site-packages/vision_pkg/utils
copying /media/apolline/B2C2CC8EC2CC586D/apolline/Ecole/ENSTA/M2/IS/benoit-pai-rob/ros2_ws/build/vision_pkg/build/lib/vision_pkg/utils/plots.py -> /media/apolline/B2C2CC8EC2CC586D/apolline/Ecole/ENSTA/M2/IS/benoit-pai-rob/ros2_ws/install/vision_pkg/lib/python3.10/site-packages/vision_pkg/utils
creating /media/apolline/B2C2CC8EC2CC586D/apolline/Ecole/ENSTA/M2/IS/benoit-pai-rob/ros2_ws/install/vision_pkg/lib/python3.10/site-packages/vision_pkg/utils/segment
copying /media/apolline/B2C2CC8EC2CC586D/apolline/Ecole/ENSTA/M2/IS/benoit-pai-rob/ros2_ws/build/vision_pkg/build/lib/vision_pkg/utils/segment/augmentations.py -> /media/apolline/B2C2CC8EC2CC586D/apolline/Ecole/ENSTA/M2/IS/benoit-pai-rob/ros2_ws/install/vision_pkg/lib/python3.10/site-packages/vision_pkg/utils/segment
copying /media/apolline/B2C2CC8EC2CC586D/apolline/Ecole/ENSTA/M2/IS/benoit-pai-rob/ros2_ws/build/vision_pkg/build/lib/vision_pkg/utils/segment/dataloaders.py -> /media/apolline/B2C2CC8EC2CC586D/apolline/Ecole/ENSTA/M2/IS/benoit-pai-rob/ros2_ws/install/vision_pkg/lib/python3.10/site-packages/vision_pkg/utils/segment
copying /media/apolline/B2C2CC8EC2CC586D/apolline/Ecole/ENSTA/M2/IS/benoit-pai-rob/ros2_ws/build/vision_pkg/build/lib/vision_pkg/utils/segment/general.py -> /media/apolline/B2C2CC8EC2CC586D/apolline/Ecole/ENSTA/M2/IS/benoit-pai-rob/ros2_ws/install/vision_pkg/lib/python3.10/site-packages/vision_pkg/utils/segment
copying /media/apolline/B2C2CC8EC2CC586D/apolline/Ecole/ENSTA/M2/IS/benoit-pai-rob/ros2_ws/build/vision_pkg/build/lib/vision_pkg/utils/segment/loss.py -> /media/apolline/B2C2CC8EC2CC586D/apolline/Ecole/ENSTA/M2/IS/benoit-pai-rob/ros2_ws/install/vision_pkg/lib/python3.10/site-packages/vision_pkg/utils/segment
copying /media/apolline/B2C2CC8EC2CC586D/apolline/Ecole/ENSTA/M2/IS/benoit-pai-rob/ros2_ws/build/vision_pkg/build/lib/vision_pkg/utils/segment/metrics.py -> /media/apolline/B2C2CC8EC2CC586D/apolline/Ecole/ENSTA/M2/IS/benoit-pai-rob/ros2_ws/install/vision_pkg/lib/python3.10/site-packages/vision_pkg/utils/segment
copying /media/apolline/B2C2CC8EC2CC586D/apolline/Ecole/ENSTA/M2/IS/benoit-pai-rob/ros2_ws/build/vision_pkg/build/lib/vision_pkg/utils/segment/plots.py -> /media/apolline/B2C2CC8EC2CC586D/apolline/Ecole/ENSTA/M2/IS/benoit-pai-rob/ros2_ws/install/vision_pkg/lib/python3.10/site-packages/vision_pkg/utils/segment
copying /media/apolline/B2C2CC8EC2CC586D/apolline/Ecole/ENSTA/M2/IS/benoit-pai-rob/ros2_ws/build/vision_pkg/build/lib/vision_pkg/utils/segment/__init__.py -> /media/apolline/B2C2CC8EC2CC586D/apolline/Ecole/ENSTA/M2/IS/benoit-pai-rob/ros2_ws/install/vision_pkg/lib/python3.10/site-packages/vision_pkg/utils/segment
copying /media/apolline/B2C2CC8EC2CC586D/apolline/Ecole/ENSTA/M2/IS/benoit-pai-rob/ros2_ws/build/vision_pkg/build/lib/vision_pkg/utils/torch_utils.py -> /media/apolline/B2C2CC8EC2CC586D/apolline/Ecole/ENSTA/M2/IS/benoit-pai-rob/ros2_ws/install/vision_pkg/lib/python3.10/site-packages/vision_pkg/utils
copying /media/apolline/B2C2CC8EC2CC586D/apolline/Ecole/ENSTA/M2/IS/benoit-pai-rob/ros2_ws/build/vision_pkg/build/lib/vision_pkg/utils/triton.py -> /media/apolline/B2C2CC8EC2CC586D/apolline/Ecole/ENSTA/M2/IS/benoit-pai-rob/ros2_ws/install/vision_pkg/lib/python3.10/site-packages/vision_pkg/utils
copying /media/apolline/B2C2CC8EC2CC586D/apolline/Ecole/ENSTA/M2/IS/benoit-pai-rob/ros2_ws/build/vision_pkg/build/lib/vision_pkg/utils/__init__.py -> /media/apolline/B2C2CC8EC2CC586D/apolline/Ecole/ENSTA/M2/IS/benoit-pai-rob/ros2_ws/install/vision_pkg/lib/python3.10/site-packages/vision_pkg/utils
byte-compiling /media/apolline/B2C2CC8EC2CC586D/apolline/Ecole/ENSTA/M2/IS/benoit-pai-rob/ros2_ws/install/vision_pkg/lib/python3.10/site-packages/vision_pkg/detect_ball.py to detect_ball.cpython-310.pyc
byte-compiling /media/apolline/B2C2CC8EC2CC586D/apolline/Ecole/ENSTA/M2/IS/benoit-pai-rob/ros2_ws/install/vision_pkg/lib/python3.10/site-packages/vision_pkg/models/common.py to common.cpython-310.pyc
byte-compiling /media/apolline/B2C2CC8EC2CC586D/apolline/Ecole/ENSTA/M2/IS/benoit-pai-rob/ros2_ws/install/vision_pkg/lib/python3.10/site-packages/vision_pkg/models/experimental.py to experimental.cpython-310.pyc
byte-compiling /media/apolline/B2C2CC8EC2CC586D/apolline/Ecole/ENSTA/M2/IS/benoit-pai-rob/ros2_ws/install/vision_pkg/lib/python3.10/site-packages/vision_pkg/models/tf.py to tf.cpython-310.pyc
byte-compiling /media/apolline/B2C2CC8EC2CC586D/apolline/Ecole/ENSTA/M2/IS/benoit-pai-rob/ros2_ws/install/vision_pkg/lib/python3.10/site-packages/vision_pkg/models/yolo.py to yolo.cpython-310.pyc
byte-compiling /media/apolline/B2C2CC8EC2CC586D/apolline/Ecole/ENSTA/M2/IS/benoit-pai-rob/ros2_ws/install/vision_pkg/lib/python3.10/site-packages/vision_pkg/models/__init__.py to __init__.cpython-310.pyc
byte-compiling /media/apolline/B2C2CC8EC2CC586D/apolline/Ecole/ENSTA/M2/IS/benoit-pai-rob/ros2_ws/install/vision_pkg/lib/python3.10/site-packages/vision_pkg/utils/activations.py to activations.cpython-310.pyc
byte-compiling /media/apolline/B2C2CC8EC2CC586D/apolline/Ecole/ENSTA/M2/IS/benoit-pai-rob/ros2_ws/install/vision_pkg/lib/python3.10/site-packages/vision_pkg/utils/augmentations.py to augmentations.cpython-310.pyc
byte-compiling /media/apolline/B2C2CC8EC2CC586D/apolline/Ecole/ENSTA/M2/IS/benoit-pai-rob/ros2_ws/install/vision_pkg/lib/python3.10/site-packages/vision_pkg/utils/autoanchor.py to autoanchor.cpython-310.pyc
byte-compiling /media/apolline/B2C2CC8EC2CC586D/apolline/Ecole/ENSTA/M2/IS/benoit-pai-rob/ros2_ws/install/vision_pkg/lib/python3.10/site-packages/vision_pkg/utils/autobatch.py to autobatch.cpython-310.pyc
byte-compiling /media/apolline/B2C2CC8EC2CC586D/apolline/Ecole/ENSTA/M2/IS/benoit-pai-rob/ros2_ws/install/vision_pkg/lib/python3.10/site-packages/vision_pkg/utils/aws/resume.py to resume.cpython-310.pyc
byte-compiling /media/apolline/B2C2CC8EC2CC586D/apolline/Ecole/ENSTA/M2/IS/benoit-pai-rob/ros2_ws/install/vision_pkg/lib/python3.10/site-packages/vision_pkg/utils/aws/__init__.py to __init__.cpython-310.pyc
byte-compiling /media/apolline/B2C2CC8EC2CC586D/apolline/Ecole/ENSTA/M2/IS/benoit-pai-rob/ros2_ws/install/vision_pkg/lib/python3.10/site-packages/vision_pkg/utils/callbacks.py to callbacks.cpython-310.pyc
byte-compiling /media/apolline/B2C2CC8EC2CC586D/apolline/Ecole/ENSTA/M2/IS/benoit-pai-rob/ros2_ws/install/vision_pkg/lib/python3.10/site-packages/vision_pkg/utils/dataloaders.py to dataloaders.cpython-310.pyc
byte-compiling /media/apolline/B2C2CC8EC2CC586D/apolline/Ecole/ENSTA/M2/IS/benoit-pai-rob/ros2_ws/install/vision_pkg/lib/python3.10/site-packages/vision_pkg/utils/downloads.py to downloads.cpython-310.pyc
byte-compiling /media/apolline/B2C2CC8EC2CC586D/apolline/Ecole/ENSTA/M2/IS/benoit-pai-rob/ros2_ws/install/vision_pkg/lib/python3.10/site-packages/vision_pkg/utils/general.py to general.cpython-310.pyc
byte-compiling /media/apolline/B2C2CC8EC2CC586D/apolline/Ecole/ENSTA/M2/IS/benoit-pai-rob/ros2_ws/install/vision_pkg/lib/python3.10/site-packages/vision_pkg/utils/loggers/clearml/clearml_utils.py to clearml_utils.cpython-310.pyc
byte-compiling /media/apolline/B2C2CC8EC2CC586D/apolline/Ecole/ENSTA/M2/IS/benoit-pai-rob/ros2_ws/install/vision_pkg/lib/python3.10/site-packages/vision_pkg/utils/loggers/clearml/hpo.py to hpo.cpython-310.pyc
byte-compiling /media/apolline/B2C2CC8EC2CC586D/apolline/Ecole/ENSTA/M2/IS/benoit-pai-rob/ros2_ws/install/vision_pkg/lib/python3.10/site-packages/vision_pkg/utils/loggers/clearml/__init__.py to __init__.cpython-310.pyc
byte-compiling /media/apolline/B2C2CC8EC2CC586D/apolline/Ecole/ENSTA/M2/IS/benoit-pai-rob/ros2_ws/install/vision_pkg/lib/python3.10/site-packages/vision_pkg/utils/loggers/comet/comet_utils.py to comet_utils.cpython-310.pyc
byte-compiling /media/apolline/B2C2CC8EC2CC586D/apolline/Ecole/ENSTA/M2/IS/benoit-pai-rob/ros2_ws/install/vision_pkg/lib/python3.10/site-packages/vision_pkg/utils/loggers/comet/hpo.py to hpo.cpython-310.pyc
byte-compiling /media/apolline/B2C2CC8EC2CC586D/apolline/Ecole/ENSTA/M2/IS/benoit-pai-rob/ros2_ws/install/vision_pkg/lib/python3.10/site-packages/vision_pkg/utils/loggers/comet/__init__.py to __init__.cpython-310.pyc
byte-compiling /media/apolline/B2C2CC8EC2CC586D/apolline/Ecole/ENSTA/M2/IS/benoit-pai-rob/ros2_ws/install/vision_pkg/lib/python3.10/site-packages/vision_pkg/utils/loggers/wandb/wandb_utils.py to wandb_utils.cpython-310.pyc
byte-compiling /media/apolline/B2C2CC8EC2CC586D/apolline/Ecole/ENSTA/M2/IS/benoit-pai-rob/ros2_ws/install/vision_pkg/lib/python3.10/site-packages/vision_pkg/utils/loggers/wandb/__init__.py to __init__.cpython-310.pyc
byte-compiling /media/apolline/B2C2CC8EC2CC586D/apolline/Ecole/ENSTA/M2/IS/benoit-pai-rob/ros2_ws/install/vision_pkg/lib/python3.10/site-packages/vision_pkg/utils/loggers/__init__.py to __init__.cpython-310.pyc
byte-compiling /media/apolline/B2C2CC8EC2CC586D/apolline/Ecole/ENSTA/M2/IS/benoit-pai-rob/ros2_ws/install/vision_pkg/lib/python3.10/site-packages/vision_pkg/utils/loss.py to loss.cpython-310.pyc
byte-compiling /media/apolline/B2C2CC8EC2CC586D/apolline/Ecole/ENSTA/M2/IS/benoit-pai-rob/ros2_ws/install/vision_pkg/lib/python3.10/site-packages/vision_pkg/utils/metrics.py to metrics.cpython-310.pyc
byte-compiling /media/apolline/B2C2CC8EC2CC586D/apolline/Ecole/ENSTA/M2/IS/benoit-pai-rob/ros2_ws/install/vision_pkg/lib/python3.10/site-packages/vision_pkg/utils/plots.py to plots.cpython-310.pyc
byte-compiling /media/apolline/B2C2CC8EC2CC586D/apolline/Ecole/ENSTA/M2/IS/benoit-pai-rob/ros2_ws/install/vision_pkg/lib/python3.10/site-packages/vision_pkg/utils/segment/augmentations.py to augmentations.cpython-310.pyc
byte-compiling /media/apolline/B2C2CC8EC2CC586D/apolline/Ecole/ENSTA/M2/IS/benoit-pai-rob/ros2_ws/install/vision_pkg/lib/python3.10/site-packages/vision_pkg/utils/segment/dataloaders.py to dataloaders.cpython-310.pyc
byte-compiling /media/apolline/B2C2CC8EC2CC586D/apolline/Ecole/ENSTA/M2/IS/benoit-pai-rob/ros2_ws/install/vision_pkg/lib/python3.10/site-packages/vision_pkg/utils/segment/general.py to general.cpython-310.pyc
byte-compiling /media/apolline/B2C2CC8EC2CC586D/apolline/Ecole/ENSTA/M2/IS/benoit-pai-rob/ros2_ws/install/vision_pkg/lib/python3.10/site-packages/vision_pkg/utils/segment/loss.py to loss.cpython-310.pyc
byte-compiling /media/apolline/B2C2CC8EC2CC586D/apolline/Ecole/ENSTA/M2/IS/benoit-pai-rob/ros2_ws/install/vision_pkg/lib/python3.10/site-packages/vision_pkg/utils/segment/metrics.py to metrics.cpython-310.pyc
byte-compiling /media/apolline/B2C2CC8EC2CC586D/apolline/Ecole/ENSTA/M2/IS/benoit-pai-rob/ros2_ws/install/vision_pkg/lib/python3.10/site-packages/vision_pkg/utils/segment/plots.py to plots.cpython-310.pyc
byte-compiling /media/apolline/B2C2CC8EC2CC586D/apolline/Ecole/ENSTA/M2/IS/benoit-pai-rob/ros2_ws/install/vision_pkg/lib/python3.10/site-packages/vision_pkg/utils/segment/__init__.py to __init__.cpython-310.pyc
byte-compiling /media/apolline/B2C2CC8EC2CC586D/apolline/Ecole/ENSTA/M2/IS/benoit-pai-rob/ros2_ws/install/vision_pkg/lib/python3.10/site-packages/vision_pkg/utils/torch_utils.py to torch_utils.cpython-310.pyc
byte-compiling /media/apolline/B2C2CC8EC2CC586D/apolline/Ecole/ENSTA/M2/IS/benoit-pai-rob/ros2_ws/install/vision_pkg/lib/python3.10/site-packages/vision_pkg/utils/triton.py to triton.cpython-310.pyc
byte-compiling /media/apolline/B2C2CC8EC2CC586D/apolline/Ecole/ENSTA/M2/IS/benoit-pai-rob/ros2_ws/install/vision_pkg/lib/python3.10/site-packages/vision_pkg/utils/__init__.py to __init__.cpython-310.pyc
running install_data
running install_egg_info
removing '/media/apolline/B2C2CC8EC2CC586D/apolline/Ecole/ENSTA/M2/IS/benoit-pai-rob/ros2_ws/install/vision_pkg/lib/python3.10/site-packages/vision_pkg-0.0.0-py3.10.egg-info' (and everything under it)
Copying ../../build/vision_pkg/vision_pkg.egg-info to /media/apolline/B2C2CC8EC2CC586D/apolline/Ecole/ENSTA/M2/IS/benoit-pai-rob/ros2_ws/install/vision_pkg/lib/python3.10/site-packages/vision_pkg-0.0.0-py3.10.egg-info
running install_scripts
writing list of installed files to '/media/apolline/B2C2CC8EC2CC586D/apolline/Ecole/ENSTA/M2/IS/benoit-pai-rob/ros2_ws/build/vision_pkg/install.log'
