[0.097s] Invoking command in '/media/apolline/B2C2CC8EC2CC586D/apolline/Ecole/ENSTA/M2/IS/benoit-pai-rob/ros2_ws/build/tennis_court': CMAKE_PREFIX_PATH=/opt/ros/humble /usr/bin/cmake --build /media/apolline/B2C2CC8EC2CC586D/apolline/Ecole/ENSTA/M2/IS/benoit-pai-rob/ros2_ws/build/tennis_court -- -j16 -l16
[0.135s] [  2%] Built target tennis_court__cpp
[0.137s] [ 11%] Built target tennis_court__rosidl_generator_c
[0.149s] [ 11%] Built target ament_cmake_python_copy_scripts
[0.158s] [ 28%] Built target tennis_court__rosidl_typesupport_introspection_cpp
[0.158s] [ 28%] Built target tennis_court__rosidl_typesupport_fastrtps_cpp
[0.159s] [ 45%] Built target tennis_court__rosidl_typesupport_c
[0.159s] [ 45%] Built target tennis_court__rosidl_typesupport_cpp
[0.163s] [ 54%] Built target tennis_court__rosidl_typesupport_fastrtps_c
[0.165s] [ 62%] Built target tennis_court__rosidl_typesupport_introspection_c
[0.172s] [ 62%] Built target ament_cmake_python_copy_tennis_court
[0.177s] [ 65%] [34m[1mAutomatic MOC for target gui_tennis_court_overlay[0m
[0.183s] [ 65%] Built target tennis_court
[0.197s] [ 65%] Built target gui_tennis_court_overlay_autogen
[0.203s] [ 68%] Built target tennis_court__py
[0.222s] [ 74%] Built target tennis_court__rosidl_generator_py
[0.236s] [ 82%] Built target gui_tennis_court_overlay
[0.241s] [ 88%] Built target tennis_court__rosidl_typesupport_fastrtps_c__pyext
[0.245s] [ 94%] Built target tennis_court__rosidl_typesupport_c__pyext
[0.246s] [100%] Built target tennis_court__rosidl_typesupport_introspection_c__pyext
[0.306s] running egg_info
[0.317s] writing scripts.egg-info/PKG-INFO
[0.318s] writing dependency_links to scripts.egg-info/dependency_links.txt
[0.319s] writing top-level names to scripts.egg-info/top_level.txt
[0.347s] running egg_info
[0.358s] writing tennis_court.egg-info/PKG-INFO
[0.359s] writing dependency_links to tennis_court.egg-info/dependency_links.txt
[0.360s] writing top-level names to tennis_court.egg-info/top_level.txt
[0.411s] reading manifest file 'scripts.egg-info/SOURCES.txt'
[0.412s] writing manifest file 'scripts.egg-info/SOURCES.txt'
[0.436s] [100%] Built target ament_cmake_python_build_scripts_egg
[0.464s] reading manifest file 'tennis_court.egg-info/SOURCES.txt'
[0.465s] writing manifest file 'tennis_court.egg-info/SOURCES.txt'
[0.488s] [100%] Built target ament_cmake_python_build_tennis_court_egg
[0.500s] Invoked command in '/media/apolline/B2C2CC8EC2CC586D/apolline/Ecole/ENSTA/M2/IS/benoit-pai-rob/ros2_ws/build/tennis_court' returned '0': CMAKE_PREFIX_PATH=/opt/ros/humble /usr/bin/cmake --build /media/apolline/B2C2CC8EC2CC586D/apolline/Ecole/ENSTA/M2/IS/benoit-pai-rob/ros2_ws/build/tennis_court -- -j16 -l16
[0.544s] Invoking command in '/media/apolline/B2C2CC8EC2CC586D/apolline/Ecole/ENSTA/M2/IS/benoit-pai-rob/ros2_ws/build/tennis_court': CMAKE_PREFIX_PATH=/opt/ros/humble /usr/bin/cmake --install /media/apolline/B2C2CC8EC2CC586D/apolline/Ecole/ENSTA/M2/IS/benoit-pai-rob/ros2_ws/build/tennis_court
[0.551s] -- Install configuration: ""
[0.553s] -- Installing: /media/apolline/B2C2CC8EC2CC586D/apolline/Ecole/ENSTA/M2/IS/benoit-pai-rob/ros2_ws/install/tennis_court/share/ament_index/resource_index/rosidl_interfaces/tennis_court
[0.556s] -- Installing: /media/apolline/B2C2CC8EC2CC586D/apolline/Ecole/ENSTA/M2/IS/benoit-pai-rob/ros2_ws/install/tennis_court/include/tennis_court/tennis_court
[0.558s] -- Installing: /media/apolline/B2C2CC8EC2CC586D/apolline/Ecole/ENSTA/M2/IS/benoit-pai-rob/ros2_ws/install/tennis_court/include/tennis_court/tennis_court/msg
[0.559s] -- Installing: /media/apolline/B2C2CC8EC2CC586D/apolline/Ecole/ENSTA/M2/IS/benoit-pai-rob/ros2_ws/install/tennis_court/include/tennis_court/tennis_court/msg/ball_manager_stats.h
[0.562s] -- Installing: /media/apolline/B2C2CC8EC2CC586D/apolline/Ecole/ENSTA/M2/IS/benoit-pai-rob/ros2_ws/install/tennis_court/include/tennis_court/tennis_court/msg/detail
[0.564s] -- Installing: /media/apolline/B2C2CC8EC2CC586D/apolline/Ecole/ENSTA/M2/IS/benoit-pai-rob/ros2_ws/install/tennis_court/include/tennis_court/tennis_court/msg/detail/ball_manager_stats__functions.c
[0.567s] -- Installing: /media/apolline/B2C2CC8EC2CC586D/apolline/Ecole/ENSTA/M2/IS/benoit-pai-rob/ros2_ws/install/tennis_court/include/tennis_court/tennis_court/msg/detail/ball_manager_stats__functions.h
[0.569s] -- Installing: /media/apolline/B2C2CC8EC2CC586D/apolline/Ecole/ENSTA/M2/IS/benoit-pai-rob/ros2_ws/install/tennis_court/include/tennis_court/tennis_court/msg/detail/ball_manager_stats__struct.h
[0.571s] -- Installing: /media/apolline/B2C2CC8EC2CC586D/apolline/Ecole/ENSTA/M2/IS/benoit-pai-rob/ros2_ws/install/tennis_court/include/tennis_court/tennis_court/msg/detail/ball_manager_stats__type_support.h
[0.573s] -- Installing: /media/apolline/B2C2CC8EC2CC586D/apolline/Ecole/ENSTA/M2/IS/benoit-pai-rob/ros2_ws/install/tennis_court/include/tennis_court/tennis_court/msg/rosidl_generator_c__visibility_control.h
[0.576s] -- Installing: /media/apolline/B2C2CC8EC2CC586D/apolline/Ecole/ENSTA/M2/IS/benoit-pai-rob/ros2_ws/install/tennis_court/share/tennis_court/environment/library_path.sh
[0.579s] -- Installing: /media/apolline/B2C2CC8EC2CC586D/apolline/Ecole/ENSTA/M2/IS/benoit-pai-rob/ros2_ws/install/tennis_court/share/tennis_court/environment/library_path.dsv
[0.582s] -- Installing: /media/apolline/B2C2CC8EC2CC586D/apolline/Ecole/ENSTA/M2/IS/benoit-pai-rob/ros2_ws/install/tennis_court/lib/libtennis_court__rosidl_generator_c.so
[0.585s] -- Set runtime path of "/media/apolline/B2C2CC8EC2CC586D/apolline/Ecole/ENSTA/M2/IS/benoit-pai-rob/ros2_ws/install/tennis_court/lib/libtennis_court__rosidl_generator_c.so" to ""
[0.586s] -- Up-to-date: /media/apolline/B2C2CC8EC2CC586D/apolline/Ecole/ENSTA/M2/IS/benoit-pai-rob/ros2_ws/install/tennis_court/include/tennis_court/tennis_court
[0.586s] -- Up-to-date: /media/apolline/B2C2CC8EC2CC586D/apolline/Ecole/ENSTA/M2/IS/benoit-pai-rob/ros2_ws/install/tennis_court/include/tennis_court/tennis_court/msg
[0.587s] -- Up-to-date: /media/apolline/B2C2CC8EC2CC586D/apolline/Ecole/ENSTA/M2/IS/benoit-pai-rob/ros2_ws/install/tennis_court/include/tennis_court/tennis_court/msg/detail
[0.588s] -- Installing: /media/apolline/B2C2CC8EC2CC586D/apolline/Ecole/ENSTA/M2/IS/benoit-pai-rob/ros2_ws/install/tennis_court/include/tennis_court/tennis_court/msg/detail/ball_manager_stats__rosidl_typesupport_fastrtps_c.h
[0.591s] -- Installing: /media/apolline/B2C2CC8EC2CC586D/apolline/Ecole/ENSTA/M2/IS/benoit-pai-rob/ros2_ws/install/tennis_court/include/tennis_court/tennis_court/msg/rosidl_typesupport_fastrtps_c__visibility_control.h
[0.593s] -- Installing: /media/apolline/B2C2CC8EC2CC586D/apolline/Ecole/ENSTA/M2/IS/benoit-pai-rob/ros2_ws/install/tennis_court/lib/libtennis_court__rosidl_typesupport_fastrtps_c.so
[0.596s] -- Set runtime path of "/media/apolline/B2C2CC8EC2CC586D/apolline/Ecole/ENSTA/M2/IS/benoit-pai-rob/ros2_ws/install/tennis_court/lib/libtennis_court__rosidl_typesupport_fastrtps_c.so" to ""
[0.597s] -- Up-to-date: /media/apolline/B2C2CC8EC2CC586D/apolline/Ecole/ENSTA/M2/IS/benoit-pai-rob/ros2_ws/install/tennis_court/include/tennis_court/tennis_court
[0.597s] -- Up-to-date: /media/apolline/B2C2CC8EC2CC586D/apolline/Ecole/ENSTA/M2/IS/benoit-pai-rob/ros2_ws/install/tennis_court/include/tennis_court/tennis_court/msg
[0.598s] -- Installing: /media/apolline/B2C2CC8EC2CC586D/apolline/Ecole/ENSTA/M2/IS/benoit-pai-rob/ros2_ws/install/tennis_court/include/tennis_court/tennis_court/msg/ball_manager_stats.hpp
[0.601s] -- Up-to-date: /media/apolline/B2C2CC8EC2CC586D/apolline/Ecole/ENSTA/M2/IS/benoit-pai-rob/ros2_ws/install/tennis_court/include/tennis_court/tennis_court/msg/detail
[0.602s] -- Installing: /media/apolline/B2C2CC8EC2CC586D/apolline/Ecole/ENSTA/M2/IS/benoit-pai-rob/ros2_ws/install/tennis_court/include/tennis_court/tennis_court/msg/detail/ball_manager_stats__builder.hpp
[0.604s] -- Installing: /media/apolline/B2C2CC8EC2CC586D/apolline/Ecole/ENSTA/M2/IS/benoit-pai-rob/ros2_ws/install/tennis_court/include/tennis_court/tennis_court/msg/detail/ball_manager_stats__struct.hpp
[0.607s] -- Installing: /media/apolline/B2C2CC8EC2CC586D/apolline/Ecole/ENSTA/M2/IS/benoit-pai-rob/ros2_ws/install/tennis_court/include/tennis_court/tennis_court/msg/detail/ball_manager_stats__traits.hpp
[0.609s] -- Up-to-date: /media/apolline/B2C2CC8EC2CC586D/apolline/Ecole/ENSTA/M2/IS/benoit-pai-rob/ros2_ws/install/tennis_court/include/tennis_court/tennis_court
[0.610s] -- Up-to-date: /media/apolline/B2C2CC8EC2CC586D/apolline/Ecole/ENSTA/M2/IS/benoit-pai-rob/ros2_ws/install/tennis_court/include/tennis_court/tennis_court/msg
[0.611s] -- Up-to-date: /media/apolline/B2C2CC8EC2CC586D/apolline/Ecole/ENSTA/M2/IS/benoit-pai-rob/ros2_ws/install/tennis_court/include/tennis_court/tennis_court/msg/detail
[0.612s] -- Installing: /media/apolline/B2C2CC8EC2CC586D/apolline/Ecole/ENSTA/M2/IS/benoit-pai-rob/ros2_ws/install/tennis_court/include/tennis_court/tennis_court/msg/detail/ball_manager_stats__rosidl_typesupport_fastrtps_cpp.hpp
[0.615s] -- Installing: /media/apolline/B2C2CC8EC2CC586D/apolline/Ecole/ENSTA/M2/IS/benoit-pai-rob/ros2_ws/install/tennis_court/include/tennis_court/tennis_court/msg/detail/dds_fastrtps
[0.616s] -- Installing: /media/apolline/B2C2CC8EC2CC586D/apolline/Ecole/ENSTA/M2/IS/benoit-pai-rob/ros2_ws/install/tennis_court/include/tennis_court/tennis_court/msg/rosidl_typesupport_fastrtps_cpp__visibility_control.h
[0.619s] -- Installing: /media/apolline/B2C2CC8EC2CC586D/apolline/Ecole/ENSTA/M2/IS/benoit-pai-rob/ros2_ws/install/tennis_court/lib/libtennis_court__rosidl_typesupport_fastrtps_cpp.so
[0.622s] -- Set runtime path of "/media/apolline/B2C2CC8EC2CC586D/apolline/Ecole/ENSTA/M2/IS/benoit-pai-rob/ros2_ws/install/tennis_court/lib/libtennis_court__rosidl_typesupport_fastrtps_cpp.so" to ""
[0.623s] -- Up-to-date: /media/apolline/B2C2CC8EC2CC586D/apolline/Ecole/ENSTA/M2/IS/benoit-pai-rob/ros2_ws/install/tennis_court/include/tennis_court/tennis_court
[0.624s] -- Up-to-date: /media/apolline/B2C2CC8EC2CC586D/apolline/Ecole/ENSTA/M2/IS/benoit-pai-rob/ros2_ws/install/tennis_court/include/tennis_court/tennis_court/msg
[0.624s] -- Up-to-date: /media/apolline/B2C2CC8EC2CC586D/apolline/Ecole/ENSTA/M2/IS/benoit-pai-rob/ros2_ws/install/tennis_court/include/tennis_court/tennis_court/msg/detail
[0.625s] -- Installing: /media/apolline/B2C2CC8EC2CC586D/apolline/Ecole/ENSTA/M2/IS/benoit-pai-rob/ros2_ws/install/tennis_court/include/tennis_court/tennis_court/msg/detail/ball_manager_stats__rosidl_typesupport_introspection_c.h
[0.628s] -- Installing: /media/apolline/B2C2CC8EC2CC586D/apolline/Ecole/ENSTA/M2/IS/benoit-pai-rob/ros2_ws/install/tennis_court/include/tennis_court/tennis_court/msg/detail/ball_manager_stats__type_support.c
[0.631s] -- Installing: /media/apolline/B2C2CC8EC2CC586D/apolline/Ecole/ENSTA/M2/IS/benoit-pai-rob/ros2_ws/install/tennis_court/include/tennis_court/tennis_court/msg/rosidl_typesupport_introspection_c__visibility_control.h
[0.634s] -- Installing: /media/apolline/B2C2CC8EC2CC586D/apolline/Ecole/ENSTA/M2/IS/benoit-pai-rob/ros2_ws/install/tennis_court/lib/libtennis_court__rosidl_typesupport_introspection_c.so
[0.636s] -- Set runtime path of "/media/apolline/B2C2CC8EC2CC586D/apolline/Ecole/ENSTA/M2/IS/benoit-pai-rob/ros2_ws/install/tennis_court/lib/libtennis_court__rosidl_typesupport_introspection_c.so" to ""
[0.637s] -- Installing: /media/apolline/B2C2CC8EC2CC586D/apolline/Ecole/ENSTA/M2/IS/benoit-pai-rob/ros2_ws/install/tennis_court/lib/libtennis_court__rosidl_typesupport_c.so
[0.640s] -- Set runtime path of "/media/apolline/B2C2CC8EC2CC586D/apolline/Ecole/ENSTA/M2/IS/benoit-pai-rob/ros2_ws/install/tennis_court/lib/libtennis_court__rosidl_typesupport_c.so" to ""
[0.640s] -- Up-to-date: /media/apolline/B2C2CC8EC2CC586D/apolline/Ecole/ENSTA/M2/IS/benoit-pai-rob/ros2_ws/install/tennis_court/include/tennis_court/tennis_court
[0.641s] -- Up-to-date: /media/apolline/B2C2CC8EC2CC586D/apolline/Ecole/ENSTA/M2/IS/benoit-pai-rob/ros2_ws/install/tennis_court/include/tennis_court/tennis_court/msg
[0.642s] -- Up-to-date: /media/apolline/B2C2CC8EC2CC586D/apolline/Ecole/ENSTA/M2/IS/benoit-pai-rob/ros2_ws/install/tennis_court/include/tennis_court/tennis_court/msg/detail
[0.643s] -- Installing: /media/apolline/B2C2CC8EC2CC586D/apolline/Ecole/ENSTA/M2/IS/benoit-pai-rob/ros2_ws/install/tennis_court/include/tennis_court/tennis_court/msg/detail/ball_manager_stats__rosidl_typesupport_introspection_cpp.hpp
[0.645s] -- Installing: /media/apolline/B2C2CC8EC2CC586D/apolline/Ecole/ENSTA/M2/IS/benoit-pai-rob/ros2_ws/install/tennis_court/include/tennis_court/tennis_court/msg/detail/ball_manager_stats__type_support.cpp
[0.648s] -- Installing: /media/apolline/B2C2CC8EC2CC586D/apolline/Ecole/ENSTA/M2/IS/benoit-pai-rob/ros2_ws/install/tennis_court/lib/libtennis_court__rosidl_typesupport_introspection_cpp.so
[0.650s] -- Set runtime path of "/media/apolline/B2C2CC8EC2CC586D/apolline/Ecole/ENSTA/M2/IS/benoit-pai-rob/ros2_ws/install/tennis_court/lib/libtennis_court__rosidl_typesupport_introspection_cpp.so" to ""
[0.651s] -- Installing: /media/apolline/B2C2CC8EC2CC586D/apolline/Ecole/ENSTA/M2/IS/benoit-pai-rob/ros2_ws/install/tennis_court/lib/libtennis_court__rosidl_typesupport_cpp.so
[0.653s] -- Set runtime path of "/media/apolline/B2C2CC8EC2CC586D/apolline/Ecole/ENSTA/M2/IS/benoit-pai-rob/ros2_ws/install/tennis_court/lib/libtennis_court__rosidl_typesupport_cpp.so" to ""
[0.654s] -- Installing: /media/apolline/B2C2CC8EC2CC586D/apolline/Ecole/ENSTA/M2/IS/benoit-pai-rob/ros2_ws/install/tennis_court/share/tennis_court/environment/pythonpath.sh
[0.656s] -- Installing: /media/apolline/B2C2CC8EC2CC586D/apolline/Ecole/ENSTA/M2/IS/benoit-pai-rob/ros2_ws/install/tennis_court/share/tennis_court/environment/pythonpath.dsv
[0.657s] -- Installing: /media/apolline/B2C2CC8EC2CC586D/apolline/Ecole/ENSTA/M2/IS/benoit-pai-rob/ros2_ws/install/tennis_court/local/lib/python3.10/dist-packages/tennis_court-0.0.0-py3.10.egg-info
[0.659s] -- Installing: /media/apolline/B2C2CC8EC2CC586D/apolline/Ecole/ENSTA/M2/IS/benoit-pai-rob/ros2_ws/install/tennis_court/local/lib/python3.10/dist-packages/tennis_court-0.0.0-py3.10.egg-info/dependency_links.txt
[0.661s] -- Installing: /media/apolline/B2C2CC8EC2CC586D/apolline/Ecole/ENSTA/M2/IS/benoit-pai-rob/ros2_ws/install/tennis_court/local/lib/python3.10/dist-packages/tennis_court-0.0.0-py3.10.egg-info/PKG-INFO
[0.665s] -- Installing: /media/apolline/B2C2CC8EC2CC586D/apolline/Ecole/ENSTA/M2/IS/benoit-pai-rob/ros2_ws/install/tennis_court/local/lib/python3.10/dist-packages/tennis_court-0.0.0-py3.10.egg-info/SOURCES.txt
[0.667s] -- Installing: /media/apolline/B2C2CC8EC2CC586D/apolline/Ecole/ENSTA/M2/IS/benoit-pai-rob/ros2_ws/install/tennis_court/local/lib/python3.10/dist-packages/tennis_court-0.0.0-py3.10.egg-info/top_level.txt
[0.670s] -- Installing: /media/apolline/B2C2CC8EC2CC586D/apolline/Ecole/ENSTA/M2/IS/benoit-pai-rob/ros2_ws/install/tennis_court/local/lib/python3.10/dist-packages/tennis_court
[0.672s] -- Installing: /media/apolline/B2C2CC8EC2CC586D/apolline/Ecole/ENSTA/M2/IS/benoit-pai-rob/ros2_ws/install/tennis_court/local/lib/python3.10/dist-packages/tennis_court/libtennis_court__rosidl_generator_py.so
[0.674s] -- Installing: /media/apolline/B2C2CC8EC2CC586D/apolline/Ecole/ENSTA/M2/IS/benoit-pai-rob/ros2_ws/install/tennis_court/local/lib/python3.10/dist-packages/tennis_court/msg
[0.676s] -- Installing: /media/apolline/B2C2CC8EC2CC586D/apolline/Ecole/ENSTA/M2/IS/benoit-pai-rob/ros2_ws/install/tennis_court/local/lib/python3.10/dist-packages/tennis_court/msg/_ball_manager_stats.py
[0.679s] -- Installing: /media/apolline/B2C2CC8EC2CC586D/apolline/Ecole/ENSTA/M2/IS/benoit-pai-rob/ros2_ws/install/tennis_court/local/lib/python3.10/dist-packages/tennis_court/msg/_ball_manager_stats_s.c
[0.683s] -- Installing: /media/apolline/B2C2CC8EC2CC586D/apolline/Ecole/ENSTA/M2/IS/benoit-pai-rob/ros2_ws/install/tennis_court/local/lib/python3.10/dist-packages/tennis_court/msg/__init__.py
[0.685s] -- Installing: /media/apolline/B2C2CC8EC2CC586D/apolline/Ecole/ENSTA/M2/IS/benoit-pai-rob/ros2_ws/install/tennis_court/local/lib/python3.10/dist-packages/tennis_court/tennis_court_s__rosidl_typesupport_c.cpython-310-x86_64-linux-gnu.so
[0.688s] -- Installing: /media/apolline/B2C2CC8EC2CC586D/apolline/Ecole/ENSTA/M2/IS/benoit-pai-rob/ros2_ws/install/tennis_court/local/lib/python3.10/dist-packages/tennis_court/tennis_court_s__rosidl_typesupport_fastrtps_c.cpython-310-x86_64-linux-gnu.so
[0.691s] -- Installing: /media/apolline/B2C2CC8EC2CC586D/apolline/Ecole/ENSTA/M2/IS/benoit-pai-rob/ros2_ws/install/tennis_court/local/lib/python3.10/dist-packages/tennis_court/tennis_court_s__rosidl_typesupport_introspection_c.cpython-310-x86_64-linux-gnu.so
[0.694s] -- Installing: /media/apolline/B2C2CC8EC2CC586D/apolline/Ecole/ENSTA/M2/IS/benoit-pai-rob/ros2_ws/install/tennis_court/local/lib/python3.10/dist-packages/tennis_court/_tennis_court_s.ep.rosidl_typesupport_c.c
[0.696s] -- Installing: /media/apolline/B2C2CC8EC2CC586D/apolline/Ecole/ENSTA/M2/IS/benoit-pai-rob/ros2_ws/install/tennis_court/local/lib/python3.10/dist-packages/tennis_court/_tennis_court_s.ep.rosidl_typesupport_fastrtps_c.c
[0.699s] -- Installing: /media/apolline/B2C2CC8EC2CC586D/apolline/Ecole/ENSTA/M2/IS/benoit-pai-rob/ros2_ws/install/tennis_court/local/lib/python3.10/dist-packages/tennis_court/_tennis_court_s.ep.rosidl_typesupport_introspection_c.c
[0.702s] -- Installing: /media/apolline/B2C2CC8EC2CC586D/apolline/Ecole/ENSTA/M2/IS/benoit-pai-rob/ros2_ws/install/tennis_court/local/lib/python3.10/dist-packages/tennis_court/__init__.py
[0.736s] Listing '/media/apolline/B2C2CC8EC2CC586D/apolline/Ecole/ENSTA/M2/IS/benoit-pai-rob/ros2_ws/install/tennis_court/local/lib/python3.10/dist-packages/tennis_court'...
[0.737s] Compiling '/media/apolline/B2C2CC8EC2CC586D/apolline/Ecole/ENSTA/M2/IS/benoit-pai-rob/ros2_ws/install/tennis_court/local/lib/python3.10/dist-packages/tennis_court/__init__.py'...
[0.737s] Listing '/media/apolline/B2C2CC8EC2CC586D/apolline/Ecole/ENSTA/M2/IS/benoit-pai-rob/ros2_ws/install/tennis_court/local/lib/python3.10/dist-packages/tennis_court/msg'...
[0.737s] Compiling '/media/apolline/B2C2CC8EC2CC586D/apolline/Ecole/ENSTA/M2/IS/benoit-pai-rob/ros2_ws/install/tennis_court/local/lib/python3.10/dist-packages/tennis_court/msg/__init__.py'...
[0.737s] Compiling '/media/apolline/B2C2CC8EC2CC586D/apolline/Ecole/ENSTA/M2/IS/benoit-pai-rob/ros2_ws/install/tennis_court/local/lib/python3.10/dist-packages/tennis_court/msg/_ball_manager_stats.py'...
[0.741s] -- Installing: /media/apolline/B2C2CC8EC2CC586D/apolline/Ecole/ENSTA/M2/IS/benoit-pai-rob/ros2_ws/install/tennis_court/local/lib/python3.10/dist-packages/tennis_court/tennis_court_s__rosidl_typesupport_fastrtps_c.cpython-310-x86_64-linux-gnu.so
[0.745s] -- Set runtime path of "/media/apolline/B2C2CC8EC2CC586D/apolline/Ecole/ENSTA/M2/IS/benoit-pai-rob/ros2_ws/install/tennis_court/local/lib/python3.10/dist-packages/tennis_court/tennis_court_s__rosidl_typesupport_fastrtps_c.cpython-310-x86_64-linux-gnu.so" to ""
[0.748s] -- Installing: /media/apolline/B2C2CC8EC2CC586D/apolline/Ecole/ENSTA/M2/IS/benoit-pai-rob/ros2_ws/install/tennis_court/local/lib/python3.10/dist-packages/tennis_court/tennis_court_s__rosidl_typesupport_introspection_c.cpython-310-x86_64-linux-gnu.so
[0.751s] -- Set runtime path of "/media/apolline/B2C2CC8EC2CC586D/apolline/Ecole/ENSTA/M2/IS/benoit-pai-rob/ros2_ws/install/tennis_court/local/lib/python3.10/dist-packages/tennis_court/tennis_court_s__rosidl_typesupport_introspection_c.cpython-310-x86_64-linux-gnu.so" to ""
[0.753s] -- Installing: /media/apolline/B2C2CC8EC2CC586D/apolline/Ecole/ENSTA/M2/IS/benoit-pai-rob/ros2_ws/install/tennis_court/local/lib/python3.10/dist-packages/tennis_court/tennis_court_s__rosidl_typesupport_c.cpython-310-x86_64-linux-gnu.so
[0.758s] -- Set runtime path of "/media/apolline/B2C2CC8EC2CC586D/apolline/Ecole/ENSTA/M2/IS/benoit-pai-rob/ros2_ws/install/tennis_court/local/lib/python3.10/dist-packages/tennis_court/tennis_court_s__rosidl_typesupport_c.cpython-310-x86_64-linux-gnu.so" to ""
[0.759s] -- Installing: /media/apolline/B2C2CC8EC2CC586D/apolline/Ecole/ENSTA/M2/IS/benoit-pai-rob/ros2_ws/install/tennis_court/lib/libtennis_court__rosidl_generator_py.so
[0.762s] -- Set runtime path of "/media/apolline/B2C2CC8EC2CC586D/apolline/Ecole/ENSTA/M2/IS/benoit-pai-rob/ros2_ws/install/tennis_court/lib/libtennis_court__rosidl_generator_py.so" to ""
[0.763s] -- Installing: /media/apolline/B2C2CC8EC2CC586D/apolline/Ecole/ENSTA/M2/IS/benoit-pai-rob/ros2_ws/install/tennis_court/share/tennis_court/msg/BallManagerStats.idl
[0.766s] -- Installing: /media/apolline/B2C2CC8EC2CC586D/apolline/Ecole/ENSTA/M2/IS/benoit-pai-rob/ros2_ws/install/tennis_court/share/tennis_court/msg/BallManagerStats.msg
[0.768s] -- Installing: /media/apolline/B2C2CC8EC2CC586D/apolline/Ecole/ENSTA/M2/IS/benoit-pai-rob/ros2_ws/install/tennis_court/local/lib/python3.10/dist-packages/scripts-0.0.0-py3.10.egg-info
[0.770s] -- Installing: /media/apolline/B2C2CC8EC2CC586D/apolline/Ecole/ENSTA/M2/IS/benoit-pai-rob/ros2_ws/install/tennis_court/local/lib/python3.10/dist-packages/scripts-0.0.0-py3.10.egg-info/dependency_links.txt
[0.773s] -- Installing: /media/apolline/B2C2CC8EC2CC586D/apolline/Ecole/ENSTA/M2/IS/benoit-pai-rob/ros2_ws/install/tennis_court/local/lib/python3.10/dist-packages/scripts-0.0.0-py3.10.egg-info/PKG-INFO
[0.777s] -- Installing: /media/apolline/B2C2CC8EC2CC586D/apolline/Ecole/ENSTA/M2/IS/benoit-pai-rob/ros2_ws/install/tennis_court/local/lib/python3.10/dist-packages/scripts-0.0.0-py3.10.egg-info/SOURCES.txt
[0.780s] -- Installing: /media/apolline/B2C2CC8EC2CC586D/apolline/Ecole/ENSTA/M2/IS/benoit-pai-rob/ros2_ws/install/tennis_court/local/lib/python3.10/dist-packages/scripts-0.0.0-py3.10.egg-info/top_level.txt
[0.784s] -- Installing: /media/apolline/B2C2CC8EC2CC586D/apolline/Ecole/ENSTA/M2/IS/benoit-pai-rob/ros2_ws/install/tennis_court/local/lib/python3.10/dist-packages/scripts
[0.786s] -- Installing: /media/apolline/B2C2CC8EC2CC586D/apolline/Ecole/ENSTA/M2/IS/benoit-pai-rob/ros2_ws/install/tennis_court/local/lib/python3.10/dist-packages/scripts/ball_manager.py
[0.790s] -- Installing: /media/apolline/B2C2CC8EC2CC586D/apolline/Ecole/ENSTA/M2/IS/benoit-pai-rob/ros2_ws/install/tennis_court/local/lib/python3.10/dist-packages/scripts/gazebo_ros_paths.py
[0.793s] -- Installing: /media/apolline/B2C2CC8EC2CC586D/apolline/Ecole/ENSTA/M2/IS/benoit-pai-rob/ros2_ws/install/tennis_court/local/lib/python3.10/dist-packages/scripts/__init__.py
[0.829s] Listing '/media/apolline/B2C2CC8EC2CC586D/apolline/Ecole/ENSTA/M2/IS/benoit-pai-rob/ros2_ws/install/tennis_court/local/lib/python3.10/dist-packages/scripts'...
[0.829s] Compiling '/media/apolline/B2C2CC8EC2CC586D/apolline/Ecole/ENSTA/M2/IS/benoit-pai-rob/ros2_ws/install/tennis_court/local/lib/python3.10/dist-packages/scripts/__init__.py'...
[0.829s] Compiling '/media/apolline/B2C2CC8EC2CC586D/apolline/Ecole/ENSTA/M2/IS/benoit-pai-rob/ros2_ws/install/tennis_court/local/lib/python3.10/dist-packages/scripts/ball_manager.py'...
[0.829s] Compiling '/media/apolline/B2C2CC8EC2CC586D/apolline/Ecole/ENSTA/M2/IS/benoit-pai-rob/ros2_ws/install/tennis_court/local/lib/python3.10/dist-packages/scripts/gazebo_ros_paths.py'...
[0.835s] -- Installing: /media/apolline/B2C2CC8EC2CC586D/apolline/Ecole/ENSTA/M2/IS/benoit-pai-rob/ros2_ws/install/tennis_court/share/ament_index/resource_index/package_run_dependencies/tennis_court
[0.839s] -- Installing: /media/apolline/B2C2CC8EC2CC586D/apolline/Ecole/ENSTA/M2/IS/benoit-pai-rob/ros2_ws/install/tennis_court/share/ament_index/resource_index/parent_prefix_path/tennis_court
[0.841s] -- Installing: /media/apolline/B2C2CC8EC2CC586D/apolline/Ecole/ENSTA/M2/IS/benoit-pai-rob/ros2_ws/install/tennis_court/share/tennis_court/environment/ament_prefix_path.sh
[0.843s] -- Installing: /media/apolline/B2C2CC8EC2CC586D/apolline/Ecole/ENSTA/M2/IS/benoit-pai-rob/ros2_ws/install/tennis_court/share/tennis_court/environment/ament_prefix_path.dsv
[0.845s] -- Installing: /media/apolline/B2C2CC8EC2CC586D/apolline/Ecole/ENSTA/M2/IS/benoit-pai-rob/ros2_ws/install/tennis_court/share/tennis_court/environment/path.sh
[0.847s] -- Installing: /media/apolline/B2C2CC8EC2CC586D/apolline/Ecole/ENSTA/M2/IS/benoit-pai-rob/ros2_ws/install/tennis_court/share/tennis_court/environment/path.dsv
[0.849s] -- Installing: /media/apolline/B2C2CC8EC2CC586D/apolline/Ecole/ENSTA/M2/IS/benoit-pai-rob/ros2_ws/install/tennis_court/share/tennis_court/local_setup.bash
[0.851s] -- Installing: /media/apolline/B2C2CC8EC2CC586D/apolline/Ecole/ENSTA/M2/IS/benoit-pai-rob/ros2_ws/install/tennis_court/share/tennis_court/local_setup.sh
[0.853s] -- Installing: /media/apolline/B2C2CC8EC2CC586D/apolline/Ecole/ENSTA/M2/IS/benoit-pai-rob/ros2_ws/install/tennis_court/share/tennis_court/local_setup.zsh
[0.855s] -- Installing: /media/apolline/B2C2CC8EC2CC586D/apolline/Ecole/ENSTA/M2/IS/benoit-pai-rob/ros2_ws/install/tennis_court/share/tennis_court/local_setup.dsv
[0.857s] -- Installing: /media/apolline/B2C2CC8EC2CC586D/apolline/Ecole/ENSTA/M2/IS/benoit-pai-rob/ros2_ws/install/tennis_court/share/tennis_court/package.dsv
[0.860s] -- Installing: /media/apolline/B2C2CC8EC2CC586D/apolline/Ecole/ENSTA/M2/IS/benoit-pai-rob/ros2_ws/install/tennis_court/share/ament_index/resource_index/packages/tennis_court
[0.863s] -- Installing: /media/apolline/B2C2CC8EC2CC586D/apolline/Ecole/ENSTA/M2/IS/benoit-pai-rob/ros2_ws/install/tennis_court/share/tennis_court/cmake/export_tennis_court__rosidl_generator_cExport.cmake
[0.866s] -- Installing: /media/apolline/B2C2CC8EC2CC586D/apolline/Ecole/ENSTA/M2/IS/benoit-pai-rob/ros2_ws/install/tennis_court/share/tennis_court/cmake/export_tennis_court__rosidl_generator_cExport-noconfig.cmake
[0.869s] -- Installing: /media/apolline/B2C2CC8EC2CC586D/apolline/Ecole/ENSTA/M2/IS/benoit-pai-rob/ros2_ws/install/tennis_court/share/tennis_court/cmake/export_tennis_court__rosidl_typesupport_fastrtps_cExport.cmake
[0.872s] -- Installing: /media/apolline/B2C2CC8EC2CC586D/apolline/Ecole/ENSTA/M2/IS/benoit-pai-rob/ros2_ws/install/tennis_court/share/tennis_court/cmake/export_tennis_court__rosidl_typesupport_fastrtps_cExport-noconfig.cmake
[0.875s] -- Installing: /media/apolline/B2C2CC8EC2CC586D/apolline/Ecole/ENSTA/M2/IS/benoit-pai-rob/ros2_ws/install/tennis_court/share/tennis_court/cmake/export_tennis_court__rosidl_generator_cppExport.cmake
[0.878s] -- Installing: /media/apolline/B2C2CC8EC2CC586D/apolline/Ecole/ENSTA/M2/IS/benoit-pai-rob/ros2_ws/install/tennis_court/share/tennis_court/cmake/export_tennis_court__rosidl_typesupport_fastrtps_cppExport.cmake
[0.881s] -- Installing: /media/apolline/B2C2CC8EC2CC586D/apolline/Ecole/ENSTA/M2/IS/benoit-pai-rob/ros2_ws/install/tennis_court/share/tennis_court/cmake/export_tennis_court__rosidl_typesupport_fastrtps_cppExport-noconfig.cmake
[0.884s] -- Installing: /media/apolline/B2C2CC8EC2CC586D/apolline/Ecole/ENSTA/M2/IS/benoit-pai-rob/ros2_ws/install/tennis_court/share/tennis_court/cmake/tennis_court__rosidl_typesupport_introspection_cExport.cmake
[0.887s] -- Installing: /media/apolline/B2C2CC8EC2CC586D/apolline/Ecole/ENSTA/M2/IS/benoit-pai-rob/ros2_ws/install/tennis_court/share/tennis_court/cmake/tennis_court__rosidl_typesupport_introspection_cExport-noconfig.cmake
[0.890s] -- Installing: /media/apolline/B2C2CC8EC2CC586D/apolline/Ecole/ENSTA/M2/IS/benoit-pai-rob/ros2_ws/install/tennis_court/share/tennis_court/cmake/tennis_court__rosidl_typesupport_cExport.cmake
[0.894s] -- Installing: /media/apolline/B2C2CC8EC2CC586D/apolline/Ecole/ENSTA/M2/IS/benoit-pai-rob/ros2_ws/install/tennis_court/share/tennis_court/cmake/tennis_court__rosidl_typesupport_cExport-noconfig.cmake
[0.897s] -- Installing: /media/apolline/B2C2CC8EC2CC586D/apolline/Ecole/ENSTA/M2/IS/benoit-pai-rob/ros2_ws/install/tennis_court/share/tennis_court/cmake/tennis_court__rosidl_typesupport_introspection_cppExport.cmake
[0.901s] -- Installing: /media/apolline/B2C2CC8EC2CC586D/apolline/Ecole/ENSTA/M2/IS/benoit-pai-rob/ros2_ws/install/tennis_court/share/tennis_court/cmake/tennis_court__rosidl_typesupport_introspection_cppExport-noconfig.cmake
[0.904s] -- Installing: /media/apolline/B2C2CC8EC2CC586D/apolline/Ecole/ENSTA/M2/IS/benoit-pai-rob/ros2_ws/install/tennis_court/share/tennis_court/cmake/tennis_court__rosidl_typesupport_cppExport.cmake
[0.908s] -- Installing: /media/apolline/B2C2CC8EC2CC586D/apolline/Ecole/ENSTA/M2/IS/benoit-pai-rob/ros2_ws/install/tennis_court/share/tennis_court/cmake/tennis_court__rosidl_typesupport_cppExport-noconfig.cmake
[0.911s] -- Installing: /media/apolline/B2C2CC8EC2CC586D/apolline/Ecole/ENSTA/M2/IS/benoit-pai-rob/ros2_ws/install/tennis_court/share/tennis_court/cmake/export_tennis_court__rosidl_generator_pyExport.cmake
[0.915s] -- Installing: /media/apolline/B2C2CC8EC2CC586D/apolline/Ecole/ENSTA/M2/IS/benoit-pai-rob/ros2_ws/install/tennis_court/share/tennis_court/cmake/export_tennis_court__rosidl_generator_pyExport-noconfig.cmake
[0.926s] -- Installing: /media/apolline/B2C2CC8EC2CC586D/apolline/Ecole/ENSTA/M2/IS/benoit-pai-rob/ros2_ws/install/tennis_court/share/tennis_court/cmake/rosidl_cmake-extras.cmake
[0.929s] -- Installing: /media/apolline/B2C2CC8EC2CC586D/apolline/Ecole/ENSTA/M2/IS/benoit-pai-rob/ros2_ws/install/tennis_court/share/tennis_court/cmake/ament_cmake_export_include_directories-extras.cmake
[0.932s] -- Installing: /media/apolline/B2C2CC8EC2CC586D/apolline/Ecole/ENSTA/M2/IS/benoit-pai-rob/ros2_ws/install/tennis_court/share/tennis_court/cmake/ament_cmake_export_libraries-extras.cmake
[0.934s] -- Installing: /media/apolline/B2C2CC8EC2CC586D/apolline/Ecole/ENSTA/M2/IS/benoit-pai-rob/ros2_ws/install/tennis_court/share/tennis_court/cmake/ament_cmake_export_targets-extras.cmake
[0.937s] -- Installing: /media/apolline/B2C2CC8EC2CC586D/apolline/Ecole/ENSTA/M2/IS/benoit-pai-rob/ros2_ws/install/tennis_court/share/tennis_court/cmake/rosidl_cmake_export_typesupport_targets-extras.cmake
[0.940s] -- Installing: /media/apolline/B2C2CC8EC2CC586D/apolline/Ecole/ENSTA/M2/IS/benoit-pai-rob/ros2_ws/install/tennis_court/share/tennis_court/cmake/ament_cmake_export_dependencies-extras.cmake
[0.943s] -- Installing: /media/apolline/B2C2CC8EC2CC586D/apolline/Ecole/ENSTA/M2/IS/benoit-pai-rob/ros2_ws/install/tennis_court/share/tennis_court/cmake/rosidl_cmake_export_typesupport_libraries-extras.cmake
[0.945s] -- Installing: /media/apolline/B2C2CC8EC2CC586D/apolline/Ecole/ENSTA/M2/IS/benoit-pai-rob/ros2_ws/install/tennis_court/share/tennis_court/cmake/tennis_courtConfig.cmake
[0.948s] -- Installing: /media/apolline/B2C2CC8EC2CC586D/apolline/Ecole/ENSTA/M2/IS/benoit-pai-rob/ros2_ws/install/tennis_court/share/tennis_court/cmake/tennis_courtConfig-version.cmake
[0.951s] -- Installing: /media/apolline/B2C2CC8EC2CC586D/apolline/Ecole/ENSTA/M2/IS/benoit-pai-rob/ros2_ws/install/tennis_court/share/tennis_court/package.xml
[0.953s] -- Installing: /media/apolline/B2C2CC8EC2CC586D/apolline/Ecole/ENSTA/M2/IS/benoit-pai-rob/ros2_ws/install/tennis_court/lib/libgui_tennis_court_overlay.so
[0.991s] -- Set runtime path of "/media/apolline/B2C2CC8EC2CC586D/apolline/Ecole/ENSTA/M2/IS/benoit-pai-rob/ros2_ws/install/tennis_court/lib/libgui_tennis_court_overlay.so" to ""
[0.991s] -- Installing: /media/apolline/B2C2CC8EC2CC586D/apolline/Ecole/ENSTA/M2/IS/benoit-pai-rob/ros2_ws/install/tennis_court/share/tennis_court//config
[0.993s] -- Installing: /media/apolline/B2C2CC8EC2CC586D/apolline/Ecole/ENSTA/M2/IS/benoit-pai-rob/ros2_ws/install/tennis_court/share/tennis_court//config/config.rviz
[0.995s] -- Installing: /media/apolline/B2C2CC8EC2CC586D/apolline/Ecole/ENSTA/M2/IS/benoit-pai-rob/ros2_ws/install/tennis_court/share/tennis_court//launch
[0.996s] -- Installing: /media/apolline/B2C2CC8EC2CC586D/apolline/Ecole/ENSTA/M2/IS/benoit-pai-rob/ros2_ws/install/tennis_court/share/tennis_court//launch/tennis_court.launch.py
[0.999s] -- Installing: /media/apolline/B2C2CC8EC2CC586D/apolline/Ecole/ENSTA/M2/IS/benoit-pai-rob/ros2_ws/install/tennis_court/share/tennis_court//models
[1.001s] -- Installing: /media/apolline/B2C2CC8EC2CC586D/apolline/Ecole/ENSTA/M2/IS/benoit-pai-rob/ros2_ws/install/tennis_court/share/tennis_court//models/tennis_court
[1.003s] -- Installing: /media/apolline/B2C2CC8EC2CC586D/apolline/Ecole/ENSTA/M2/IS/benoit-pai-rob/ros2_ws/install/tennis_court/share/tennis_court//models/tennis_court/materials
[1.005s] -- Installing: /media/apolline/B2C2CC8EC2CC586D/apolline/Ecole/ENSTA/M2/IS/benoit-pai-rob/ros2_ws/install/tennis_court/share/tennis_court//models/tennis_court/materials/scripts
[1.007s] -- Installing: /media/apolline/B2C2CC8EC2CC586D/apolline/Ecole/ENSTA/M2/IS/benoit-pai-rob/ros2_ws/install/tennis_court/share/tennis_court//models/tennis_court/materials/scripts/tennis_court_ground.material
[1.009s] -- Installing: /media/apolline/B2C2CC8EC2CC586D/apolline/Ecole/ENSTA/M2/IS/benoit-pai-rob/ros2_ws/install/tennis_court/share/tennis_court//models/tennis_court/materials/textures
[1.011s] -- Installing: /media/apolline/B2C2CC8EC2CC586D/apolline/Ecole/ENSTA/M2/IS/benoit-pai-rob/ros2_ws/install/tennis_court/share/tennis_court//models/tennis_court/materials/textures/ground_texture.png
[1.015s] -- Installing: /media/apolline/B2C2CC8EC2CC586D/apolline/Ecole/ENSTA/M2/IS/benoit-pai-rob/ros2_ws/install/tennis_court/share/tennis_court//models/tennis_court/model.config
[1.017s] -- Installing: /media/apolline/B2C2CC8EC2CC586D/apolline/Ecole/ENSTA/M2/IS/benoit-pai-rob/ros2_ws/install/tennis_court/share/tennis_court//models/tennis_court/model.sdf
[1.020s] -- Installing: /media/apolline/B2C2CC8EC2CC586D/apolline/Ecole/ENSTA/M2/IS/benoit-pai-rob/ros2_ws/install/tennis_court/share/tennis_court//models/zenith_camera
[1.022s] -- Installing: /media/apolline/B2C2CC8EC2CC586D/apolline/Ecole/ENSTA/M2/IS/benoit-pai-rob/ros2_ws/install/tennis_court/share/tennis_court//models/zenith_camera/model.config
[1.026s] -- Installing: /media/apolline/B2C2CC8EC2CC586D/apolline/Ecole/ENSTA/M2/IS/benoit-pai-rob/ros2_ws/install/tennis_court/share/tennis_court//models/zenith_camera/model.sdf
[1.028s] -- Installing: /media/apolline/B2C2CC8EC2CC586D/apolline/Ecole/ENSTA/M2/IS/benoit-pai-rob/ros2_ws/install/tennis_court/share/tennis_court//urdf
[1.030s] -- Installing: /media/apolline/B2C2CC8EC2CC586D/apolline/Ecole/ENSTA/M2/IS/benoit-pai-rob/ros2_ws/install/tennis_court/share/tennis_court//urdf/ball.urdf.xacro
[1.033s] -- Installing: /media/apolline/B2C2CC8EC2CC586D/apolline/Ecole/ENSTA/M2/IS/benoit-pai-rob/ros2_ws/install/tennis_court/share/tennis_court//worlds
[1.034s] -- Installing: /media/apolline/B2C2CC8EC2CC586D/apolline/Ecole/ENSTA/M2/IS/benoit-pai-rob/ros2_ws/install/tennis_court/share/tennis_court//worlds/court.world
[1.038s] -- Installing: /media/apolline/B2C2CC8EC2CC586D/apolline/Ecole/ENSTA/M2/IS/benoit-pai-rob/ros2_ws/install/tennis_court/lib/tennis_court/ball_manager.py
[1.043s] Invoked command in '/media/apolline/B2C2CC8EC2CC586D/apolline/Ecole/ENSTA/M2/IS/benoit-pai-rob/ros2_ws/build/tennis_court' returned '0': CMAKE_PREFIX_PATH=/opt/ros/humble /usr/bin/cmake --install /media/apolline/B2C2CC8EC2CC586D/apolline/Ecole/ENSTA/M2/IS/benoit-pai-rob/ros2_ws/build/tennis_court
