[0.098s] Invoking command in '/media/apolline/B2C2CC8EC2CC586D/apolline/Ecole/ENSTA/M2/IS/benoit-pai-rob/ros2_ws/build/robot_pkg': CMAKE_PREFIX_PATH=/opt/ros/humble /usr/bin/cmake --build /media/apolline/B2C2CC8EC2CC586D/apolline/Ecole/ENSTA/M2/IS/benoit-pai-rob/ros2_ws/build/robot_pkg -- -j16 -l16
[0.284s] Invoked command in '/media/apolline/B2C2CC8EC2CC586D/apolline/Ecole/ENSTA/M2/IS/benoit-pai-rob/ros2_ws/build/robot_pkg' returned '0': CMAKE_PREFIX_PATH=/opt/ros/humble /usr/bin/cmake --build /media/apolline/B2C2CC8EC2CC586D/apolline/Ecole/ENSTA/M2/IS/benoit-pai-rob/ros2_ws/build/robot_pkg -- -j16 -l16
[0.309s] Invoking command in '/media/apolline/B2C2CC8EC2CC586D/apolline/Ecole/ENSTA/M2/IS/benoit-pai-rob/ros2_ws/build/robot_pkg': CMAKE_PREFIX_PATH=/opt/ros/humble /usr/bin/cmake --install /media/apolline/B2C2CC8EC2CC586D/apolline/Ecole/ENSTA/M2/IS/benoit-pai-rob/ros2_ws/build/robot_pkg
[0.313s] -- Install configuration: ""
[0.314s] -- Up-to-date: /media/apolline/B2C2CC8EC2CC586D/apolline/Ecole/ENSTA/M2/IS/benoit-pai-rob/ros2_ws/install/robot_pkg/share/ament_index/resource_index/package_run_dependencies/robot_pkg
[0.314s] -- Up-to-date: /media/apolline/B2C2CC8EC2CC586D/apolline/Ecole/ENSTA/M2/IS/benoit-pai-rob/ros2_ws/install/robot_pkg/share/ament_index/resource_index/parent_prefix_path/robot_pkg
[0.314s] -- Up-to-date: /media/apolline/B2C2CC8EC2CC586D/apolline/Ecole/ENSTA/M2/IS/benoit-pai-rob/ros2_ws/install/robot_pkg/share/robot_pkg/environment/ament_prefix_path.sh
[0.314s] -- Up-to-date: /media/apolline/B2C2CC8EC2CC586D/apolline/Ecole/ENSTA/M2/IS/benoit-pai-rob/ros2_ws/install/robot_pkg/share/robot_pkg/environment/ament_prefix_path.dsv
[0.314s] -- Up-to-date: /media/apolline/B2C2CC8EC2CC586D/apolline/Ecole/ENSTA/M2/IS/benoit-pai-rob/ros2_ws/install/robot_pkg/share/robot_pkg/environment/path.sh
[0.314s] -- Up-to-date: /media/apolline/B2C2CC8EC2CC586D/apolline/Ecole/ENSTA/M2/IS/benoit-pai-rob/ros2_ws/install/robot_pkg/share/robot_pkg/environment/path.dsv
[0.314s] -- Up-to-date: /media/apolline/B2C2CC8EC2CC586D/apolline/Ecole/ENSTA/M2/IS/benoit-pai-rob/ros2_ws/install/robot_pkg/share/robot_pkg/local_setup.bash
[0.314s] -- Up-to-date: /media/apolline/B2C2CC8EC2CC586D/apolline/Ecole/ENSTA/M2/IS/benoit-pai-rob/ros2_ws/install/robot_pkg/share/robot_pkg/local_setup.sh
[0.314s] -- Up-to-date: /media/apolline/B2C2CC8EC2CC586D/apolline/Ecole/ENSTA/M2/IS/benoit-pai-rob/ros2_ws/install/robot_pkg/share/robot_pkg/local_setup.zsh
[0.314s] -- Up-to-date: /media/apolline/B2C2CC8EC2CC586D/apolline/Ecole/ENSTA/M2/IS/benoit-pai-rob/ros2_ws/install/robot_pkg/share/robot_pkg/local_setup.dsv
[0.314s] -- Installing: /media/apolline/B2C2CC8EC2CC586D/apolline/Ecole/ENSTA/M2/IS/benoit-pai-rob/ros2_ws/install/robot_pkg/share/robot_pkg/package.dsv
[0.314s] -- Up-to-date: /media/apolline/B2C2CC8EC2CC586D/apolline/Ecole/ENSTA/M2/IS/benoit-pai-rob/ros2_ws/install/robot_pkg/share/ament_index/resource_index/packages/robot_pkg
[0.315s] -- Up-to-date: /media/apolline/B2C2CC8EC2CC586D/apolline/Ecole/ENSTA/M2/IS/benoit-pai-rob/ros2_ws/install/robot_pkg/share/robot_pkg/cmake/robot_pkgConfig.cmake
[0.315s] -- Up-to-date: /media/apolline/B2C2CC8EC2CC586D/apolline/Ecole/ENSTA/M2/IS/benoit-pai-rob/ros2_ws/install/robot_pkg/share/robot_pkg/cmake/robot_pkgConfig-version.cmake
[0.315s] -- Up-to-date: /media/apolline/B2C2CC8EC2CC586D/apolline/Ecole/ENSTA/M2/IS/benoit-pai-rob/ros2_ws/install/robot_pkg/share/robot_pkg/package.xml
[0.316s] Invoked command in '/media/apolline/B2C2CC8EC2CC586D/apolline/Ecole/ENSTA/M2/IS/benoit-pai-rob/ros2_ws/build/robot_pkg' returned '0': CMAKE_PREFIX_PATH=/opt/ros/humble /usr/bin/cmake --install /media/apolline/B2C2CC8EC2CC586D/apolline/Ecole/ENSTA/M2/IS/benoit-pai-rob/ros2_ws/build/robot_pkg
