[0.075s] Invoking command in '/media/apolline/B2C2CC8EC2CC586D/apolline/Ecole/ENSTA/M2/IS/benoit-pai-rob/ros2_ws/build/tennis_court': CMAKE_PREFIX_PATH=/opt/ros/humble /usr/bin/cmake /media/apolline/B2C2CC8EC2CC586D/apolline/Ecole/ENSTA/M2/IS/benoit-pai-rob/ros2_ws/src/tennis_court -DCMAKE_INSTALL_PREFIX=/media/apolline/B2C2CC8EC2CC586D/apolline/Ecole/ENSTA/M2/IS/benoit-pai-rob/ros2_ws/install/tennis_court
[0.162s] -- The C compiler identification is GNU 11.4.0
[0.238s] -- The CXX compiler identification is GNU 11.4.0
[0.246s] -- Detecting C compiler ABI info
[0.337s] -- Detecting C compiler ABI info - done
[0.343s] -- Check for working C compiler: /usr/bin/cc - skipped
[0.344s] -- Detecting C compile features
[0.344s] -- Detecting C compile features - done
[0.349s] -- Detecting CXX compiler ABI info
[0.434s] -- Detecting CXX compiler ABI info - done
[0.443s] -- Check for working CXX compiler: /usr/bin/c++ - skipped
[0.444s] -- Detecting CXX compile features
[0.444s] -- Detecting CXX compile features - done
[0.454s] -- Found ament_cmake: 1.3.5 (/opt/ros/humble/share/ament_cmake/cmake)
[0.711s] -- Found Python3: /usr/bin/python3.10 (found version "3.10.12") found components: Interpreter 
[0.776s] -- Found gazebo_ros: 3.7.0 (/opt/ros/humble/share/gazebo_ros/cmake)
[0.826s] -- Found rosidl_generator_c: 3.1.5 (/opt/ros/humble/share/rosidl_generator_c/cmake)
[0.831s] -- Found rosidl_adapter: 3.1.5 (/opt/ros/humble/share/rosidl_adapter/cmake)
[0.839s] -- Found rosidl_generator_cpp: 3.1.5 (/opt/ros/humble/share/rosidl_generator_cpp/cmake)
[0.856s] -- Using all available rosidl_typesupport_c: rosidl_typesupport_fastrtps_c;rosidl_typesupport_introspection_c
[0.873s] -- Using all available rosidl_typesupport_cpp: rosidl_typesupport_fastrtps_cpp;rosidl_typesupport_introspection_cpp
[0.945s] -- Found rmw_implementation_cmake: 6.1.1 (/opt/ros/humble/share/rmw_implementation_cmake/cmake)
[0.948s] -- Found rmw_fastrtps_cpp: 6.2.4 (/opt/ros/humble/share/rmw_fastrtps_cpp/cmake)
[1.032s] -- Found OpenSSL: /usr/lib/x86_64-linux-gnu/libcrypto.so (found version "3.0.2")  
[1.054s] -- Found FastRTPS: /opt/ros/humble/include  
[1.086s] -- Using RMW implementation 'rmw_fastrtps_cpp' as default
[1.099s] -- Looking for pthread.h
[1.195s] -- Looking for pthread.h - found
[1.195s] -- Performing Test CMAKE_HAVE_LIBC_PTHREAD
[1.275s] -- Performing Test CMAKE_HAVE_LIBC_PTHREAD - Success
[1.276s] -- Found Threads: TRUE  
[1.391s] -- Found PkgConfig: /usr/bin/pkg-config (found version "0.29.2") 
[1.391s] -- Checking for module 'bullet>=2.82'
[1.398s] --   Found bullet, version 3.05
[1.456s] -- Found fcl: /usr/include (found suitable version "0.7.0", minimum required is "0.5.0") 
[1.484s] -- Found assimp: /usr/include (found version "5.2.0") 
[1.500s] -- Found DART: /usr/include (Required is at least version "6.6") found components: dart 
[1.521s] -- Found Boost: /usr/lib/x86_64-linux-gnu/cmake/Boost-1.74.0/BoostConfig.cmake (found suitable version "1.74.0", minimum required is "1.40.0") found components: thread system filesystem program_options regex iostreams date_time 
[1.535s] -- Found Protobuf: /usr/lib/x86_64-linux-gnu/libprotobuf.so (found version "3.12.4") 
[1.538s] -- Looking for ignition-math6 -- found version 6.15.0
[1.545s] -- Searching for dependencies of ignition-math6
[1.547s] -- Looking for OGRE...
[1.547s] -- OGRE_PREFIX_WATCH changed.
[1.550s] -- Checking for module 'OGRE'
[1.559s] --   Found OGRE, version 1.9.0
[1.579s] -- Found Ogre Ghadamon (1.9.0)
[1.583s] -- Found OGRE: optimized;/usr/lib/x86_64-linux-gnu/libOgreMain.so;debug;/usr/lib/x86_64-linux-gnu/libOgreMain.so
[1.590s] -- Looking for OGRE_Paging...
[1.593s] -- Found OGRE_Paging: optimized;/usr/lib/x86_64-linux-gnu/libOgrePaging.so;debug;/usr/lib/x86_64-linux-gnu/libOgrePaging.so
[1.594s] -- Looking for OGRE_Terrain...
[1.597s] -- Found OGRE_Terrain: optimized;/usr/lib/x86_64-linux-gnu/libOgreTerrain.so;debug;/usr/lib/x86_64-linux-gnu/libOgreTerrain.so
[1.597s] -- Looking for OGRE_Property...
[1.601s] -- Found OGRE_Property: optimized;/usr/lib/x86_64-linux-gnu/libOgreProperty.so;debug;/usr/lib/x86_64-linux-gnu/libOgreProperty.so
[1.601s] -- Looking for OGRE_RTShaderSystem...
[1.605s] -- Found OGRE_RTShaderSystem: optimized;/usr/lib/x86_64-linux-gnu/libOgreRTShaderSystem.so;debug;/usr/lib/x86_64-linux-gnu/libOgreRTShaderSystem.so
[1.605s] -- Looking for OGRE_Volume...
[1.609s] -- Found OGRE_Volume: optimized;/usr/lib/x86_64-linux-gnu/libOgreVolume.so;debug;/usr/lib/x86_64-linux-gnu/libOgreVolume.so
[1.610s] -- Looking for OGRE_Overlay...
[1.614s] -- Found OGRE_Overlay: optimized;/usr/lib/x86_64-linux-gnu/libOgreOverlay.so;debug;/usr/lib/x86_64-linux-gnu/libOgreOverlay.so
[1.751s] -- Looking for ignition-math6 -- found version 6.15.0
[1.752s] -- Looking for ignition-transport8 -- found version 8.2.1
[1.753s] -- Searching for dependencies of ignition-transport8
[1.764s] -- Found Protobuf: /usr/lib/x86_64-linux-gnu/libprotobuf.so (found suitable version "3.12.4", minimum required is "3") 
[1.769s] -- Config-file not installed for ZeroMQ -- checking for pkg-config
[1.772s] -- Checking for module 'libzmq >= 4'
[1.781s] --   Found libzmq , version 4.3.4
[1.801s] -- Found ZeroMQ: TRUE (Required is at least version "4") 
[1.805s] -- Checking for module 'uuid'
[1.812s] --   Found uuid, version 2.37.2
[1.829s] -- Found UUID: TRUE  
[1.830s] -- Looking for ignition-msgs5 -- found version 5.8.1
[1.830s] -- Searching for dependencies of ignition-msgs5
[1.841s] -- Looking for ignition-math6 -- found version 6.15.0
[1.844s] -- Checking for module 'tinyxml2'
[1.851s] --   Found tinyxml2, version 9.0.0
[1.870s] -- Looking for ignition-msgs5 -- found version 5.8.1
[1.871s] -- Looking for ignition-common3 -- found version 3.14.0
[1.871s] -- Searching for dependencies of ignition-common3
[1.871s] -- Looking for dlfcn.h - found
[1.872s] -- Looking for libdl - found
[1.873s] -- Found DL: TRUE  
[1.880s] -- Found tinyobjloader: /usr/lib/x86_64-linux-gnu/cmake/tinyobjloader/tinyobjloader-config.cmake (found version "2.0.0") 
[1.881s] -- Searching for <ignition-common3> component [graphics]
[1.882s] -- Looking for ignition-common3-graphics -- found version 3.14.0
[1.882s] -- Searching for dependencies of ignition-common3-graphics
[1.883s] -- Looking for ignition-math6 -- found version 6.15.0
[1.885s] -- Looking for ignition-fuel_tools4 -- found version 4.4.0
[1.885s] -- Searching for dependencies of ignition-fuel_tools4
[1.927s] -- Found CURL: /usr/lib/x86_64-linux-gnu/libcurl.so (found version "7.81.0")  
[1.933s] -- Checking for module 'jsoncpp'
[1.940s] --   Found jsoncpp, version 1.9.5
[1.956s] -- Found JSONCPP: TRUE  
[1.960s] -- Checking for module 'libzip'
[1.967s] --   Found libzip, version 1.7.3
[1.984s] -- Found ZIP: TRUE  
[1.985s] -- Looking for ignition-common3 -- found version 3.14.0
[1.985s] -- Looking for ignition-math6 -- found version 6.15.0
[1.985s] -- Looking for ignition-msgs5 -- found version 5.8.1
[1.988s] -- Gazebo version: 11.10
[1.988s] -- Checking for module 'tbb'
[1.996s] --   Found tbb, version 2021.5.0
[2.019s] -- Found gazebo_msgs: 3.7.0 (/opt/ros/humble/share/gazebo_msgs/cmake)
[2.188s] -- Found sensor_msgs: 4.2.3 (/opt/ros/humble/share/sensor_msgs/cmake)
[2.261s] -- Found Protobuf: /usr/lib/x86_64-linux-gnu/libprotobuf.so (found version "3.12.4") 
[2.263s] -- Found rosidl_default_generators: 1.2.0 (/opt/ros/humble/share/rosidl_default_generators/cmake)
[2.451s] -- Found ament_cmake_ros: 0.10.0 (/opt/ros/humble/share/ament_cmake_ros/cmake)
[2.692s] -- Using all available rosidl_typesupport_c: rosidl_typesupport_fastrtps_c;rosidl_typesupport_introspection_c
[2.780s] -- Using all available rosidl_typesupport_cpp: rosidl_typesupport_fastrtps_cpp;rosidl_typesupport_introspection_cpp
[2.797s] -- Found PythonInterp: /usr/bin/python3 (found suitable version "3.10.12", minimum required is "3.6") 
[2.798s] -- Found python_cmake_module: 0.10.0 (/opt/ros/humble/share/python_cmake_module/cmake)
[2.817s] -- Found PythonLibs: /usr/lib/x86_64-linux-gnu/libpython3.10.so (found suitable version "3.10.12", minimum required is "3.5") 
[2.818s] -- Using PYTHON_EXECUTABLE: /usr/bin/python3
[2.818s] -- Using PYTHON_INCLUDE_DIRS: /usr/include/python3.10
[2.818s] -- Using PYTHON_LIBRARIES: /usr/lib/x86_64-linux-gnu/libpython3.10.so
[2.832s] -- Found PythonExtra: .so  
[2.882s] -- Found ament_lint_auto: 0.12.8 (/opt/ros/humble/share/ament_lint_auto/cmake)
[2.949s] -- Added test 'copyright' to check source files copyright and LICENSE
[2.986s] -- Added test 'cppcheck' to perform static code analysis on C / C++ code
[2.990s] -- Configured cppcheck include dirs: 
[2.990s] -- Configured cppcheck exclude dirs and/or files: 
[3.020s] -- Added test 'cpplint' to check C / C++ code against the Google style
[3.020s] -- Configured cpplint exclude dirs and/or files: 
[3.025s] -- Added test 'flake8' to check Python code syntax and style conventions
[3.035s] -- Added test 'lint_cmake' to check CMake code style
[3.039s] -- Added test 'pep257' to check Python code against some of the docstring style conventions in PEP 257
[3.070s] -- Added test 'uncrustify' to check C / C++ code style
[3.071s] -- Configured uncrustify additional arguments: 
[3.075s] -- Added test 'xmllint' to check XML markup files
[3.093s] -- Configuring done
[3.388s] -- Generating done
[3.406s] -- Build files have been written to: /media/apolline/B2C2CC8EC2CC586D/apolline/Ecole/ENSTA/M2/IS/benoit-pai-rob/ros2_ws/build/tennis_court
